#
# There is insufficient memory for the Java Runtime Environment to continue.
# Native memory allocation (mmap) failed to map 52428800 bytes for committing reserved memory.
# Possible reasons:
#   The system is out of physical RAM or swap space
#   The process is running with CompressedOops enabled, and the Java Heap may be blocking the growth of the native heap
# Possible solutions:
#   Reduce memory load on the system
#   Increase physical memory or swap space
#   Check if swap backing store is full
#   Decrease Java heap size (-Xmx/-Xms)
#   Decrease number of Java threads
#   Decrease Java thread stack sizes (-Xss)
#   Set larger code cache with -XX:ReservedCodeCacheSize=
#   JVM is running with Unscaled Compressed Oops mode in which the Java heap is
#     placed in the first 4GB address space. The Java Heap base address is the
#     maximum limit for the native heap growth. Please use -XX:HeapBaseMinAddress
#     to set the Java Heap base and to place the Java Heap above 4GB virtual address.
# This output file may be truncated or incomplete.
#
#  Out of Memory Error (os_linux.cpp:2753), pid=6931, tid=0x00007b7f6c26e700
#
# JRE version: OpenJDK Runtime Environment (8.0_202) (build 1.8.0_202-release-1483-b49-5587405)
# Java VM: OpenJDK 64-Bit Server VM (25.202-b49-5587405 mixed mode linux-amd64 compressed oops)
# Failed to write core dump. Core dumps have been disabled. To enable core dumping, try "ulimit -c unlimited" before starting Java again
#

---------------  T H R E A D  ---------------

Current thread (0x00007b7f84078000):  VMThread [stack: 0x00007b7f6c16f000,0x00007b7f6c26f000] [id=6944]

Stack: [0x00007b7f6c16f000,0x00007b7f6c26f000],  sp=0x00007b7f6c26d570,  free space=1017k
Native frames: (J=compiled Java code, j=interpreted, Vv=VM code, C=native code)
V  [libjvm.so+0xa08b78]  VMError::report_and_die()+0x148
V  [libjvm.so+0x4d412a]  report_vm_out_of_memory(char const*, int, unsigned long, VMErrorType, char const*)+0x8a
V  [libjvm.so+0x870478]  os::pd_commit_memory(char*, unsigned long, unsigned long, bool)+0xd8
V  [libjvm.so+0x867f9f]  os::commit_memory(char*, unsigned long, unsigned long, bool)+0x1f
V  [libjvm.so+0x8e14eb]  PSVirtualSpace::expand_by(unsigned long)+0x5b
V  [libjvm.so+0x8e2140]  PSYoungGen::resize_generation(unsigned long, unsigned long)+0xb0
V  [libjvm.so+0x8e245b]  PSYoungGen::resize(unsigned long, unsigned long)+0x1b
V  [libjvm.so+0x8deb8e]  PSScavenge::invoke_no_policy()+0xdce
V  [libjvm.so+0x8df348]  PSScavenge::invoke()+0x38
V  [libjvm.so+0x893763]  ParallelScavengeHeap::failed_mem_allocate(unsigned long)+0x63
V  [libjvm.so+0xa0a644]  VM_ParallelGCFailedAllocation::doit()+0x84
V  [libjvm.so+0xa0ea17]  VM_Operation::evaluate()+0x47
V  [libjvm.so+0xa0d498]  VMThread::evaluate_operation(VM_Operation*)+0x218
V  [libjvm.so+0xa0d8d1]  VMThread::loop()+0x1f1
V  [libjvm.so+0xa0dd02]  VMThread::run()+0x72
V  [libjvm.so+0x86d652]  java_start(Thread*)+0xf2

VM_Operation (0x00007b7f37097af0): ParallelGCFailedAllocation, mode: safepoint, requested by thread 0x00007b7f20008000


---------------  P R O C E S S  ---------------

Java Threads: ( => current thread )
  0x00007b7f1c891800 JavaThread "Cache worker for file hash cache (/home/pfredd/AndroidStudioProjects/GPXMap/.gradle/5.4.1/fileHashes)" [_thread_blocked, id=7069, stack(0x00007b7f36194000,0x00007b7f36295000)]
  0x00007b7f1c140800 JavaThread "Cache worker for journal cache (/home/pfredd/.gradle/caches/journal-1)" [_thread_blocked, id=7046, stack(0x00007b7f36695000,0x00007b7f36796000)]
  0x00007b7f00001800 JavaThread "File lock release action executor" [_thread_blocked, id=7045, stack(0x00007b7f36796000,0x00007b7f36897000)]
  0x00007b7f1c13d800 JavaThread "File lock request listener" [_thread_in_native, id=7042, stack(0x00007b7f36897000,0x00007b7f36998000)]
  0x00007b7f1c136000 JavaThread "Cache worker for file hash cache (/home/pfredd/.gradle/caches/5.4.1/fileHashes)" [_thread_blocked, id=7041, stack(0x00007b7f36998000,0x00007b7f36a99000)]
  0x00007b7f1c016800 JavaThread "Thread-9" [_thread_blocked, id=7032, stack(0x00007b7f36a99000,0x00007b7f36b9a000)]
  0x00007b7f1c00e000 JavaThread "Stdin handler" [_thread_blocked, id=7028, stack(0x00007b7f36d9a000,0x00007b7f36e9b000)]
  0x00007b7f1c00c000 JavaThread "Asynchronous log dispatcher for DefaultDaemonConnection: socket connection from /127.0.0.1:43137 to /127.0.0.1:50352" [_thread_blocked, id=7027, stack(0x00007b7f36e9b000,0x00007b7f36f9c000)]
  0x00007b7f20008000 JavaThread "Daemon worker" [_thread_blocked, id=7023, stack(0x00007b7f36f9c000,0x00007b7f3709d000)]
  0x00007b7f20006000 JavaThread "Cancel handler" [_thread_blocked, id=7022, stack(0x00007b7f3709d000,0x00007b7f3719e000)]
  0x00007b7f20003800 JavaThread "Handler for socket connection from /127.0.0.1:43137 to /127.0.0.1:50352" [_thread_in_native, id=7017, stack(0x00007b7f3719e000,0x00007b7f3729f000)]
  0x00007b7f2802b000 JavaThread "Daemon" [_thread_blocked, id=7014, stack(0x00007b7f3729f000,0x00007b7f373a0000)]
  0x00007b7f8505f800 JavaThread "Daemon periodic checks" [_thread_blocked, id=7013, stack(0x00007b7f373a0000,0x00007b7f374a1000)]
  0x00007b7f85043800 JavaThread "Incoming local TCP Connector on port 43137" [_thread_in_native, id=7008, stack(0x00007b7f374a8000,0x00007b7f375a9000)]
  0x00007b7f84e58800 JavaThread "Daemon health stats" [_thread_blocked, id=7001, stack(0x00007b7f377ad000,0x00007b7f378ae000)]
  0x00007b7f840d3000 JavaThread "Service Thread" daemon [_thread_blocked, id=6952, stack(0x00007b7f6785f000,0x00007b7f67960000)]
  0x00007b7f840be000 JavaThread "C1 CompilerThread2" daemon [_thread_blocked, id=6951, stack(0x00007b7f67961000,0x00007b7f67a61000)]
  0x00007b7f840bc000 JavaThread "C2 CompilerThread1" daemon [_thread_blocked, id=6950, stack(0x00007b7f67a62000,0x00007b7f67b62000)]
  0x00007b7f840b9000 JavaThread "C2 CompilerThread0" daemon [_thread_blocked, id=6949, stack(0x00007b7f67b63000,0x00007b7f67c63000)]
  0x00007b7f840b7800 JavaThread "Signal Dispatcher" daemon [_thread_blocked, id=6948, stack(0x00007b7f67c63000,0x00007b7f67d64000)]
  0x00007b7f84084800 JavaThread "Finalizer" daemon [_thread_blocked, id=6947, stack(0x00007b7f67eff000,0x00007b7f68000000)]
  0x00007b7f84082000 JavaThread "Reference Handler" daemon [_thread_blocked, id=6946, stack(0x00007b7f6c06d000,0x00007b7f6c16e000)]
  0x00007b7f8400a800 JavaThread "main" [_thread_blocked, id=6935, stack(0x00007b7f8b01b000,0x00007b7f8b11b000)]

Other Threads:
=>0x00007b7f84078000 VMThread [stack: 0x00007b7f6c16f000,0x00007b7f6c26f000] [id=6944]
  0x00007b7f840d5800 WatcherThread [stack: 0x00007b7f6775f000,0x00007b7f6785f000] [id=6953]

VM state:at safepoint (normal execution)

VM Mutex/Monitor currently owned by a thread:  ([mutex/lock_event])
[0x00007b7f84007070] Threads_lock - owner thread: 0x00007b7f84078000
[0x00007b7f84007570] Heap_lock - owner thread: 0x00007b7f20008000

heap address: 0x00000000a0000000, size: 1536 MB, Compressed Oops mode: 32-bit
Narrow klass base: 0x0000000000000000, Narrow klass shift: 3
Compressed class space size: 1073741824 Address: 0x0000000100000000

Heap:
 PSYoungGen      total 52224K, used 5089K [0x00000000e0000000, 0x00000000e3800000, 0x0000000100000000)
  eden space 47104K, 0% used [0x00000000e0000000,0x00000000e0000000,0x00000000e2e00000)
  from space 5120K, 99% used [0x00000000e2e00000,0x00000000e32f8480,0x00000000e3300000)
  to   space 5120K, 0% used [0x00000000e3300000,0x00000000e3300000,0x00000000e3800000)
 ParOldGen       total 30208K, used 8715K [0x00000000a0000000, 0x00000000a1d80000, 0x00000000e0000000)
  object space 30208K, 28% used [0x00000000a0000000,0x00000000a0882e50,0x00000000a1d80000)
 Metaspace       used 17165K, capacity 17534K, committed 17792K, reserved 1064960K
  class space    used 2485K, capacity 2613K, committed 2688K, reserved 1048576K

Card table byte_map: [0x00007b7f8861b000,0x00007b7f8891c000] byte_map_base: 0x00007b7f8811b000

Marking Bits: (ParMarkBitMap*) 0x00007b7f8a731920
 Begin Bits: [0x00007b7f6d000000, 0x00007b7f6e800000)
 End Bits:   [0x00007b7f6e800000, 0x00007b7f70000000)

Polling page: 0x00007b7f8b142000

CodeCache: size=245760Kb used=4737Kb max_used=4746Kb free=241022Kb
 bounds [0x00007b7f75000000, 0x00007b7f754b0000, 0x00007b7f84000000]
 total_blobs=1740 nmethods=1351 adapters=304
 compilation: enabled

Compilation events (10 events):
Event: 51.117 Thread 0x00007b7f840be000 nmethod 1498 0x00007b7f754a0790 code [0x00007b7f754a0960, 0x00007b7f754a11a8]
Event: 51.198 Thread 0x00007b7f840bc000 nmethod 1493 0x00007b7f754a4710 code [0x00007b7f754a4880, 0x00007b7f754a4b28]
Event: 51.198 Thread 0x00007b7f840bc000 1499       4       java.lang.Thread::interrupted (8 bytes)
Event: 51.199 Thread 0x00007b7f840bc000 nmethod 1499 0x00007b7f754a4d90 code [0x00007b7f754a4ee0, 0x00007b7f754a4f68]
Event: 51.276 Thread 0x00007b7f840bc000 1500       4       sun.misc.ASCIICaseInsensitiveComparator::compare (126 bytes)
Event: 51.283 Thread 0x00007b7f840bc000 nmethod 1500 0x00007b7f754a2b10 code [0x00007b7f754a2c80, 0x00007b7f754a2f58]
Event: 51.368 Thread 0x00007b7f840b9000 1501  s!   4       java.net.URLStreamHandler::getHostAddress (54 bytes)
Event: 51.390 Thread 0x00007b7f840b9000 nmethod 1501 0x00007b7f754a2550 code [0x00007b7f754a26a0, 0x00007b7f754a29d8]
Event: 51.401 Thread 0x00007b7f840be000 1503       3       java.lang.invoke.InvokerBytecodeGenerator::assertStaticType (58 bytes)
Event: 51.499 Thread 0x00007b7f840be000 nmethod 1503 0x00007b7f754a1b50 code [0x00007b7f754a1d00, 0x00007b7f754a2338]

GC Heap History (10 events):
Event: 13.806 GC heap after
Heap after GC invocations=2 (full 0):
 PSYoungGen      total 13312K, used 1504K [0x00000000e0000000, 0x00000000e1a00000, 0x0000000100000000)
  eden space 11776K, 0% used [0x00000000e0000000,0x00000000e0000000,0x00000000e0b80000)
  from space 1536K, 97% used [0x00000000e0d00000,0x00000000e0e78020,0x00000000e0e80000)
  to   space 1536K, 0% used [0x00000000e0b80000,0x00000000e0b80000,0x00000000e0d00000)
 ParOldGen       total 30208K, used 1773K [0x00000000a0000000, 0x00000000a1d80000, 0x00000000e0000000)
  object space 30208K, 5% used [0x00000000a0000000,0x00000000a01bb578,0x00000000a1d80000)
 Metaspace       used 6485K, capacity 6608K, committed 6784K, reserved 1056768K
  class space    used 801K, capacity 844K, committed 896K, reserved 1048576K
}
Event: 15.617 GC heap before
{Heap before GC invocations=3 (full 0):
 PSYoungGen      total 13312K, used 13280K [0x00000000e0000000, 0x00000000e1a00000, 0x0000000100000000)
  eden space 11776K, 100% used [0x00000000e0000000,0x00000000e0b80000,0x00000000e0b80000)
  from space 1536K, 97% used [0x00000000e0d00000,0x00000000e0e78020,0x00000000e0e80000)
  to   space 1536K, 0% used [0x00000000e0b80000,0x00000000e0b80000,0x00000000e0d00000)
 ParOldGen       total 30208K, used 1773K [0x00000000a0000000, 0x00000000a1d80000, 0x00000000e0000000)
  object space 30208K, 5% used [0x00000000a0000000,0x00000000a01bb578,0x00000000a1d80000)
 Metaspace       used 6580K, capacity 6736K, committed 7040K, reserved 1056768K
  class space    used 802K, capacity 844K, committed 896K, reserved 1048576K
Event: 15.638 GC heap after
Heap after GC invocations=3 (full 0):
 PSYoungGen      total 13312K, used 1520K [0x00000000e0000000, 0x00000000e1a00000, 0x0000000100000000)
  eden space 11776K, 0% used [0x00000000e0000000,0x00000000e0000000,0x00000000e0b80000)
  from space 1536K, 98% used [0x00000000e0b80000,0x00000000e0cfc010,0x00000000e0d00000)
  to   space 1536K, 0% used [0x00000000e1880000,0x00000000e1880000,0x00000000e1a00000)
 ParOldGen       total 30208K, used 2052K [0x00000000a0000000, 0x00000000a1d80000, 0x00000000e0000000)
  object space 30208K, 6% used [0x00000000a0000000,0x00000000a0201058,0x00000000a1d80000)
 Metaspace       used 6580K, capacity 6736K, committed 7040K, reserved 1056768K
  class space    used 802K, capacity 844K, committed 896K, reserved 1048576K
}
Event: 20.173 GC heap before
{Heap before GC invocations=4 (full 0):
 PSYoungGen      total 13312K, used 13296K [0x00000000e0000000, 0x00000000e1a00000, 0x0000000100000000)
  eden space 11776K, 100% used [0x00000000e0000000,0x00000000e0b80000,0x00000000e0b80000)
  from space 1536K, 98% used [0x00000000e0b80000,0x00000000e0cfc010,0x00000000e0d00000)
  to   space 1536K, 0% used [0x00000000e1880000,0x00000000e1880000,0x00000000e1a00000)
 ParOldGen       total 30208K, used 2052K [0x00000000a0000000, 0x00000000a1d80000, 0x00000000e0000000)
  object space 30208K, 6% used [0x00000000a0000000,0x00000000a0201058,0x00000000a1d80000)
 Metaspace       used 6848K, capacity 7018K, committed 7168K, reserved 1056768K
  class space    used 853K, capacity 917K, committed 1024K, reserved 1048576K
Event: 20.734 GC heap after
Heap after GC invocations=4 (full 0):
 PSYoungGen      total 25088K, used 1504K [0x00000000e0000000, 0x00000000e1a00000, 0x0000000100000000)
  eden space 23552K, 0% used [0x00000000e0000000,0x00000000e0000000,0x00000000e1700000)
  from space 1536K, 97% used [0x00000000e1880000,0x00000000e19f8020,0x00000000e1a00000)
  to   space 1536K, 0% used [0x00000000e1700000,0x00000000e1700000,0x00000000e1880000)
 ParOldGen       total 30208K, used 3219K [0x00000000a0000000, 0x00000000a1d80000, 0x00000000e0000000)
  object space 30208K, 10% used [0x00000000a0000000,0x00000000a0324e88,0x00000000a1d80000)
 Metaspace       used 6848K, capacity 7018K, committed 7168K, reserved 1056768K
  class space    used 853K, capacity 917K, committed 1024K, reserved 1048576K
}
Event: 30.678 GC heap before
{Heap before GC invocations=5 (full 0):
 PSYoungGen      total 25088K, used 25056K [0x00000000e0000000, 0x00000000e1a00000, 0x0000000100000000)
  eden space 23552K, 100% used [0x00000000e0000000,0x00000000e1700000,0x00000000e1700000)
  from space 1536K, 97% used [0x00000000e1880000,0x00000000e19f8020,0x00000000e1a00000)
  to   space 1536K, 0% used [0x00000000e1700000,0x00000000e1700000,0x00000000e1880000)
 ParOldGen       total 30208K, used 3219K [0x00000000a0000000, 0x00000000a1d80000, 0x00000000e0000000)
  object space 30208K, 10% used [0x00000000a0000000,0x00000000a0324e88,0x00000000a1d80000)
 Metaspace       used 11338K, capacity 11694K, committed 11904K, reserved 1058816K
  class space    used 1511K, capacity 1619K, committed 1664K, reserved 1048576K
Event: 30.984 GC heap after
Heap after GC invocations=5 (full 0):
 PSYoungGen      total 25088K, used 1504K [0x00000000e0000000, 0x00000000e3800000, 0x0000000100000000)
  eden space 23552K, 0% used [0x00000000e0000000,0x00000000e0000000,0x00000000e1700000)
  from space 1536K, 97% used [0x00000000e1700000,0x00000000e1878030,0x00000000e1880000)
  to   space 5120K, 0% used [0x00000000e3300000,0x00000000e3300000,0x00000000e3800000)
 ParOldGen       total 30208K, used 6422K [0x00000000a0000000, 0x00000000a1d80000, 0x00000000e0000000)
  object space 30208K, 21% used [0x00000000a0000000,0x00000000a0645ba0,0x00000000a1d80000)
 Metaspace       used 11338K, capacity 11694K, committed 11904K, reserved 1058816K
  class space    used 1511K, capacity 1619K, committed 1664K, reserved 1048576K
}
Event: 37.118 GC heap before
{Heap before GC invocations=6 (full 0):
 PSYoungGen      total 25088K, used 25056K [0x00000000e0000000, 0x00000000e3800000, 0x0000000100000000)
  eden space 23552K, 100% used [0x00000000e0000000,0x00000000e1700000,0x00000000e1700000)
  from space 1536K, 97% used [0x00000000e1700000,0x00000000e1878030,0x00000000e1880000)
  to   space 5120K, 0% used [0x00000000e3300000,0x00000000e3300000,0x00000000e3800000)
 ParOldGen       total 30208K, used 6422K [0x00000000a0000000, 0x00000000a1d80000, 0x00000000e0000000)
  object space 30208K, 21% used [0x00000000a0000000,0x00000000a0645ba0,0x00000000a1d80000)
 Metaspace       used 13215K, capacity 13676K, committed 13824K, reserved 1060864K
  class space    used 1825K, capacity 1962K, committed 2048K, reserved 1048576K
Event: 37.354 GC heap after
Heap after GC invocations=6 (full 0):
 PSYoungGen      total 52224K, used 3984K [0x00000000e0000000, 0x00000000e3800000, 0x0000000100000000)
  eden space 47104K, 0% used [0x00000000e0000000,0x00000000e0000000,0x00000000e2e00000)
  from space 5120K, 77% used [0x00000000e3300000,0x00000000e36e4300,0x00000000e3800000)
  to   space 5120K, 0% used [0x00000000e2e00000,0x00000000e2e00000,0x00000000e3300000)
 ParOldGen       total 30208K, used 6422K [0x00000000a0000000, 0x00000000a1d80000, 0x00000000e0000000)
  object space 30208K, 21% used [0x00000000a0000000,0x00000000a0645ba0,0x00000000a1d80000)
 Metaspace       used 13215K, capacity 13676K, committed 13824K, reserved 1060864K
  class space    used 1825K, capacity 1962K, committed 2048K, reserved 1048576K
}
Event: 51.550 GC heap before
{Heap before GC invocations=7 (full 0):
 PSYoungGen      total 52224K, used 51088K [0x00000000e0000000, 0x00000000e3800000, 0x0000000100000000)
  eden space 47104K, 100% used [0x00000000e0000000,0x00000000e2e00000,0x00000000e2e00000)
  from space 5120K, 77% used [0x00000000e3300000,0x00000000e36e4300,0x00000000e3800000)
  to   space 5120K, 0% used [0x00000000e2e00000,0x00000000e2e00000,0x00000000e3300000)
 ParOldGen       total 30208K, used 6422K [0x00000000a0000000, 0x00000000a1d80000, 0x00000000e0000000)
  object space 30208K, 21% used [0x00000000a0000000,0x00000000a0645ba0,0x00000000a1d80000)
 Metaspace       used 17165K, capacity 17534K, committed 17792K, reserved 1064960K
  class space    used 2485K, capacity 2613K, committed 2688K, reserved 1048576K

Deoptimization events (10 events):
Event: 25.117 Thread 0x00007b7f8400a800 Uncommon trap: reason=class_check action=maybe_recompile pc=0x00007b7f7526492c method=java.util.HashMap.putVal(ILjava/lang/Object;Ljava/lang/Object;ZZ)Ljava/lang/Object; @ 203
Event: 29.546 Thread 0x00007b7f20003800 Uncommon trap: reason=unstable_if action=reinterpret pc=0x00007b7f753679f4 method=java.util.concurrent.ConcurrentHashMap.putVal(Ljava/lang/Object;Ljava/lang/Object;Z)Ljava/lang/Object; @ 206
Event: 31.874 Thread 0x00007b7f20008000 Uncommon trap: reason=class_check action=maybe_recompile pc=0x00007b7f7526492c method=java.util.HashMap.putVal(ILjava/lang/Object;Ljava/lang/Object;ZZ)Ljava/lang/Object; @ 203
Event: 31.874 Thread 0x00007b7f20008000 Uncommon trap: reason=class_check action=maybe_recompile pc=0x00007b7f7526492c method=java.util.HashMap.putVal(ILjava/lang/Object;Ljava/lang/Object;ZZ)Ljava/lang/Object; @ 203
Event: 31.875 Thread 0x00007b7f20008000 Uncommon trap: reason=class_check action=maybe_recompile pc=0x00007b7f7526492c method=java.util.HashMap.putVal(ILjava/lang/Object;Ljava/lang/Object;ZZ)Ljava/lang/Object; @ 203
Event: 36.566 Thread 0x00007b7f20008000 Uncommon trap: reason=class_check action=maybe_recompile pc=0x00007b7f752a16cc method=java.util.regex.Matcher.match(II)Z @ 86
Event: 36.701 Thread 0x00007b7f20008000 Uncommon trap: reason=class_check action=maybe_recompile pc=0x00007b7f752a16cc method=java.util.regex.Matcher.match(II)Z @ 86
Event: 36.725 Thread 0x00007b7f20008000 Uncommon trap: reason=class_check action=maybe_recompile pc=0x00007b7f752a16cc method=java.util.regex.Matcher.match(II)Z @ 86
Event: 36.726 Thread 0x00007b7f20008000 Uncommon trap: reason=class_check action=maybe_recompile pc=0x00007b7f75268c04 method=java.util.regex.Matcher.match(II)Z @ 86
Event: 46.492 Thread 0x00007b7f20008000 Uncommon trap: reason=unstable_if action=reinterpret pc=0x00007b7f7535cd54 method=java.lang.String.lastIndexOf([CII[CIII)I @ 66

Classes redefined (0 events):
No events

Internal exceptions (10 events):
Event: 29.607 Thread 0x00007b7f20003800 Exception <a 'java/lang/NoSuchMethodError': <clinit>> (0x00000000e1560c18) thrown at [/usr/local/google/buildbot/src/googleplex-android/openjdk/out/hotspot/src/share/vm/prims/jni.cpp, line 1614]
Event: 29.672 Thread 0x00007b7f20003800 Exception <a 'java/lang/NoSuchMethodError': <clinit>> (0x00000000e1575a30) thrown at [/usr/local/google/buildbot/src/googleplex-android/openjdk/out/hotspot/src/share/vm/prims/jni.cpp, line 1614]
Event: 29.725 Thread 0x00007b7f20003800 Exception <a 'java/lang/NoSuchMethodError': <clinit>> (0x00000000e1588ec8) thrown at [/usr/local/google/buildbot/src/googleplex-android/openjdk/out/hotspot/src/share/vm/prims/jni.cpp, line 1614]
Event: 29.773 Thread 0x00007b7f20003800 Exception <a 'java/lang/NoSuchMethodError': <clinit>> (0x00000000e15b02a8) thrown at [/usr/local/google/buildbot/src/googleplex-android/openjdk/out/hotspot/src/share/vm/prims/jni.cpp, line 1614]
Event: 29.893 Thread 0x00007b7f20003800 Exception <a 'java/lang/NoSuchMethodError': <clinit>> (0x00000000e15c83a0) thrown at [/usr/local/google/buildbot/src/googleplex-android/openjdk/out/hotspot/src/share/vm/prims/jni.cpp, line 1614]
Event: 29.944 Thread 0x00007b7f20003800 Exception <a 'java/lang/NoSuchMethodError': <clinit>> (0x00000000e15d1030) thrown at [/usr/local/google/buildbot/src/googleplex-android/openjdk/out/hotspot/src/share/vm/prims/jni.cpp, line 1614]
Event: 29.952 Thread 0x00007b7f20003800 Exception <a 'java/lang/NoSuchMethodError': <clinit>> (0x00000000e15e75c0) thrown at [/usr/local/google/buildbot/src/googleplex-android/openjdk/out/hotspot/src/share/vm/prims/jni.cpp, line 1614]
Event: 30.242 Thread 0x00007b7f20003800 Exception <a 'java/lang/NoSuchMethodError': <clinit>> (0x00000000e1647658) thrown at [/usr/local/google/buildbot/src/googleplex-android/openjdk/out/hotspot/src/share/vm/prims/jni.cpp, line 1614]
Event: 30.419 Thread 0x00007b7f20003800 Exception <a 'java/lang/NoSuchMethodError': <clinit>> (0x00000000e1674270) thrown at [/usr/local/google/buildbot/src/googleplex-android/openjdk/out/hotspot/src/share/vm/prims/jni.cpp, line 1614]
Event: 30.436 Thread 0x00007b7f20003800 Exception <a 'java/lang/NoSuchMethodError': <clinit>> (0x00000000e168e778) thrown at [/usr/local/google/buildbot/src/googleplex-android/openjdk/out/hotspot/src/share/vm/prims/jni.cpp, line 1614]

Events (10 events):
Event: 51.499 loading class org/gradle/api/internal/artifacts/DependencyServices$DependencyManagementGradleServices done
Event: 51.533 loading class org/gradle/api/internal/artifacts/transform/TransformationNodeRegistry
Event: 51.533 loading class org/gradle/api/internal/artifacts/transform/TransformationNodeRegistry done
Event: 51.536 loading class org/gradle/api/internal/artifacts/transform/TransformationNodeExecutor
Event: 51.536 loading class org/gradle/api/internal/artifacts/transform/TransformationNodeExecutor done
Event: 51.543 loading class org/gradle/api/internal/artifacts/transform/TransformationNodeDependencyResolver
Event: 51.543 loading class org/gradle/api/internal/artifacts/transform/TransformationNodeDependencyResolver done
Event: 51.548 loading class org/gradle/language/java/internal/JavaLanguagePluginServiceRegistry$JavaGradleScopeServices
Event: 51.548 loading class org/gradle/language/java/internal/JavaLanguagePluginServiceRegistry$JavaGradleScopeServices done
Event: 51.550 Executing VM operation: ParallelGCFailedAllocation


Dynamic libraries:
00400000-00401000 r-xp 00000000 00:28 56724                              /opt/android-studio/jre/bin/java
00401000-00402000 rw-p 00000000 00:28 56724                              /opt/android-studio/jre/bin/java
01e28000-01e49000 rw-p 00000000 00:00 0                                  [heap]
a0000000-a1d80000 rw-p 00000000 00:00 0 
a1d80000-e0000000 ---p 00000000 00:00 0 
e0000000-e3800000 rw-p 00000000 00:00 0 
e6a00000-100000000 ---p 00000000 00:00 0 
100000000-1002a0000 rw-p 00000000 00:00 0 
1002a0000-140000000 ---p 00000000 00:00 0 
7b7ef8000000-7b7ef8021000 rw-p 00000000 00:00 0 
7b7ef8021000-7b7efc000000 ---p 00000000 00:00 0 
7b7efc000000-7b7efc021000 rw-p 00000000 00:00 0 
7b7efc021000-7b7f00000000 ---p 00000000 00:00 0 
7b7f00000000-7b7f00021000 rw-p 00000000 00:00 0 
7b7f00021000-7b7f04000000 ---p 00000000 00:00 0 
7b7f04000000-7b7f04021000 rw-p 00000000 00:00 0 
7b7f04021000-7b7f08000000 ---p 00000000 00:00 0 
7b7f08000000-7b7f08021000 rw-p 00000000 00:00 0 
7b7f08021000-7b7f0c000000 ---p 00000000 00:00 0 
7b7f0c000000-7b7f0c021000 rw-p 00000000 00:00 0 
7b7f0c021000-7b7f10000000 ---p 00000000 00:00 0 
7b7f10000000-7b7f102c1000 rw-p 00000000 00:00 0 
7b7f102c1000-7b7f14000000 ---p 00000000 00:00 0 
7b7f14000000-7b7f14021000 rw-p 00000000 00:00 0 
7b7f14021000-7b7f18000000 ---p 00000000 00:00 0 
7b7f18000000-7b7f18021000 rw-p 00000000 00:00 0 
7b7f18021000-7b7f1c000000 ---p 00000000 00:00 0 
7b7f1c000000-7b7f1c914000 rw-p 00000000 00:00 0 
7b7f1c914000-7b7f20000000 ---p 00000000 00:00 0 
7b7f20000000-7b7f20021000 rw-p 00000000 00:00 0 
7b7f20021000-7b7f24000000 ---p 00000000 00:00 0 
7b7f24000000-7b7f24032000 rw-p 00000000 00:00 0 
7b7f24032000-7b7f28000000 ---p 00000000 00:00 0 
7b7f28000000-7b7f28067000 rw-p 00000000 00:00 0 
7b7f28067000-7b7f2c000000 ---p 00000000 00:00 0 
7b7f2c000000-7b7f2c021000 rw-p 00000000 00:00 0 
7b7f2c021000-7b7f30000000 ---p 00000000 00:00 0 
7b7f30000000-7b7f30021000 rw-p 00000000 00:00 0 
7b7f30021000-7b7f34000000 ---p 00000000 00:00 0 
7b7f36194000-7b7f36197000 ---p 00000000 00:00 0 
7b7f36197000-7b7f36355000 rw-p 00000000 00:00 0 
7b7f36355000-7b7f36495000 ---p 00000000 00:00 0 
7b7f36495000-7b7f36695000 rw-p 00000000 00:00 0 
7b7f36695000-7b7f36698000 ---p 00000000 00:00 0 
7b7f36698000-7b7f36796000 rw-p 00000000 00:00 0 
7b7f36796000-7b7f36799000 ---p 00000000 00:00 0 
7b7f36799000-7b7f36897000 rw-p 00000000 00:00 0 
7b7f36897000-7b7f3689a000 ---p 00000000 00:00 0 
7b7f3689a000-7b7f36998000 rw-p 00000000 00:00 0 
7b7f36998000-7b7f3699b000 ---p 00000000 00:00 0 
7b7f3699b000-7b7f36a99000 rw-p 00000000 00:00 0 
7b7f36a99000-7b7f36a9c000 ---p 00000000 00:00 0 
7b7f36a9c000-7b7f36d9a000 rw-p 00000000 00:00 0 
7b7f36d9a000-7b7f36d9d000 ---p 00000000 00:00 0 
7b7f36d9d000-7b7f36e9b000 rw-p 00000000 00:00 0 
7b7f36e9b000-7b7f36e9e000 ---p 00000000 00:00 0 
7b7f36e9e000-7b7f36f9c000 rw-p 00000000 00:00 0 
7b7f36f9c000-7b7f36f9f000 ---p 00000000 00:00 0 
7b7f36f9f000-7b7f3709d000 rw-p 00000000 00:00 0 
7b7f3709d000-7b7f370a0000 ---p 00000000 00:00 0 
7b7f370a0000-7b7f3719e000 rw-p 00000000 00:00 0 
7b7f3719e000-7b7f371a1000 ---p 00000000 00:00 0 
7b7f371a1000-7b7f3729f000 rw-p 00000000 00:00 0 
7b7f3729f000-7b7f372a2000 ---p 00000000 00:00 0 
7b7f372a2000-7b7f373a0000 rw-p 00000000 00:00 0 
7b7f373a0000-7b7f373a3000 ---p 00000000 00:00 0 
7b7f373a3000-7b7f374a1000 rw-p 00000000 00:00 0 
7b7f374a1000-7b7f374a8000 r--s 00000000 00:28 62483                      /usr/lib/x86_64-linux-gnu/gconv/gconv-modules.cache
7b7f374a8000-7b7f374ab000 ---p 00000000 00:00 0 
7b7f374ab000-7b7f375a9000 rw-p 00000000 00:00 0 
7b7f375a9000-7b7f375ad000 r--s 000a1000 00:28 56883                      /opt/android-studio/jre/jre/lib/jsse.jar
7b7f375ad000-7b7f377ad000 rw-p 00000000 00:00 0 
7b7f377ad000-7b7f377b0000 ---p 00000000 00:00 0 
7b7f377b0000-7b7f378ae000 rw-p 00000000 00:00 0 
7b7f378ae000-7b7f378b6000 r-xp 00000000 00:28 56815                      /opt/android-studio/jre/jre/lib/amd64/libmanagement.so
7b7f378b6000-7b7f378b7000 rw-p 00007000 00:28 56815                      /opt/android-studio/jre/jre/lib/amd64/libmanagement.so
7b7f378b7000-7b7f378b9000 r--s 0000f000 00:28 9610                       /home/pfredd/.gradle/wrapper/dists/gradle-5.4.1-all/3221gyojl5jsh0helicew7rwx/gradle-5.4.1/lib/plugins/gradle-tooling-api-builders-5.4.1.jar
7b7f378b9000-7b7f378ba000 r--s 00005000 00:28 9569                       /home/pfredd/.gradle/wrapper/dists/gradle-5.4.1-all/3221gyojl5jsh0helicew7rwx/gradle-5.4.1/lib/plugins/gradle-build-profile-5.4.1.jar
7b7f378ba000-7b7f378bc000 r--s 00003000 00:28 9611                       /home/pfredd/.gradle/wrapper/dists/gradle-5.4.1-all/3221gyojl5jsh0helicew7rwx/gradle-5.4.1/lib/plugins/gradle-tooling-native-5.4.1.jar
7b7f378bc000-7b7f378c0000 r--s 00017000 00:28 9609                       /home/pfredd/.gradle/wrapper/dists/gradle-5.4.1-all/3221gyojl5jsh0helicew7rwx/gradle-5.4.1/lib/plugins/gradle-testing-native-5.4.1.jar
7b7f378c0000-7b7f378c2000 r--s 0000f000 00:28 9626                       /home/pfredd/.gradle/wrapper/dists/gradle-5.4.1-all/3221gyojl5jsh0helicew7rwx/gradle-5.4.1/lib/plugins/jcommander-1.72.jar
7b7f378c2000-7b7f378cb000 r--s 00089000 00:28 9660                       /home/pfredd/.gradle/wrapper/dists/gradle-5.4.1-all/3221gyojl5jsh0helicew7rwx/gradle-5.4.1/lib/plugins/testng-6.3.1.jar
7b7f378cb000-7b7f378d0000 r--s 0005a000 00:28 9556                       /home/pfredd/.gradle/wrapper/dists/gradle-5.4.1-all/3221gyojl5jsh0helicew7rwx/gradle-5.4.1/lib/plugins/bsh-2.0b6.jar
7b7f378d0000-7b7f378d4000 r--s 0001c000 00:28 9608                       /home/pfredd/.gradle/wrapper/dists/gradle-5.4.1-all/3221gyojl5jsh0helicew7rwx/gradle-5.4.1/lib/plugins/gradle-testing-jvm-5.4.1.jar
7b7f378d4000-7b7f378d7000 r--s 00011000 00:28 9631                       /home/pfredd/.gradle/wrapper/dists/gradle-5.4.1-all/3221gyojl5jsh0helicew7rwx/gradle-5.4.1/lib/plugins/junit-platform-commons-1.3.1.jar
7b7f378d7000-7b7f378d8000 r--s 00001000 00:28 9646                       /home/pfredd/.gradle/wrapper/dists/gradle-5.4.1-all/3221gyojl5jsh0helicew7rwx/gradle-5.4.1/lib/plugins/opentest4j-1.1.1.jar
7b7f378d8000-7b7f378dc000 r--s 0001d000 00:28 9632                       /home/pfredd/.gradle/wrapper/dists/gradle-5.4.1-all/3221gyojl5jsh0helicew7rwx/gradle-5.4.1/lib/plugins/junit-platform-engine-1.3.1.jar
7b7f378dc000-7b7f378dd000 r--s 00000000 00:28 9548                       /home/pfredd/.gradle/wrapper/dists/gradle-5.4.1-all/3221gyojl5jsh0helicew7rwx/gradle-5.4.1/lib/plugins/apiguardian-api-1.0.0.jar
7b7f378dd000-7b7f378e0000 r--s 00015000 00:28 9633                       /home/pfredd/.gradle/wrapper/dists/gradle-5.4.1-all/3221gyojl5jsh0helicew7rwx/gradle-5.4.1/lib/plugins/junit-platform-launcher-1.3.1.jar
7b7f378e0000-7b7f378e2000 r--s 00009000 00:28 9615                       /home/pfredd/.gradle/wrapper/dists/gradle-5.4.1-all/3221gyojl5jsh0helicew7rwx/gradle-5.4.1/lib/plugins/hamcrest-core-1.3.jar
7b7f378e2000-7b7f378ea000 r--s 00045000 00:28 9630                       /home/pfredd/.gradle/wrapper/dists/gradle-5.4.1-all/3221gyojl5jsh0helicew7rwx/gradle-5.4.1/lib/plugins/junit-4.12.jar
7b7f378ea000-7b7f378eb000 r--s 00003000 00:28 9607                       /home/pfredd/.gradle/wrapper/dists/gradle-5.4.1-all/3221gyojl5jsh0helicew7rwx/gradle-5.4.1/lib/plugins/gradle-testing-junit-platform-5.4.1.jar
7b7f378eb000-7b7f378f3000 r--s 00034000 00:28 9606                       /home/pfredd/.gradle/wrapper/dists/gradle-5.4.1-all/3221gyojl5jsh0helicew7rwx/gradle-5.4.1/lib/plugins/gradle-testing-base-5.4.1.jar
7b7f378f3000-7b7f378fb000 r--s 00048000 00:28 9553                       /home/pfredd/.gradle/wrapper/dists/gradle-5.4.1-all/3221gyojl5jsh0helicew7rwx/gradle-5.4.1/lib/plugins/bcpg-jdk15on-1.61.jar
7b7f378fb000-7b7f378fd000 r--s 0000f000 00:28 9604                       /home/pfredd/.gradle/wrapper/dists/gradle-5.4.1-all/3221gyojl5jsh0helicew7rwx/gradle-5.4.1/lib/plugins/gradle-signing-5.4.1.jar
7b7f378fd000-7b7f378ff000 r--s 00009000 00:28 9603                       /home/pfredd/.gradle/wrapper/dists/gradle-5.4.1-all/3221gyojl5jsh0helicew7rwx/gradle-5.4.1/lib/plugins/gradle-scala-5.4.1.jar
7b7f378ff000-7b7f37900000 r--s 00004000 00:28 9602                       /home/pfredd/.gradle/wrapper/dists/gradle-5.4.1-all/3221gyojl5jsh0helicew7rwx/gradle-5.4.1/lib/plugins/gradle-resources-sftp-5.4.1.jar
7b7f37900000-7b7f37909000 r--s 0005b000 00:28 9551                       /home/pfredd/.gradle/wrapper/dists/gradle-5.4.1-all/3221gyojl5jsh0helicew7rwx/gradle-5.4.1/lib/plugins/aws-java-sdk-kms-1.11.407.jar
7b7f37909000-7b7f3790b000 r--s 00005000 00:28 9627                       /home/pfredd/.gradle/wrapper/dists/gradle-5.4.1-all/3221gyojl5jsh0helicew7rwx/gradle-5.4.1/lib/plugins/jmespath-java-1.11.407.jar
7b7f3790b000-7b7f3791e000 r--s 000ca000 00:28 9552                       /home/pfredd/.gradle/wrapper/dists/gradle-5.4.1-all/3221gyojl5jsh0helicew7rwx/gradle-5.4.1/lib/plugins/aws-java-sdk-s3-1.11.407.jar
7b7f3791e000-7b7f37928000 r--s 00081000 00:28 9618                       /home/pfredd/.gradle/wrapper/dists/gradle-5.4.1-all/3221gyojl5jsh0helicew7rwx/gradle-5.4.1/lib/plugins/ion-java-1.0.2.jar
7b7f37928000-7b7f3793e000 r--s 000ca000 00:28 9550                       /home/pfredd/.gradle/wrapper/dists/gradle-5.4.1-all/3221gyojl5jsh0helicew7rwx/gradle-5.4.1/lib/plugins/aws-java-sdk-core-1.11.407.jar
7b7f3793e000-7b7f37940000 r--s 00004000 00:28 9601                       /home/pfredd/.gradle/wrapper/dists/gradle-5.4.1-all/3221gyojl5jsh0helicew7rwx/gradle-5.4.1/lib/plugins/gradle-resources-s3-5.4.1.jar
7b7f37940000-7b7f37951000 r--s 0008c000 00:28 9628                       /home/pfredd/.gradle/wrapper/dists/gradle-5.4.1-all/3221gyojl5jsh0helicew7rwx/gradle-5.4.1/lib/plugins/joda-time-2.10.jar
7b7f37951000-7b7f37963000 r--s 00137000 00:28 9622                       /home/pfredd/.gradle/wrapper/dists/gradle-5.4.1-all/3221gyojl5jsh0helicew7rwx/gradle-5.4.1/lib/plugins/jackson-databind-2.9.8.jar
7b7f37963000-7b7f37966000 r--s 0000e000 00:28 9620                       /home/pfredd/.gradle/wrapper/dists/gradle-5.4.1-all/3221gyojl5jsh0helicew7rwx/gradle-5.4.1/lib/plugins/jackson-annotations-2.9.8.jar
7b7f37966000-7b7f3796a000 r--s 0004c000 00:28 9621                       /home/pfredd/.gradle/wrapper/dists/gradle-5.4.1-all/3221gyojl5jsh0helicew7rwx/gradle-5.4.1/lib/plugins/jackson-core-2.9.8.jar
7b7f3796a000-7b7f3796b000 r--s 00001000 00:28 9562                       /home/pfredd/.gradle/wrapper/dists/gradle-5.4.1-all/3221gyojl5jsh0helicew7rwx/gradle-5.4.1/lib/plugins/google-http-client-jackson2-1.25.0.jar
7b7f3796b000-7b7f37975000 r--s 00056000 00:28 9561                       /home/pfredd/.gradle/wrapper/dists/gradle-5.4.1-all/3221gyojl5jsh0helicew7rwx/gradle-5.4.1/lib/plugins/google-http-client-1.25.0.jar
7b7f37975000-7b7f37978000 r--s 0000d000 00:28 9563                       /home/pfredd/.gradle/wrapper/dists/gradle-5.4.1-all/3221gyojl5jsh0helicew7rwx/gradle-5.4.1/lib/plugins/google-oauth-client-1.25.0.jar
7b7f37978000-7b7f3797d000 r--s 0002d000 00:28 9559                       /home/pfredd/.gradle/wrapper/dists/gradle-5.4.1-all/3221gyojl5jsh0helicew7rwx/gradle-5.4.1/lib/plugins/google-api-client-1.25.0.jar
7b7f3797d000-7b7f37981000 r--s 0001d000 00:28 9560                       /home/pfredd/.gradle/wrapper/dists/gradle-5.4.1-all/3221gyojl5jsh0helicew7rwx/gradle-5.4.1/lib/plugins/google-api-services-storage-v1-rev136-1.25.0.jar
7b7f37981000-7b7f37983000 r--s 00003000 00:28 9599                       /home/pfredd/.gradle/wrapper/dists/gradle-5.4.1-all/3221gyojl5jsh0helicew7rwx/gradle-5.4.1/lib/plugins/gradle-resources-gcs-5.4.1.jar
7b7f37983000-7b7f37985000 r--s 00010000 00:28 9598                       /home/pfredd/.gradle/wrapper/dists/gradle-5.4.1-all/3221gyojl5jsh0helicew7rwx/gradle-5.4.1/lib/plugins/gradle-reporting-5.4.1.jar
7b7f37985000-7b7f37987000 r--s 00008000 00:28 9597                       /home/pfredd/.gradle/wrapper/dists/gradle-5.4.1-all/3221gyojl5jsh0helicew7rwx/gradle-5.4.1/lib/plugins/gradle-publish-5.4.1.jar
7b7f37987000-7b7f3798f000 r--s 00046000 00:28 9596                       /home/pfredd/.gradle/wrapper/dists/gradle-5.4.1-all/3221gyojl5jsh0helicew7rwx/gradle-5.4.1/lib/plugins/gradle-plugins-5.4.1.jar
7b7f3798f000-7b7f37991000 r--s 0000c000 00:28 9594                       /home/pfredd/.gradle/wrapper/dists/gradle-5.4.1-all/3221gyojl5jsh0helicew7rwx/gradle-5.4.1/lib/plugins/gradle-plugin-development-5.4.1.jar
7b7f37991000-7b7f37997000 r--s 00030000 00:28 9593                       /home/pfredd/.gradle/wrapper/dists/gradle-5.4.1-all/3221gyojl5jsh0helicew7rwx/gradle-5.4.1/lib/plugins/gradle-platform-play-5.4.1.jar
7b7f37997000-7b7f3799d000 r--s 0003d000 00:28 9659                       /home/pfredd/.gradle/wrapper/dists/gradle-5.4.1-all/3221gyojl5jsh0helicew7rwx/gradle-5.4.1/lib/plugins/snakeyaml-1.17.jar
7b7f3799d000-7b7f379af000 r--s 00078000 00:28 9592                       /home/pfredd/.gradle/wrapper/dists/gradle-5.4.1-all/3221gyojl5jsh0helicew7rwx/gradle-5.4.1/lib/plugins/gradle-platform-native-5.4.1.jar
7b7f379af000-7b7f379b3000 r--s 0001b000 00:28 9591                       /home/pfredd/.gradle/wrapper/dists/gradle-5.4.1-all/3221gyojl5jsh0helicew7rwx/gradle-5.4.1/lib/plugins/gradle-platform-jvm-5.4.1.jar
7b7f379b3000-7b7f379ba000 r--s 0002a000 00:28 9590                       /home/pfredd/.gradle/wrapper/dists/gradle-5.4.1-all/3221gyojl5jsh0helicew7rwx/gradle-5.4.1/lib/plugins/gradle-platform-base-5.4.1.jar
7b7f379ba000-7b7f379e7000 r--s 0025e000 00:28 9555                       /home/pfredd/.gradle/wrapper/dists/gradle-5.4.1-all/3221gyojl5jsh0helicew7rwx/gradle-5.4.1/lib/plugins/biz.aQute.bndlib-4.0.0.jar
7b7f379e7000-7b7f379e8000 r--s 00004000 00:28 9589                       /home/pfredd/.gradle/wrapper/dists/gradle-5.4.1-all/3221gyojl5jsh0helicew7rwx/gradle-5.4.1/lib/plugins/gradle-osgi-5.4.1.jar
7b7f379e8000-7b7f379eb000 r--s 0000c000 00:28 9656                       /home/pfredd/.gradle/wrapper/dists/gradle-5.4.1-all/3221gyojl5jsh0helicew7rwx/gradle-5.4.1/lib/plugins/pmaven-groovy-0.8-20100325.jar
7b7f379eb000-7b7f379ec000 r--s 00004000 00:28 9655                       /home/pfredd/.gradle/wrapper/dists/gradle-5.4.1-all/3221gyojl5jsh0helicew7rwx/gradle-5.4.1/lib/plugins/pmaven-common-0.8-20100325.jar
7b7f379ec000-7b7f379ed000 r--s 00008000 00:28 9663                       /home/pfredd/.gradle/wrapper/dists/gradle-5.4.1-all/3221gyojl5jsh0helicew7rwx/gradle-5.4.1/lib/plugins/wagon-http-shared-3.0.0.jar
7b7f379ed000-7b7f379ee000 r--s 00002000 00:28 9662                       /home/pfredd/.gradle/wrapper/dists/gradle-5.4.1-all/3221gyojl5jsh0helicew7rwx/gradle-5.4.1/lib/plugins/wagon-http-3.0.0.jar
7b7f379ee000-7b7f379ef000 r--s 00002000 00:28 9661                       /home/pfredd/.gradle/wrapper/dists/gradle-5.4.1-all/3221gyojl5jsh0helicew7rwx/gradle-5.4.1/lib/plugins/wagon-file-3.0.0.jar
7b7f379ef000-7b7f379f1000 r--s 00006000 00:28 9544                       /home/pfredd/.gradle/wrapper/dists/gradle-5.4.1-all/3221gyojl5jsh0helicew7rwx/gradle-5.4.1/lib/plugins/aether-connector-wagon-1.13.1.jar
7b7f379f1000-7b7f379f8000 r--s 00031000 00:28 9588                       /home/pfredd/.gradle/wrapper/dists/gradle-5.4.1-all/3221gyojl5jsh0helicew7rwx/gradle-5.4.1/lib/plugins/gradle-maven-5.4.1.jar
7b7f379f8000-7b7f379fa000 r--s 0000c000 00:28 9587                       /home/pfredd/.gradle/wrapper/dists/gradle-5.4.1-all/3221gyojl5jsh0helicew7rwx/gradle-5.4.1/lib/plugins/gradle-language-scala-5.4.1.jar
7b7f379fa000-7b7f37a05000 r--s 00054000 00:28 9586                       /home/pfredd/.gradle/wrapper/dists/gradle-5.4.1-all/3221gyojl5jsh0helicew7rwx/gradle-5.4.1/lib/plugins/gradle-language-native-5.4.1.jar
7b7f37a05000-7b7f37a07000 r--s 00005000 00:28 9585                       /home/pfredd/.gradle/wrapper/dists/gradle-5.4.1-all/3221gyojl5jsh0helicew7rwx/gradle-5.4.1/lib/plugins/gradle-language-jvm-5.4.1.jar
7b7f37a07000-7b7f37a10000 r--s 00042000 00:28 9584                       /home/pfredd/.gradle/wrapper/dists/gradle-5.4.1-all/3221gyojl5jsh0helicew7rwx/gradle-5.4.1/lib/plugins/gradle-language-java-5.4.1.jar
7b7f37a10000-7b7f37a12000 r--s 0000b000 00:28 9583                       /home/pfredd/.gradle/wrapper/dists/gradle-5.4.1-all/3221gyojl5jsh0helicew7rwx/gradle-5.4.1/lib/plugins/gradle-language-groovy-5.4.1.jar
7b7f37a12000-7b7f37a19000 r--s 00035000 00:28 9658                       /home/pfredd/.gradle/wrapper/dists/gradle-5.4.1-all/3221gyojl5jsh0helicew7rwx/gradle-5.4.1/lib/plugins/simple-4.1.21.jar
7b7f37a19000-7b7f37a26000 r--s 00125000 00:28 9657                       /home/pfredd/.gradle/wrapper/dists/gradle-5.4.1-all/3221gyojl5jsh0helicew7rwx/gradle-5.4.1/lib/plugins/rhino-1.7.10.jar
7b7f37a26000-7b7f37a2a000 r--s 00012000 00:28 9580                       /home/pfredd/.gradle/wrapper/dists/gradle-5.4.1-all/3221gyojl5jsh0helicew7rwx/gradle-5.4.1/lib/plugins/gradle-javascript-5.4.1.jar
7b7f37a2a000-7b7f37a2e000 r--s 00011000 00:28 9579                       /home/pfredd/.gradle/wrapper/dists/gradle-5.4.1-all/3221gyojl5jsh0helicew7rwx/gradle-5.4.1/lib/plugins/gradle-jacoco-5.4.1.jar
7b7f37a2e000-7b7f37a32000 r--s 00015000 00:28 9578                       /home/pfredd/.gradle/wrapper/dists/gradle-5.4.1-all/3221gyojl5jsh0helicew7rwx/gradle-5.4.1/lib/plugins/gradle-ivy-5.4.1.jar
7b7f37a32000-7b7f37a34000 r--s 00002000 00:28 9577                       /home/pfredd/.gradle/wrapper/dists/gradle-5.4.1-all/3221gyojl5jsh0helicew7rwx/gradle-5.4.1/lib/plugins/gradle-ide-play-5.4.1.jar
7b7f37a34000-7b7f37a36000 r--s 00011000 00:28 9558                       /home/pfredd/.gradle/wrapper/dists/gradle-5.4.1-all/3221gyojl5jsh0helicew7rwx/gradle-5.4.1/lib/plugins/dd-plist-1.21.jar
7b7f37a36000-7b7f37a3d000 r--s 00034000 00:28 9576                       /home/pfredd/.gradle/wrapper/dists/gradle-5.4.1-all/3221gyojl5jsh0helicew7rwx/gradle-5.4.1/lib/plugins/gradle-ide-native-5.4.1.jar
7b7f37a3d000-7b7f37a47000 r--s 0005f000 00:28 9575                       /home/pfredd/.gradle/wrapper/dists/gradle-5.4.1-all/3221gyojl5jsh0helicew7rwx/gradle-5.4.1/lib/plugins/gradle-ide-5.4.1.jar
7b7f37a47000-7b7f37a49000 r--s 00008000 00:28 9574                       /home/pfredd/.gradle/wrapper/dists/gradle-5.4.1-all/3221gyojl5jsh0helicew7rwx/gradle-5.4.1/lib/plugins/gradle-ear-5.4.1.jar
7b7f37a49000-7b7f37a4b000 r--s 00006000 00:28 9623                       /home/pfredd/.gradle/wrapper/dists/gradle-5.4.1-all/3221gyojl5jsh0helicew7rwx/gradle-5.4.1/lib/plugins/jatl-0.2.3.jar
7b7f37a4b000-7b7f37a51000 r--s 0003e000 00:28 9573                       /home/pfredd/.gradle/wrapper/dists/gradle-5.4.1-all/3221gyojl5jsh0helicew7rwx/gradle-5.4.1/lib/plugins/gradle-diagnostics-5.4.1.jar
7b7f37a51000-7b7f37a56000 r--s 00028000 00:28 9570                       /home/pfredd/.gradle/wrapper/dists/gradle-5.4.1-all/3221gyojl5jsh0helicew7rwx/gradle-5.4.1/lib/plugins/gradle-code-quality-5.4.1.jar
7b7f37a56000-7b7f37a58000 r--s 0000b000 00:28 9641                       /home/pfredd/.gradle/wrapper/dists/gradle-5.4.1-all/3221gyojl5jsh0helicew7rwx/gradle-5.4.1/lib/plugins/maven-plugin-api-3.0.4.jar
7b7f37a58000-7b7f37a5a000 r--s 0000c000 00:28 9664                       /home/pfredd/.gradle/wrapper/dists/gradle-5.4.1-all/3221gyojl5jsh0helicew7rwx/gradle-5.4.1/lib/plugins/wagon-provider-api-3.0.0.jar
7b7f37a5a000-7b7f37a60000 r--s 0003f000 00:28 9637                       /home/pfredd/.gradle/wrapper/dists/gradle-5.4.1-all/3221gyojl5jsh0helicew7rwx/gradle-5.4.1/lib/plugins/maven-compat-3.0.4.jar
7b7f37a60000-7b7f37a63000 r--s 0000a000 00:28 9649                       /home/pfredd/.gradle/wrapper/dists/gradle-5.4.1-all/3221gyojl5jsh0helicew7rwx/gradle-5.4.1/lib/plugins/plexus-classworlds-2.5.1.jar
7b7f37a63000-7b7f37a67000 r--s 00021000 00:28 9665                       /home/pfredd/.gradle/wrapper/dists/gradle-5.4.1-all/3221gyojl5jsh0helicew7rwx/gradle-5.4.1/lib/plugins/xbean-reflect-3.7.jar
7b7f37a67000-7b7f37a7d000 r-xp 00000000 00:28 55872                      /lib/x86_64-linux-gnu/libgcc_s.so.1
7b7f37a7d000-7b7f37c7c000 ---p 00016000 00:28 55872                      /lib/x86_64-linux-gnu/libgcc_s.so.1
7b7f37c7c000-7b7f37c7d000 r--p 00015000 00:28 55872                      /lib/x86_64-linux-gnu/libgcc_s.so.1
7b7f37c7d000-7b7f37c7e000 rw-p 00016000 00:28 55872                      /lib/x86_64-linux-gnu/libgcc_s.so.1
7b7f37c7e000-7b7f37df0000 r-xp 00000000 00:28 63001                      /usr/lib/x86_64-linux-gnu/libstdc++.so.6.0.22
7b7f37df0000-7b7f37ff0000 ---p 00172000 00:28 63001                      /usr/lib/x86_64-linux-gnu/libstdc++.so.6.0.22
7b7f37ff0000-7b7f37ffa000 r--p 00172000 00:28 63001                      /usr/lib/x86_64-linux-gnu/libstdc++.so.6.0.22
7b7f37ffa000-7b7f37ffc000 rw-p 0017c000 00:28 63001                      /usr/lib/x86_64-linux-gnu/libstdc++.so.6.0.22
7b7f37ffc000-7b7f38000000 rw-p 00000000 00:00 0 
7b7f38000000-7b7f38021000 rw-p 00000000 00:00 0 
7b7f38021000-7b7f3c000000 ---p 00000000 00:00 0 
7b7f3c000000-7b7f3c021000 rw-p 00000000 00:00 0 
7b7f3c021000-7b7f40000000 ---p 00000000 00:00 0 
7b7f40000000-7b7f41cbb000 rw-p 00000000 00:00 0 
7b7f41cbb000-7b7f44000000 ---p 00000000 00:00 0 
7b7f44000000-7b7f44451000 rw-p 00000000 00:00 0 
7b7f44451000-7b7f48000000 ---p 00000000 00:00 0 
7b7f48000000-7b7f48021000 rw-p 00000000 00:00 0 
7b7f48021000-7b7f4c000000 ---p 00000000 00:00 0 
7b7f4c000000-7b7f4e270000 rw-p 00000000 00:00 0 
7b7f4e270000-7b7f50000000 ---p 00000000 00:00 0 
7b7f50000000-7b7f50021000 rw-p 00000000 00:00 0 
7b7f50021000-7b7f54000000 ---p 00000000 00:00 0 
7b7f54000000-7b7f54021000 rw-p 00000000 00:00 0 
7b7f54021000-7b7f58000000 ---p 00000000 00:00 0 
7b7f58000000-7b7f58021000 rw-p 00000000 00:00 0 
7b7f58021000-7b7f5c000000 ---p 00000000 00:00 0 
7b7f5c000000-7b7f5c333000 rw-p 00000000 00:00 0 
7b7f5c333000-7b7f60000000 ---p 00000000 00:00 0 
7b7f60000000-7b7f60021000 rw-p 00000000 00:00 0 
7b7f60021000-7b7f64000000 ---p 00000000 00:00 0 
7b7f64000000-7b7f64007000 r--s 00032000 00:28 9651                       /home/pfredd/.gradle/wrapper/dists/gradle-5.4.1-all/3221gyojl5jsh0helicew7rwx/gradle-5.4.1/lib/plugins/plexus-container-default-1.7.1.jar
7b7f64007000-7b7f6400d000 r--s 00031000 00:28 9568                       /home/pfredd/.gradle/wrapper/dists/gradle-5.4.1-all/3221gyojl5jsh0helicew7rwx/gradle-5.4.1/lib/plugins/gradle-build-init-5.4.1.jar
7b7f6400d000-7b7f64013000 r--s 0002e000 00:28 9567                       /home/pfredd/.gradle/wrapper/dists/gradle-5.4.1-all/3221gyojl5jsh0helicew7rwx/gradle-5.4.1/lib/plugins/gradle-build-comparison-5.4.1.jar
7b7f64013000-7b7f64015000 r--s 00002000 00:28 9566                       /home/pfredd/.gradle/wrapper/dists/gradle-5.4.1-all/3221gyojl5jsh0helicew7rwx/gradle-5.4.1/lib/plugins/gradle-build-cache-http-5.4.1.jar
7b7f64015000-7b7f64017000 r--s 00009000 00:28 9565                       /home/pfredd/.gradle/wrapper/dists/gradle-5.4.1-all/3221gyojl5jsh0helicew7rwx/gradle-5.4.1/lib/plugins/gradle-antlr-5.4.1.jar
7b7f64017000-7b7f64018000 r--s 00005000 00:28 9564                       /home/pfredd/.gradle/wrapper/dists/gradle-5.4.1-all/3221gyojl5jsh0helicew7rwx/gradle-5.4.1/lib/plugins/gradle-announce-5.4.1.jar
7b7f64018000-7b7f6401b000 r--s 00017000 00:28 9582                       /home/pfredd/.gradle/wrapper/dists/gradle-5.4.1-all/3221gyojl5jsh0helicew7rwx/gradle-5.4.1/lib/plugins/gradle-kotlin-dsl-tooling-builders-5.4.1.jar
7b7f6401b000-7b7f64021000 r--s 00029000 00:28 9581                       /home/pfredd/.gradle/wrapper/dists/gradle-5.4.1-all/3221gyojl5jsh0helicew7rwx/gradle-5.4.1/lib/plugins/gradle-kotlin-dsl-provider-plugins-5.4.1.jar
7b7f64021000-7b7f64022000 r--s 00000000 00:28 9502                       /home/pfredd/.gradle/wrapper/dists/gradle-5.4.1-all/3221gyojl5jsh0helicew7rwx/gradle-5.4.1/lib/gradle-runtime-api-info-5.4.1.jar
7b7f64022000-7b7f64027000 r--s 00040000 00:28 9629                       /home/pfredd/.gradle/wrapper/dists/gradle-5.4.1-all/3221gyojl5jsh0helicew7rwx/gradle-5.4.1/lib/plugins/jsch-0.1.54.jar
7b7f64027000-7b7f64029000 r--s 00010000 00:28 9634                       /home/pfredd/.gradle/wrapper/dists/gradle-5.4.1-all/3221gyojl5jsh0helicew7rwx/gradle-5.4.1/lib/plugins/jzlib-1.1.3.jar
7b7f64029000-7b7f6404e000 r--s 00265000 00:28 9647                       /home/pfredd/.gradle/wrapper/dists/gradle-5.4.1-all/3221gyojl5jsh0helicew7rwx/gradle-5.4.1/lib/plugins/org.eclipse.jgit-5.0.3.201809091024-r.jar
7b7f6404e000-7b7f64051000 r--s 0000c000 00:28 9612                       /home/pfredd/.gradle/wrapper/dists/gradle-5.4.1-all/3221gyojl5jsh0helicew7rwx/gradle-5.4.1/lib/plugins/gradle-version-control-5.4.1.jar
7b7f64051000-7b7f6406a000 r--s 0013a000 00:28 9666                       /home/pfredd/.gradle/wrapper/dists/gradle-5.4.1-all/3221gyojl5jsh0helicew7rwx/gradle-5.4.1/lib/plugins/xercesImpl-2.12.0.jar
7b7f6406a000-7b7f6406c000 r--s 0001d000 00:28 9645                       /home/pfredd/.gradle/wrapper/dists/gradle-5.4.1-all/3221gyojl5jsh0helicew7rwx/gradle-5.4.1/lib/plugins/nekohtml-1.9.22.jar
7b7f6406c000-7b7f64072000 r--s 0005b000 00:28 9625                       /home/pfredd/.gradle/wrapper/dists/gradle-5.4.1-all/3221gyojl5jsh0helicew7rwx/gradle-5.4.1/lib/plugins/jcifs-1.3.17.jar
7b7f64072000-7b7f64079000 r--s 0004b000 00:28 9557                       /home/pfredd/.gradle/wrapper/dists/gradle-5.4.1-all/3221gyojl5jsh0helicew7rwx/gradle-5.4.1/lib/plugins/commons-codec-1.11.jar
7b7f64079000-7b7f64080000 r--s 00049000 00:28 9617                       /home/pfredd/.gradle/wrapper/dists/gradle-5.4.1-all/3221gyojl5jsh0helicew7rwx/gradle-5.4.1/lib/plugins/httpcore-4.4.10.jar
7b7f64080000-7b7f6408d000 r--s 000af000 00:28 9616                       /home/pfredd/.gradle/wrapper/dists/gradle-5.4.1-all/3221gyojl5jsh0helicew7rwx/gradle-5.4.1/lib/plugins/httpclient-4.5.6.jar
7b7f6408d000-7b7f64090000 r--s 0000e000 00:28 9600                       /home/pfredd/.gradle/wrapper/dists/gradle-5.4.1-all/3221gyojl5jsh0helicew7rwx/gradle-5.4.1/lib/plugins/gradle-resources-http-5.4.1.jar
7b7f64090000-7b7f64093000 r--s 0000c000 00:28 9595                       /home/pfredd/.gradle/wrapper/dists/gradle-5.4.1-all/3221gyojl5jsh0helicew7rwx/gradle-5.4.1/lib/plugins/gradle-plugin-use-5.4.1.jar
7b7f64093000-7b7f64096000 r--s 0000d000 00:28 9571                       /home/pfredd/.gradle/wrapper/dists/gradle-5.4.1-all/3221gyojl5jsh0helicew7rwx/gradle-5.4.1/lib/plugins/gradle-composite-builds-5.4.1.jar
7b7f64096000-7b7f64097000 r--s 00000000 00:28 9489                       /home/pfredd/.gradle/wrapper/dists/gradle-5.4.1-all/3221gyojl5jsh0helicew7rwx/gradle-5.4.1/lib/gradle-installation-beacon-5.4.1.jar
7b7f64097000-7b7f64099000 r--s 00006000 00:28 9642                       /home/pfredd/.gradle/wrapper/dists/gradle-5.4.1-all/3221gyojl5jsh0helicew7rwx/gradle-5.4.1/lib/plugins/maven-repository-metadata-3.0.4.jar
7b7f64099000-7b7f6409b000 r--s 0000c000 00:28 9635                       /home/pfredd/.gradle/wrapper/dists/gradle-5.4.1-all/3221gyojl5jsh0helicew7rwx/gradle-5.4.1/lib/plugins/maven-aether-provider-3.0.4.jar
7b7f6409b000-7b7f6409c000 r--s 00003000 00:28 9546                       /home/pfredd/.gradle/wrapper/dists/gradle-5.4.1-all/3221gyojl5jsh0helicew7rwx/gradle-5.4.1/lib/plugins/aether-spi-1.13.1.jar
7b7f6409c000-7b7f6409f000 r--s 0001d000 00:28 9545                       /home/pfredd/.gradle/wrapper/dists/gradle-5.4.1-all/3221gyojl5jsh0helicew7rwx/gradle-5.4.1/lib/plugins/aether-impl-1.13.1.jar
7b7f6409f000-7b7f640a3000 r--s 0001c000 00:28 9547                       /home/pfredd/.gradle/wrapper/dists/gradle-5.4.1-all/3221gyojl5jsh0helicew7rwx/gradle-5.4.1/lib/plugins/aether-util-1.13.1.jar
7b7f640a3000-7b7f640a6000 r--s 00013000 00:28 9543                       /home/pfredd/.gradle/wrapper/dists/gradle-5.4.1-all/3221gyojl5jsh0helicew7rwx/gradle-5.4.1/lib/plugins/aether-api-1.13.1.jar
7b7f640a6000-7b7f640a8000 r--s 0000b000 00:28 9636                       /home/pfredd/.gradle/wrapper/dists/gradle-5.4.1-all/3221gyojl5jsh0helicew7rwx/gradle-5.4.1/lib/plugins/maven-artifact-3.0.4.jar
7b7f640a8000-7b7f640ac000 r--s 00021000 00:28 9640                       /home/pfredd/.gradle/wrapper/dists/gradle-5.4.1-all/3221gyojl5jsh0helicew7rwx/gradle-5.4.1/lib/plugins/maven-model-builder-3.0.4.jar
7b7f640ac000-7b7f640ae000 r--s 00026000 00:28 9639                       /home/pfredd/.gradle/wrapper/dists/gradle-5.4.1-all/3221gyojl5jsh0helicew7rwx/gradle-5.4.1/lib/plugins/maven-model-3.0.4.jar
7b7f640ae000-7b7f640b0000 r--s 0000a000 00:28 9643                       /home/pfredd/.gradle/wrapper/dists/gradle-5.4.1-all/3221gyojl5jsh0helicew7rwx/gradle-5.4.1/lib/plugins/maven-settings-3.0.4.jar
7b7f640b0000-7b7f640b2000 r--s 00002000 00:28 9648                       /home/pfredd/.gradle/wrapper/dists/gradle-5.4.1-all/3221gyojl5jsh0helicew7rwx/gradle-5.4.1/lib/plugins/plexus-cipher-1.7.jar
7b7f640b2000-7b7f640b3000 r--s 00006000 00:28 9653                       /home/pfredd/.gradle/wrapper/dists/gradle-5.4.1-all/3221gyojl5jsh0helicew7rwx/gradle-5.4.1/lib/plugins/plexus-sec-dispatcher-1.3.jar
7b7f640b3000-7b7f640b5000 r--s 00000000 00:28 9650                       /home/pfredd/.gradle/wrapper/dists/gradle-5.4.1-all/3221gyojl5jsh0helicew7rwx/gradle-5.4.1/lib/plugins/plexus-component-annotations-1.5.5.jar
7b7f640b5000-7b7f640b7000 r--s 0000d000 00:28 9652                       /home/pfredd/.gradle/wrapper/dists/gradle-5.4.1-all/3221gyojl5jsh0helicew7rwx/gradle-5.4.1/lib/plugins/plexus-interpolation-1.14.jar
7b7f640b7000-7b7f640bb000 r--s 0003c000 00:28 9654                       /home/pfredd/.gradle/wrapper/dists/gradle-5.4.1-all/3221gyojl5jsh0helicew7rwx/gradle-5.4.1/lib/plugins/plexus-utils-3.1.0.jar
7b7f640bb000-7b7f640be000 r--s 00008000 00:28 9644                       /home/pfredd/.gradle/wrapper/dists/gradle-5.4.1-all/3221gyojl5jsh0helicew7rwx/gradle-5.4.1/lib/plugins/maven-settings-builder-3.0.4.jar
7b7f640be000-7b7f640ca000 r--s 0007d000 00:28 9638                       /home/pfredd/.gradle/wrapper/dists/gradle-5.4.1-all/3221gyojl5jsh0helicew7rwx/gradle-5.4.1/lib/plugins/maven-core-3.0.4.jar
7b7f640ca000-7b7f640df000 r--s 00116000 00:28 9619                       /home/pfredd/.gradle/wrapper/dists/gradle-5.4.1-all/3221gyojl5jsh0helicew7rwx/gradle-5.4.1/lib/plugins/ivy-2.3.0.jar
7b7f640df000-7b7f640e4000 r--s 00036000 00:28 9614                       /home/pfredd/.gradle/wrapper/dists/gradle-5.4.1-all/3221gyojl5jsh0helicew7rwx/gradle-5.4.1/lib/plugins/gson-2.8.5.jar
7b7f640e4000-7b7f64143000 r--s 003f7000 00:28 9554                       /home/pfredd/.gradle/wrapper/dists/gradle-5.4.1-all/3221gyojl5jsh0helicew7rwx/gradle-5.4.1/lib/plugins/bcprov-jdk15on-1.61.jar
7b7f64143000-7b7f64144000 r--s 00013000 00:28 9549                       /home/pfredd/.gradle/wrapper/dists/gradle-5.4.1-all/3221gyojl5jsh0helicew7rwx/gradle-5.4.1/lib/plugins/asm-util-7.0.jar
7b7f64144000-7b7f64177000 r--s 001c3000 00:28 9572                       /home/pfredd/.gradle/wrapper/dists/gradle-5.4.1-all/3221gyojl5jsh0helicew7rwx/gradle-5.4.1/lib/plugins/gradle-dependency-management-5.4.1.jar
7b7f64177000-7b7f6417a000 r--s 0000e000 00:28 9613                       /home/pfredd/.gradle/wrapper/dists/gradle-5.4.1-all/3221gyojl5jsh0helicew7rwx/gradle-5.4.1/lib/plugins/gradle-workers-5.4.1.jar
7b7f6417a000-7b7f64180000 r-xp 00000000 00:28 6805                       /home/pfredd/.gradle/native/29/linux-amd64/libnative-platform.so
7b7f64180000-7b7f6437f000 ---p 00006000 00:28 6805                       /home/pfredd/.gradle/native/29/linux-amd64/libnative-platform.so
7b7f6437f000-7b7f64380000 rw-p 00005000 00:28 6805                       /home/pfredd/.gradle/native/29/linux-amd64/libnative-platform.so
7b7f64380000-7b7f64390000 r-xp 00000000 00:28 56818                      /opt/android-studio/jre/jre/lib/amd64/libnio.so
7b7f64390000-7b7f64391000 rw-p 00010000 00:28 56818                      /opt/android-studio/jre/jre/lib/amd64/libnio.so
7b7f64391000-7b7f67392000 rw-p 00000000 00:00 0 
7b7f67392000-7b7f673a8000 r-xp 00000000 00:28 56817                      /opt/android-studio/jre/jre/lib/amd64/libnet.so
7b7f673a8000-7b7f673a9000 rw-p 00016000 00:28 56817                      /opt/android-studio/jre/jre/lib/amd64/libnet.so
7b7f673a9000-7b7f673ab000 r--s 00006000 00:28 9505                       /home/pfredd/.gradle/wrapper/dists/gradle-5.4.1-all/3221gyojl5jsh0helicew7rwx/gradle-5.4.1/lib/gradle-wrapper-5.4.1.jar
7b7f673ab000-7b7f673ba000 r--s 0004c000 00:28 9504                       /home/pfredd/.gradle/wrapper/dists/gradle-5.4.1-all/3221gyojl5jsh0helicew7rwx/gradle-5.4.1/lib/gradle-tooling-api-5.4.1.jar
7b7f673ba000-7b7f673c5000 r--s 00081000 00:28 9668                       /home/pfredd/.gradle/wrapper/dists/gradle-5.4.1-all/3221gyojl5jsh0helicew7rwx/gradle-5.4.1/lib/trove4j-1.0.20181211.jar
7b7f673c5000-7b7f673c7000 r--s 00009000 00:28 9516                       /home/pfredd/.gradle/wrapper/dists/gradle-5.4.1-all/3221gyojl5jsh0helicew7rwx/gradle-5.4.1/lib/kotlin-script-runtime-1.3.21.jar
7b7f673c7000-7b7f673fe000 r--s 00255000 00:28 9514                       /home/pfredd/.gradle/wrapper/dists/gradle-5.4.1-all/3221gyojl5jsh0helicew7rwx/gradle-5.4.1/lib/kotlin-reflect-1.3.21.jar
7b7f673fe000-7b7f675dd000 r--s 01b1b000 00:28 9513                       /home/pfredd/.gradle/wrapper/dists/gradle-5.4.1-all/3221gyojl5jsh0helicew7rwx/gradle-5.4.1/lib/kotlin-compiler-embeddable-1.3.21-patched-for-gradle-5.4.1.jar
7b7f675dd000-7b7f675de000 r--s 00001000 00:28 9492                       /home/pfredd/.gradle/wrapper/dists/gradle-5.4.1-all/3221gyojl5jsh0helicew7rwx/gradle-5.4.1/lib/gradle-kotlin-dsl-tooling-models-5.4.1.jar
7b7f675de000-7b7f675ec000 r--s 00236000 00:28 9521                       /home/pfredd/.gradle/wrapper/dists/gradle-5.4.1-all/3221gyojl5jsh0helicew7rwx/gradle-5.4.1/lib/kotlinx-metadata-jvm-0.0.5.jar
7b7f675ec000-7b7f675ed000 r--s 00002000 00:28 9515                       /home/pfredd/.gradle/wrapper/dists/gradle-5.4.1-all/3221gyojl5jsh0helicew7rwx/gradle-5.4.1/lib/kotlin-sam-with-receiver-compiler-plugin-1.3.21.jar
7b7f675ed000-7b7f675ee000 r--s 00000000 00:28 9519                       /home/pfredd/.gradle/wrapper/dists/gradle-5.4.1-all/3221gyojl5jsh0helicew7rwx/gradle-5.4.1/lib/kotlin-stdlib-jdk7-1.3.21.jar
7b7f675ee000-7b7f675f0000 r--s 00003000 00:28 9466                       /home/pfredd/.gradle/wrapper/dists/gradle-5.4.1-all/3221gyojl5jsh0helicew7rwx/gradle-5.4.1/lib/annotations-13.0.jar
7b7f675f0000-7b7f675f7000 r--s 0001f000 00:28 9518                       /home/pfredd/.gradle/wrapper/dists/gradle-5.4.1-all/3221gyojl5jsh0helicew7rwx/gradle-5.4.1/lib/kotlin-stdlib-common-1.3.21.jar
7b7f675f7000-7b7f6760a000 r--s 0010f000 00:28 9517                       /home/pfredd/.gradle/wrapper/dists/gradle-5.4.1-all/3221gyojl5jsh0helicew7rwx/gradle-5.4.1/lib/kotlin-stdlib-1.3.21.jar
7b7f6760a000-7b7f6760c000 r--s 00002000 00:28 9520                       /home/pfredd/.gradle/wrapper/dists/gradle-5.4.1-all/3221gyojl5jsh0helicew7rwx/gradle-5.4.1/lib/kotlin-stdlib-jdk8-1.3.21.jar
7b7f6760c000-7b7f67627000 r--s 0015d000 00:28 9491                       /home/pfredd/.gradle/wrapper/dists/gradle-5.4.1-all/3221gyojl5jsh0helicew7rwx/gradle-5.4.1/lib/gradle-kotlin-dsl-5.4.1.jar
7b7f67627000-7b7f6762b000 r--s 00013000 00:28 9480                       /home/pfredd/.gradle/wrapper/dists/gradle-5.4.1-all/3221gyojl5jsh0helicew7rwx/gradle-5.4.1/lib/gradle-build-cache-5.4.1.jar
7b7f6762b000-7b7f6762d000 r--s 00006000 00:28 9481                       /home/pfredd/.gradle/wrapper/dists/gradle-5.4.1-all/3221gyojl5jsh0helicew7rwx/gradle-5.4.1/lib/gradle-build-cache-packaging-5.4.1.jar
7b7f6762d000-7b7f67632000 r--s 0001f000 00:28 9487                       /home/pfredd/.gradle/wrapper/dists/gradle-5.4.1-all/3221gyojl5jsh0helicew7rwx/gradle-5.4.1/lib/gradle-execution-5.4.1.jar
7b7f67632000-7b7f67636000 r--s 0001a000 00:28 9488                       /home/pfredd/.gradle/wrapper/dists/gradle-5.4.1-all/3221gyojl5jsh0helicew7rwx/gradle-5.4.1/lib/gradle-files-5.4.1.jar
7b7f67636000-7b7f6763b000 r--s 00026000 00:28 9503                       /home/pfredd/.gradle/wrapper/dists/gradle-5.4.1-all/3221gyojl5jsh0helicew7rwx/gradle-5.4.1/lib/gradle-snapshots-5.4.1.jar
7b7f6763b000-7b7f67640000 r--s 00015000 00:28 9501                       /home/pfredd/.gradle/wrapper/dists/gradle-5.4.1-all/3221gyojl5jsh0helicew7rwx/gradle-5.4.1/lib/gradle-resources-5.4.1.jar
7b7f67640000-7b7f67647000 r--s 00036000 00:28 9499                       /home/pfredd/.gradle/wrapper/dists/gradle-5.4.1-all/3221gyojl5jsh0helicew7rwx/gradle-5.4.1/lib/gradle-persistent-cache-5.4.1.jar
7b7f67647000-7b7f67648000 r--s 00003000 00:28 9482                       /home/pfredd/.gradle/wrapper/dists/gradle-5.4.1-all/3221gyojl5jsh0helicew7rwx/gradle-5.4.1/lib/gradle-build-option-5.4.1.jar
7b7f67648000-7b7f6764a000 r--s 00005000 00:28 9483                       /home/pfredd/.gradle/wrapper/dists/gradle-5.4.1-all/3221gyojl5jsh0helicew7rwx/gradle-5.4.1/lib/gradle-cli-5.4.1.jar
7b7f6764a000-7b7f6764c000 r--s 00004000 00:28 9523                       /home/pfredd/.gradle/wrapper/dists/gradle-5.4.1-all/3221gyojl5jsh0helicew7rwx/gradle-5.4.1/lib/log4j-over-slf4j-1.7.25.jar
7b7f6764c000-7b7f6764e000 r--s 00000000 00:28 9512                       /home/pfredd/.gradle/wrapper/dists/gradle-5.4.1-all/3221gyojl5jsh0helicew7rwx/gradle-5.4.1/lib/jul-to-slf4j-1.7.25.jar
7b7f6764e000-7b7f67650000 r--s 00003000 00:28 9510                       /home/pfredd/.gradle/wrapper/dists/gradle-5.4.1-all/3221gyojl5jsh0helicew7rwx/gradle-5.4.1/lib/jcl-over-slf4j-1.7.25.jar
7b7f67650000-7b7f67658000 r--s 00038000 00:28 9494                       /home/pfredd/.gradle/wrapper/dists/gradle-5.4.1-all/3221gyojl5jsh0helicew7rwx/gradle-5.4.1/lib/gradle-logging-5.4.1.jar
7b7f67658000-7b7f6766d000 r--s 000c1000 00:28 9496                       /home/pfredd/.gradle/wrapper/dists/gradle-5.4.1-all/3221gyojl5jsh0helicew7rwx/gradle-5.4.1/lib/gradle-model-core-5.4.1.jar
7b7f6766d000-7b7f6766f000 r--s 00006000 00:28 9479                       /home/pfredd/.gradle/wrapper/dists/gradle-5.4.1-all/3221gyojl5jsh0helicew7rwx/gradle-5.4.1/lib/gradle-base-services-groovy-5.4.1.jar
7b7f6766f000-7b7f67671000 r--s 00007000 00:28 9497                       /home/pfredd/.gradle/wrapper/dists/gradle-5.4.1-all/3221gyojl5jsh0helicew7rwx/gradle-5.4.1/lib/gradle-model-groovy-5.4.1.jar
7b7f67671000-7b7f67672000 r--s 00007000 00:28 9486                       /home/pfredd/.gradle/wrapper/dists/gradle-5.4.1-all/3221gyojl5jsh0helicew7rwx/gradle-5.4.1/lib/gradle-docs-5.4.1.jar
7b7f67672000-7b7f6767b000 r--s 0002d000 00:28 9669                       /home/pfredd/.gradle/wrapper/dists/gradle-5.4.1-all/3221gyojl5jsh0helicew7rwx/gradle-5.4.1/lib/xml-apis-1.4.01.jar
7b7f6767b000-7b7f6767c000 r--s 00000000 00:28 9509                       /home/pfredd/.gradle/wrapper/dists/gradle-5.4.1-all/3221gyojl5jsh0helicew7rwx/gradle-5.4.1/lib/javax.inject-1.jar
7b7f6767c000-7b7f67701000 r--s 007a7000 00:28 9506                       /home/pfredd/.gradle/wrapper/dists/gradle-5.4.1-all/3221gyojl5jsh0helicew7rwx/gradle-5.4.1/lib/groovy-all-1.0-2.5.4.jar
7b7f67701000-7b7f6770c000 r--s 00086000 00:28 9473                       /home/pfredd/.gradle/wrapper/dists/gradle-5.4.1-all/3221gyojl5jsh0helicew7rwx/gradle-5.4.1/lib/commons-compress-1.18.jar
7b7f6770c000-7b7f6770e000 r--s 00007000 00:28 9470                       /home/pfredd/.gradle/wrapper/dists/gradle-5.4.1-all/3221gyojl5jsh0helicew7rwx/gradle-5.4.1/lib/asm-analysis-7.0.jar
7b7f6770e000-7b7f67710000 r--s 0000b000 00:28 9472                       /home/pfredd/.gradle/wrapper/dists/gradle-5.4.1-all/3221gyojl5jsh0helicew7rwx/gradle-5.4.1/lib/asm-tree-7.0.jar
7b7f67710000-7b7f67712000 r--s 00012000 00:28 9471                       /home/pfredd/.gradle/wrapper/dists/gradle-5.4.1-all/3221gyojl5jsh0helicew7rwx/gradle-5.4.1/lib/asm-commons-7.0.jar
7b7f67712000-7b7f67713000 r--s 00004000 00:28 9526                       /home/pfredd/.gradle/wrapper/dists/gradle-5.4.1-all/3221gyojl5jsh0helicew7rwx/gradle-5.4.1/lib/native-platform-freebsd-amd64-libcpp-0.17.jar
7b7f67713000-7b7f67714000 r--s 00004000 00:28 9527                       /home/pfredd/.gradle/wrapper/dists/gradle-5.4.1-all/3221gyojl5jsh0helicew7rwx/gradle-5.4.1/lib/native-platform-freebsd-amd64-libstdcpp-0.17.jar
7b7f67714000-7b7f67715000 r--s 00004000 00:28 9528                       /home/pfredd/.gradle/wrapper/dists/gradle-5.4.1-all/3221gyojl5jsh0helicew7rwx/gradle-5.4.1/lib/native-platform-freebsd-i386-libcpp-0.17.jar
7b7f67715000-7b7f67716000 r--s 00004000 00:28 9529                       /home/pfredd/.gradle/wrapper/dists/gradle-5.4.1-all/3221gyojl5jsh0helicew7rwx/gradle-5.4.1/lib/native-platform-freebsd-i386-libstdcpp-0.17.jar
7b7f67716000-7b7f67717000 r--s 00002000 00:28 9530                       /home/pfredd/.gradle/wrapper/dists/gradle-5.4.1-all/3221gyojl5jsh0helicew7rwx/gradle-5.4.1/lib/native-platform-linux-amd64-0.17.jar
7b7f67717000-7b7f67718000 r--s 00002000 00:28 9533                       /home/pfredd/.gradle/wrapper/dists/gradle-5.4.1-all/3221gyojl5jsh0helicew7rwx/gradle-5.4.1/lib/native-platform-linux-i386-0.17.jar
7b7f67718000-7b7f67719000 r--s 00003000 00:28 9536                       /home/pfredd/.gradle/wrapper/dists/gradle-5.4.1-all/3221gyojl5jsh0helicew7rwx/gradle-5.4.1/lib/native-platform-osx-amd64-0.17.jar
7b7f67719000-7b7f6771a000 r--s 00010000 00:28 9537                       /home/pfredd/.gradle/wrapper/dists/gradle-5.4.1-all/3221gyojl5jsh0helicew7rwx/gradle-5.4.1/lib/native-platform-windows-amd64-0.17.jar
7b7f6771a000-7b7f6771b000 r--s 00010000 00:28 9538                       /home/pfredd/.gradle/wrapper/dists/gradle-5.4.1-all/3221gyojl5jsh0helicew7rwx/gradle-5.4.1/lib/native-platform-windows-amd64-min-0.17.jar
7b7f6771b000-7b7f6771c000 r--s 0000e000 00:28 9539                       /home/pfredd/.gradle/wrapper/dists/gradle-5.4.1-all/3221gyojl5jsh0helicew7rwx/gradle-5.4.1/lib/native-platform-windows-i386-0.17.jar
7b7f6771c000-7b7f6771d000 r--s 0000e000 00:28 9540                       /home/pfredd/.gradle/wrapper/dists/gradle-5.4.1-all/3221gyojl5jsh0helicew7rwx/gradle-5.4.1/lib/native-platform-windows-i386-min-0.17.jar
7b7f6771d000-7b7f6771f000 r--s 00001000 00:28 9531                       /home/pfredd/.gradle/wrapper/dists/gradle-5.4.1-all/3221gyojl5jsh0helicew7rwx/gradle-5.4.1/lib/native-platform-linux-amd64-ncurses5-0.17.jar
7b7f6771f000-7b7f67724000 r--s 0001a000 00:28 9525                       /home/pfredd/.gradle/wrapper/dists/gradle-5.4.1-all/3221gyojl5jsh0helicew7rwx/gradle-5.4.1/lib/native-platform-0.17.jar
7b7f67724000-7b7f67728000 r--s 00042000 00:28 9508                       /home/pfredd/.gradle/wrapper/dists/gradle-5.4.1-all/3221gyojl5jsh0helicew7rwx/gradle-5.4.1/lib/jansi-1.17.1.jar
7b7f67728000-7b7f6772c000 r--s 0000c000 00:28 9498                       /home/pfredd/.gradle/wrapper/dists/gradle-5.4.1-all/3221gyojl5jsh0helicew7rwx/gradle-5.4.1/lib/gradle-native-5.4.1.jar
7b7f6772c000-7b7f6772e000 r--s 0000c000 00:28 9541                       /home/pfredd/.gradle/wrapper/dists/gradle-5.4.1-all/3221gyojl5jsh0helicew7rwx/gradle-5.4.1/lib/objenesis-2.6.jar
7b7f6772e000-7b7f6775e000 r--s 0024b000 00:28 9507                       /home/pfredd/.gradle/wrapper/dists/gradle-5.4.1-all/3221gyojl5jsh0helicew7rwx/gradle-5.4.1/lib/guava-26.0-android.jar
7b7f6775e000-7b7f6775f000 ---p 00000000 00:00 0 
7b7f6775f000-7b7f6785f000 rw-p 00000000 00:00 0 
7b7f6785f000-7b7f67862000 ---p 00000000 00:00 0 
7b7f67862000-7b7f67960000 rw-p 00000000 00:00 0 
7b7f67960000-7b7f67964000 ---p 00000000 00:00 0 
7b7f67964000-7b7f67a61000 rw-p 00000000 00:00 0 
7b7f67a61000-7b7f67a65000 ---p 00000000 00:00 0 
7b7f67a65000-7b7f67b62000 rw-p 00000000 00:00 0 
7b7f67b62000-7b7f67b66000 ---p 00000000 00:00 0 
7b7f67b66000-7b7f67c63000 rw-p 00000000 00:00 0 
7b7f67c63000-7b7f67c66000 ---p 00000000 00:00 0 
7b7f67c66000-7b7f67d64000 rw-p 00000000 00:00 0 
7b7f67d64000-7b7f67eff000 r--p 00000000 00:28 60439                      /usr/lib/locale/locale-archive
7b7f67eff000-7b7f67f02000 ---p 00000000 00:00 0 
7b7f67f02000-7b7f68000000 rw-p 00000000 00:00 0 
7b7f68000000-7b7f68021000 rw-p 00000000 00:00 0 
7b7f68021000-7b7f6c000000 ---p 00000000 00:00 0 
7b7f6c000000-7b7f6c001000 r--s 00001000 00:28 9532                       /home/pfredd/.gradle/wrapper/dists/gradle-5.4.1-all/3221gyojl5jsh0helicew7rwx/gradle-5.4.1/lib/native-platform-linux-amd64-ncurses6-0.17.jar
7b7f6c001000-7b7f6c003000 r--s 00000000 00:28 9524                       /home/pfredd/.gradle/wrapper/dists/gradle-5.4.1-all/3221gyojl5jsh0helicew7rwx/gradle-5.4.1/lib/minlog-1.2.jar
7b7f6c003000-7b7f6c022000 r--s 001da000 00:28 9467                       /home/pfredd/.gradle/wrapper/dists/gradle-5.4.1-all/3221gyojl5jsh0helicew7rwx/gradle-5.4.1/lib/ant-1.9.13.jar
7b7f6c022000-7b7f6c05e000 r--s 00203000 00:28 9484                       /home/pfredd/.gradle/wrapper/dists/gradle-5.4.1-all/3221gyojl5jsh0helicew7rwx/gradle-5.4.1/lib/gradle-core-5.4.1.jar
7b7f6c05e000-7b7f6c06d000 r--s 00043000 00:28 9485                       /home/pfredd/.gradle/wrapper/dists/gradle-5.4.1-all/3221gyojl5jsh0helicew7rwx/gradle-5.4.1/lib/gradle-core-api-5.4.1.jar
7b7f6c06d000-7b7f6c070000 ---p 00000000 00:00 0 
7b7f6c070000-7b7f6c16e000 rw-p 00000000 00:00 0 
7b7f6c16e000-7b7f6c16f000 ---p 00000000 00:00 0 
7b7f6c16f000-7b7f70000000 rw-p 00000000 00:00 0 
7b7f70000000-7b7f70021000 rw-p 00000000 00:00 0 
7b7f70021000-7b7f74000000 ---p 00000000 00:00 0 
7b7f74000000-7b7f74006000 r--s 0004d000 00:28 9522                       /home/pfredd/.gradle/wrapper/dists/gradle-5.4.1-all/3221gyojl5jsh0helicew7rwx/gradle-5.4.1/lib/kryo-2.24.0.jar
7b7f74006000-7b7f7400d000 r--s 00030000 00:28 9495                       /home/pfredd/.gradle/wrapper/dists/gradle-5.4.1-all/3221gyojl5jsh0helicew7rwx/gradle-5.4.1/lib/gradle-messaging-5.4.1.jar
7b7f7400d000-7b7f7425d000 rw-p 00000000 00:00 0 
7b7f7425d000-7b7f7442f000 r--s 03cad000 00:28 56897                      /opt/android-studio/jre/jre/lib/rt.jar
7b7f7442f000-7b7f75000000 rw-p 00000000 00:00 0 
7b7f75000000-7b7f754b0000 rwxp 00000000 00:00 0 
7b7f754b0000-7b7f84000000 ---p 00000000 00:00 0 
7b7f84000000-7b7f85061000 rw-p 00000000 00:00 0 
7b7f85061000-7b7f88000000 ---p 00000000 00:00 0 
7b7f88000000-7b7f88001000 r--s 00001000 00:28 9534                       /home/pfredd/.gradle/wrapper/dists/gradle-5.4.1-all/3221gyojl5jsh0helicew7rwx/gradle-5.4.1/lib/native-platform-linux-i386-ncurses5-0.17.jar
7b7f88001000-7b7f88003000 r--s 00006000 00:28 9500                       /home/pfredd/.gradle/wrapper/dists/gradle-5.4.1-all/3221gyojl5jsh0helicew7rwx/gradle-5.4.1/lib/gradle-process-services-5.4.1.jar
7b7f88003000-7b7f88005000 r--s 00000000 00:28 9490                       /home/pfredd/.gradle/wrapper/dists/gradle-5.4.1-all/3221gyojl5jsh0helicew7rwx/gradle-5.4.1/lib/gradle-jvm-services-5.4.1.jar
7b7f88005000-7b7f88007000 r--s 00003000 00:28 9511                       /home/pfredd/.gradle/wrapper/dists/gradle-5.4.1-all/3221gyojl5jsh0helicew7rwx/gradle-5.4.1/lib/jsr305-3.0.2.jar
7b7f88007000-7b7f8800a000 r--s 0001c000 00:28 9476                       /home/pfredd/.gradle/wrapper/dists/gradle-5.4.1-all/3221gyojl5jsh0helicew7rwx/gradle-5.4.1/lib/fastutil-8.2.1-min.jar
7b7f8800a000-7b7f88017000 r--s 00067000 00:28 9478                       /home/pfredd/.gradle/wrapper/dists/gradle-5.4.1-all/3221gyojl5jsh0helicew7rwx/gradle-5.4.1/lib/gradle-base-services-5.4.1.jar
7b7f88017000-7b7f88018000 ---p 00000000 00:00 0 
7b7f88018000-7b7f88118000 rw-p 00000000 00:00 0 
7b7f88118000-7b7f88119000 ---p 00000000 00:00 0 
7b7f88119000-7b7f88219000 rw-p 00000000 00:00 0 
7b7f88219000-7b7f8821a000 ---p 00000000 00:00 0 
7b7f8821a000-7b7f8831a000 rw-p 00000000 00:00 0 
7b7f8831a000-7b7f8831b000 ---p 00000000 00:00 0 
7b7f8831b000-7b7f8842a000 rw-p 00000000 00:00 0 
7b7f8842a000-7b7f8861b000 ---p 00000000 00:00 0 
7b7f8861b000-7b7f8862a000 rw-p 00000000 00:00 0 
7b7f8862a000-7b7f8881b000 ---p 00000000 00:00 0 
7b7f8881b000-7b7f88837000 rw-p 00000000 00:00 0 
7b7f88837000-7b7f8891b000 ---p 00000000 00:00 0 
7b7f8891b000-7b7f8892f000 rw-p 00000000 00:00 0 
7b7f8892f000-7b7f88cdc000 ---p 00000000 00:00 0 
7b7f88cdc000-7b7f88ce6000 r-xp 00000000 00:28 55910                      /lib/x86_64-linux-gnu/libnss_files-2.24.so
7b7f88ce6000-7b7f88ee6000 ---p 0000a000 00:28 55910                      /lib/x86_64-linux-gnu/libnss_files-2.24.so
7b7f88ee6000-7b7f88ee7000 r--p 0000a000 00:28 55910                      /lib/x86_64-linux-gnu/libnss_files-2.24.so
7b7f88ee7000-7b7f88ee8000 rw-p 0000b000 00:28 55910                      /lib/x86_64-linux-gnu/libnss_files-2.24.so
7b7f88ee8000-7b7f88eee000 rw-p 00000000 00:00 0 
7b7f88eee000-7b7f88ef9000 r-xp 00000000 00:28 55914                      /lib/x86_64-linux-gnu/libnss_nis-2.24.so
7b7f88ef9000-7b7f890f8000 ---p 0000b000 00:28 55914                      /lib/x86_64-linux-gnu/libnss_nis-2.24.so
7b7f890f8000-7b7f890f9000 r--p 0000a000 00:28 55914                      /lib/x86_64-linux-gnu/libnss_nis-2.24.so
7b7f890f9000-7b7f890fa000 rw-p 0000b000 00:28 55914                      /lib/x86_64-linux-gnu/libnss_nis-2.24.so
7b7f890fa000-7b7f8910e000 r-xp 00000000 00:28 55904                      /lib/x86_64-linux-gnu/libnsl-2.24.so
7b7f8910e000-7b7f8930e000 ---p 00014000 00:28 55904                      /lib/x86_64-linux-gnu/libnsl-2.24.so
7b7f8930e000-7b7f8930f000 r--p 00014000 00:28 55904                      /lib/x86_64-linux-gnu/libnsl-2.24.so
7b7f8930f000-7b7f89310000 rw-p 00015000 00:28 55904                      /lib/x86_64-linux-gnu/libnsl-2.24.so
7b7f89310000-7b7f89312000 rw-p 00000000 00:00 0 
7b7f89312000-7b7f89319000 r-xp 00000000 00:28 55906                      /lib/x86_64-linux-gnu/libnss_compat-2.24.so
7b7f89319000-7b7f89518000 ---p 00007000 00:28 55906                      /lib/x86_64-linux-gnu/libnss_compat-2.24.so
7b7f89518000-7b7f89519000 r--p 00006000 00:28 55906                      /lib/x86_64-linux-gnu/libnss_compat-2.24.so
7b7f89519000-7b7f8951a000 rw-p 00007000 00:28 55906                      /lib/x86_64-linux-gnu/libnss_compat-2.24.so
7b7f8951a000-7b7f89521000 r-xp 00000000 00:28 55937                      /lib/x86_64-linux-gnu/librt-2.24.so
7b7f89521000-7b7f89720000 ---p 00007000 00:28 55937                      /lib/x86_64-linux-gnu/librt-2.24.so
7b7f89720000-7b7f89721000 r--p 00006000 00:28 55937                      /lib/x86_64-linux-gnu/librt-2.24.so
7b7f89721000-7b7f89722000 rw-p 00007000 00:28 55937                      /lib/x86_64-linux-gnu/librt-2.24.so
7b7f89722000-7b7f89825000 r-xp 00000000 00:28 55891                      /lib/x86_64-linux-gnu/libm-2.24.so
7b7f89825000-7b7f89a24000 ---p 00103000 00:28 55891                      /lib/x86_64-linux-gnu/libm-2.24.so
7b7f89a24000-7b7f89a25000 r--p 00102000 00:28 55891                      /lib/x86_64-linux-gnu/libm-2.24.so
7b7f89a25000-7b7f89a26000 rw-p 00103000 00:28 55891                      /lib/x86_64-linux-gnu/libm-2.24.so
7b7f89a26000-7b7f8a64c000 r-xp 00000000 00:28 56830                      /opt/android-studio/jre/jre/lib/amd64/server/libjvm.so
7b7f8a64c000-7b7f8a71c000 rw-p 00c26000 00:28 56830                      /opt/android-studio/jre/jre/lib/amd64/server/libjvm.so
7b7f8a71c000-7b7f8a760000 rw-p 00000000 00:00 0 
7b7f8a760000-7b7f8a8f5000 r-xp 00000000 00:28 55841                      /lib/x86_64-linux-gnu/libc-2.24.so
7b7f8a8f5000-7b7f8aaf5000 ---p 00195000 00:28 55841                      /lib/x86_64-linux-gnu/libc-2.24.so
7b7f8aaf5000-7b7f8aaf9000 r--p 00195000 00:28 55841                      /lib/x86_64-linux-gnu/libc-2.24.so
7b7f8aaf9000-7b7f8aafb000 rw-p 00199000 00:28 55841                      /lib/x86_64-linux-gnu/libc-2.24.so
7b7f8aafb000-7b7f8aaff000 rw-p 00000000 00:00 0 
7b7f8aaff000-7b7f8ab02000 r-xp 00000000 00:28 55858                      /lib/x86_64-linux-gnu/libdl-2.24.so
7b7f8ab02000-7b7f8ad01000 ---p 00003000 00:28 55858                      /lib/x86_64-linux-gnu/libdl-2.24.so
7b7f8ad01000-7b7f8ad02000 r--p 00002000 00:28 55858                      /lib/x86_64-linux-gnu/libdl-2.24.so
7b7f8ad02000-7b7f8ad03000 rw-p 00003000 00:28 55858                      /lib/x86_64-linux-gnu/libdl-2.24.so
7b7f8ad03000-7b7f8ad1b000 r-xp 00000000 00:28 55931                      /lib/x86_64-linux-gnu/libpthread-2.24.so
7b7f8ad1b000-7b7f8af1a000 ---p 00018000 00:28 55931                      /lib/x86_64-linux-gnu/libpthread-2.24.so
7b7f8af1a000-7b7f8af1b000 r--p 00017000 00:28 55931                      /lib/x86_64-linux-gnu/libpthread-2.24.so
7b7f8af1b000-7b7f8af1c000 rw-p 00018000 00:28 55931                      /lib/x86_64-linux-gnu/libpthread-2.24.so
7b7f8af1c000-7b7f8af20000 rw-p 00000000 00:00 0 
7b7f8af20000-7b7f8af43000 r-xp 00000000 00:28 55817                      /lib/x86_64-linux-gnu/ld-2.24.so
7b7f8af43000-7b7f8af44000 r--s 00001000 00:28 9535                       /home/pfredd/.gradle/wrapper/dists/gradle-5.4.1-all/3221gyojl5jsh0helicew7rwx/gradle-5.4.1/lib/native-platform-linux-i386-ncurses6-0.17.jar
7b7f8af44000-7b7f8af49000 r--s 00041000 00:28 9475                       /home/pfredd/.gradle/wrapper/dists/gradle-5.4.1-all/3221gyojl5jsh0helicew7rwx/gradle-5.4.1/lib/commons-lang-2.6.jar
7b7f8af49000-7b7f8af4d000 r--s 00031000 00:28 9474                       /home/pfredd/.gradle/wrapper/dists/gradle-5.4.1-all/3221gyojl5jsh0helicew7rwx/gradle-5.4.1/lib/commons-io-2.6.jar
7b7f8af4d000-7b7f8af4f000 r--s 0001a000 00:28 9469                       /home/pfredd/.gradle/wrapper/dists/gradle-5.4.1-all/3221gyojl5jsh0helicew7rwx/gradle-5.4.1/lib/asm-7.0.jar
7b7f8af4f000-7b7f8af5c000 r--s 0006d000 00:28 9493                       /home/pfredd/.gradle/wrapper/dists/gradle-5.4.1-all/3221gyojl5jsh0helicew7rwx/gradle-5.4.1/lib/gradle-launcher-5.4.1.jar
7b7f8af5c000-7b7f8afc3000 rw-p 00000000 00:00 0 
7b7f8afc3000-7b7f8afde000 r-xp 00000000 00:28 56826                      /opt/android-studio/jre/jre/lib/amd64/libzip.so
7b7f8afde000-7b7f8afdf000 rw-p 0001a000 00:28 56826                      /opt/android-studio/jre/jre/lib/amd64/libzip.so
7b7f8afdf000-7b7f8b009000 r-xp 00000000 00:28 56805                      /opt/android-studio/jre/jre/lib/amd64/libjava.so
7b7f8b009000-7b7f8b00b000 rw-p 0002a000 00:28 56805                      /opt/android-studio/jre/jre/lib/amd64/libjava.so
7b7f8b00b000-7b7f8b018000 r-xp 00000000 00:28 56825                      /opt/android-studio/jre/jre/lib/amd64/libverify.so
7b7f8b018000-7b7f8b01a000 rw-p 0000c000 00:28 56825                      /opt/android-studio/jre/jre/lib/amd64/libverify.so
7b7f8b01a000-7b7f8b01e000 ---p 00000000 00:00 0 
7b7f8b01e000-7b7f8b11d000 rw-p 00000000 00:00 0 
7b7f8b11d000-7b7f8b133000 r-xp 00000000 00:28 56915                      /opt/android-studio/jre/lib/amd64/jli/libjli.so
7b7f8b133000-7b7f8b134000 rw-p 00015000 00:28 56915                      /opt/android-studio/jre/lib/amd64/jli/libjli.so
7b7f8b134000-7b7f8b136000 rw-p 00000000 00:00 0 
7b7f8b136000-7b7f8b138000 r--s 00009000 00:28 9667                       /home/pfredd/.gradle/wrapper/dists/gradle-5.4.1-all/3221gyojl5jsh0helicew7rwx/gradle-5.4.1/lib/slf4j-api-1.7.25.jar
7b7f8b138000-7b7f8b139000 r--s 00004000 00:28 9468                       /home/pfredd/.gradle/wrapper/dists/gradle-5.4.1-all/3221gyojl5jsh0helicew7rwx/gradle-5.4.1/lib/ant-launcher-1.9.13.jar
7b7f8b139000-7b7f8b141000 rw-s 00000000 00:28 339357                     /tmp/hsperfdata_pfredd/6931
7b7f8b141000-7b7f8b142000 rw-p 00000000 00:00 0 
7b7f8b142000-7b7f8b143000 ---p 00000000 00:00 0 
7b7f8b143000-7b7f8b144000 r--p 00023000 00:28 55817                      /lib/x86_64-linux-gnu/ld-2.24.so
7b7f8b144000-7b7f8b145000 rw-p 00024000 00:28 55817                      /lib/x86_64-linux-gnu/ld-2.24.so
7b7f8b145000-7b7f8b146000 rw-p 00000000 00:00 0 
7fff85ed7000-7fff85ef8000 rw-p 00000000 00:00 0                          [stack]
7fff85f05000-7fff85f08000 r--p 00000000 00:00 0                          [vvar]
7fff85f08000-7fff85f0a000 r-xp 00000000 00:00 0                          [vdso]
ffffffffff600000-ffffffffff601000 r-xp 00000000 00:00 0                  [vsyscall]

VM Arguments:
jvm_args: -Xmx1536m -Dfile.encoding=UTF-8 -Duser.country=US -Duser.language=en -Duser.variant 
java_command: org.gradle.launcher.daemon.bootstrap.GradleDaemon 5.4.1
java_class_path (initial): /home/pfredd/.gradle/wrapper/dists/gradle-5.4.1-all/3221gyojl5jsh0helicew7rwx/gradle-5.4.1/lib/gradle-launcher-5.4.1.jar
Launcher Type: SUN_STANDARD

Environment Variables:
PATH=/usr/local/sbin:/usr/local/bin:/usr/local/games:/usr/sbin:/usr/bin:/usr/games:/sbin:/bin
SHELL=/bin/bash
DISPLAY=:0

Signal Handlers:
SIGSEGV: [libjvm.so+0xa09650], sa_mask[0]=11111111011111111101111111111110, sa_flags=SA_RESTART|SA_SIGINFO
SIGBUS: [libjvm.so+0xa09650], sa_mask[0]=11111111011111111101111111111110, sa_flags=SA_RESTART|SA_SIGINFO
SIGFPE: [libjvm.so+0x86bc60], sa_mask[0]=11111111011111111101111111111110, sa_flags=SA_RESTART|SA_SIGINFO
SIGPIPE: [libjvm.so+0x86bc60], sa_mask[0]=11111111011111111101111111111110, sa_flags=SA_RESTART|SA_SIGINFO
SIGXFSZ: [libjvm.so+0x86bc60], sa_mask[0]=11111111011111111101111111111110, sa_flags=SA_RESTART|SA_SIGINFO
SIGILL: [libjvm.so+0x86bc60], sa_mask[0]=11111111011111111101111111111110, sa_flags=SA_RESTART|SA_SIGINFO
SIGUSR1: SIG_DFL, sa_mask[0]=00000000000000000000000000000000, sa_flags=none
SIGUSR2: [libjvm.so+0x86bb30], sa_mask[0]=00100000000000000000000000000000, sa_flags=SA_RESTART|SA_SIGINFO
SIGHUP: [libjvm.so+0x86bd20], sa_mask[0]=11111111011111111101111111111110, sa_flags=SA_RESTART|SA_SIGINFO
SIGINT: [libjvm.so+0x86bd20], sa_mask[0]=11111111011111111101111111111110, sa_flags=SA_RESTART|SA_SIGINFO
SIGTERM: [libjvm.so+0x86bd20], sa_mask[0]=11111111011111111101111111111110, sa_flags=SA_RESTART|SA_SIGINFO
SIGQUIT: [libjvm.so+0x86bd20], sa_mask[0]=11111111011111111101111111111110, sa_flags=SA_RESTART|SA_SIGINFO


---------------  S Y S T E M  ---------------

OS:PRETTY_NAME="Debian GNU/Linux 9 (stretch)"
NAME="Debian GNU/Linux"
VERSION_ID="9"
VERSION="9 (stretch)"
VERSION_CODENAME=stretch
ID=debian
HOME_URL="https://www.debian.org/"
SUPPORT_URL="https://www.debian.org/support"
BUG_REPORT_URL="https://bugs.debian.org/"

uname:Linux 4.19.86-07780-g3c6544b539b7 #1 SMP PREEMPT Tue Dec 3 20:51:44 PST 2019 x86_64
libc:glibc 2.24 NPTL 2.24 
rlimit: STACK 8192k, CORE 0k, NPROC 11095, NOFILE 1048576, AS infinity
load average:14.80 4.90 2.38

/proc/meminfo:
MemTotal:        2845108 kB
MemFree:           58120 kB
MemAvailable:      14604 kB
Buffers:             188 kB
Cached:            64252 kB
SwapCached:            0 kB
Active:          2534400 kB
Inactive:          39064 kB
Active(anon):    2509340 kB
Inactive(anon):    14900 kB
Active(file):      25060 kB
Inactive(file):    24164 kB
Unevictable:           0 kB
Mlocked:               0 kB
SwapTotal:             0 kB
SwapFree:              0 kB
Dirty:               184 kB
Writeback:             0 kB
AnonPages:       2509300 kB
Mapped:            23156 kB
Shmem:             14960 kB
Slab:              86400 kB
SReclaimable:      20932 kB
SUnreclaim:        65468 kB
KernelStack:        5824 kB
PageTables:        11824 kB
NFS_Unstable:          0 kB
Bounce:                0 kB
WritebackTmp:          0 kB
CommitLimit:     1422552 kB
Committed_AS:    3803508 kB
VmallocTotal:   34359738367 kB
VmallocUsed:           0 kB
VmallocChunk:          0 kB
Percpu:              976 kB
AnonHugePages:         0 kB
ShmemHugePages:        0 kB
ShmemPmdMapped:        0 kB
HugePages_Total:       0
HugePages_Free:        0
HugePages_Rsvd:        0
HugePages_Surp:        0
Hugepagesize:       2048 kB
Hugetlb:               0 kB
DirectMap4k:      104448 kB
DirectMap2M:     3078144 kB
DirectMap1G:           0 kB

container (cgroup) information:
container_type: cgroupv1
cpu_cpuset_cpus: 0-3
cpu_memory_nodes: 0
active_processor_count: 4
cpu_quota: -1
cpu_period: 100000
cpu_shares: -1
memory_limit_in_bytes: -1
memory_and_swap_limit_in_bytes: -2
memory_soft_limit_in_bytes: -1
memory_usage_in_bytes: 2622943232
memory_max_usage_in_bytes: 2719842304


CPU:total 4 (initial active 4) (4 cores per cpu, 1 threads per core) family 6 model 122 stepping 1, cmov, cx8, fxsr, mmx, sse, sse2, sse3, ssse3, sse4.1, sse4.2, popcnt, aes, clmul, erms, 3dnowpref, tsc, tscinvbit

/proc/cpuinfo:
processor	: 0
vendor_id	: GenuineIntel
cpu family	: 6
model		: 122
model name	: 06/7a
stepping	: 1
microcode	: 0x1
cpu MHz		: 1094.400
cache size	: 4096 KB
physical id	: 0
siblings	: 4
core id		: 1
cpu cores	: 4
apicid		: 2
initial apicid	: 2
fpu		: yes
fpu_exception	: yes
cpuid level	: 13
wp		: yes
flags		: fpu vme de pse tsc msr pae mce cx8 apic sep mtrr pge mca cmov pat pse36 clflush mmx fxsr sse sse2 ss ht syscall nx pdpe1gb rdtscp lm constant_tsc arch_perfmon rep_good nopl xtopology nonstop_tsc cpuid tsc_known_freq pni pclmulqdq vmx ssse3 cx16 sse4_1 sse4_2 x2apic movbe popcnt aes xsave rdrand hypervisor lahf_lm 3dnowprefetch cpuid_fault pti ssbd ibrs ibpb stibp ibrs_enhanced tpr_shadow vnmi flexpriority ept vpid ept_ad fsgsbase tsc_adjust smep erms mpx rdseed smap clflushopt sha_ni xsaveopt xsavec xgetbv1 xsaves arat md_clear arch_capabilities
bugs		: cpu_meltdown spectre_v1 spectre_v2 spec_store_bypass
bogomips	: 2188.80
clflush size	: 64
cache_alignment	: 64
address sizes	: 39 bits physical, 48 bits virtual
power management:

processor	: 1
vendor_id	: GenuineIntel
cpu family	: 6
model		: 122
model name	: 06/7a
stepping	: 1
microcode	: 0x1
cpu MHz		: 1094.400
cache size	: 4096 KB
physical id	: 0
siblings	: 4
core id		: 1
cpu cores	: 4
apicid		: 2
initial apicid	: 2
fpu		: yes
fpu_exception	: yes
cpuid level	: 13
wp		: yes
flags		: fpu vme de pse tsc msr pae mce cx8 apic sep mtrr pge mca cmov pat pse36 clflush mmx fxsr sse sse2 ss ht syscall nx pdpe1gb rdtscp lm constant_tsc arch_perfmon rep_good nopl xtopology nonstop_tsc cpuid tsc_known_freq pni pclmulqdq vmx ssse3 cx16 sse4_1 sse4_2 x2apic movbe popcnt aes xsave rdrand hypervisor lahf_lm 3dnowprefetch cpuid_fault pti ssbd ibrs ibpb stibp ibrs_enhanced tpr_shadow vnmi flexpriority ept vpid ept_ad fsgsbase tsc_adjust smep erms mpx rdseed smap clflushopt sha_ni xsaveopt xsavec xgetbv1 xsaves arat md_clear arch_capabilities
bugs		: cpu_meltdown spectre_v1 spectre_v2 spec_store_bypass
bogomips	: 2188.80
clflush size	: 64
cache_alignment	: 64
address sizes	: 39 bits physical, 48 bits virtual
power management:

processor	: 2
vendor_id	: GenuineIntel
cpu family	: 6
model		: 122
model name	: 06/7a
stepping	: 1
microcode	: 0x1
cpu MHz		: 1094.400
cache size	: 4096 KB
physical id	: 0
siblings	: 4
core id		: 1
cpu cores	: 4
apicid		: 2
initial apicid	: 2
fpu		: yes
fpu_exception	: yes
cpuid level	: 13
wp		: yes
flags		: fpu vme de pse tsc msr pae mce cx8 apic sep mtrr pge mca cmov pat pse36 clflush mmx fxsr sse sse2 ss ht syscall nx pdpe1gb rdtscp lm constant_tsc arch_perfmon rep_good nopl xtopology nonstop_tsc cpuid tsc_known_freq pni pclmulqdq vmx ssse3 cx16 sse4_1 sse4_2 x2apic movbe popcnt aes xsave rdrand hypervisor lahf_lm 3dnowprefetch cpuid_fault pti ssbd ibrs ibpb stibp ibrs_enhanced tpr_shadow vnmi flexpriority ept vpid ept_ad fsgsbase tsc_adjust smep erms mpx rdseed smap clflushopt sha_ni xsaveopt xsavec xgetbv1 xsaves arat md_clear arch_capabilities
bugs		: cpu_meltdown spectre_v1 spectre_v2 spec_store_bypass
bogomips	: 2188.80
clflush size	: 64
cache_alignment	: 64
address sizes	: 39 bits physical, 48 bits virtual
power management:

processor	: 3
vendor_id	: GenuineIntel
cpu family	: 6
model		: 122
model name	: 06/7a
stepping	: 1
microcode	: 0x1
cpu MHz		: 1094.400
cache size	: 4096 KB
physical id	: 0
siblings	: 4
core id		: 1
cpu cores	: 4
apicid		: 2
initial apicid	: 2
fpu		: yes
fpu_exception	: yes
cpuid level	: 13
wp		: yes
flags		: fpu vme de pse tsc msr pae mce cx8 apic sep mtrr pge mca cmov pat pse36 clflush mmx fxsr sse sse2 ss ht syscall nx pdpe1gb rdtscp lm constant_tsc arch_perfmon rep_good nopl xtopology nonstop_tsc cpuid tsc_known_freq pni pclmulqdq vmx ssse3 cx16 sse4_1 sse4_2 x2apic movbe popcnt aes xsave rdrand hypervisor lahf_lm 3dnowprefetch cpuid_fault pti ssbd ibrs ibpb stibp ibrs_enhanced tpr_shadow vnmi flexpriority ept vpid ept_ad fsgsbase tsc_adjust smep erms mpx rdseed smap clflushopt sha_ni xsaveopt xsavec xgetbv1 xsaves arat md_clear arch_capabilities
bugs		: cpu_meltdown spectre_v1 spectre_v2 spec_store_bypass
bogomips	: 2188.80
clflush size	: 64
cache_alignment	: 64
address sizes	: 39 bits physical, 48 bits virtual
power management:



Memory: 4k page, physical 2845108k(57112k free), swap 0k(0k free)

vm_info: OpenJDK 64-Bit Server VM (25.202-b49-5587405) for linux-amd64 JRE (1.8.0_202-release-1483-b49-5587405), built by "android-build" with gcc 4.8

time: Sun Jan 12 08:46:43 2020
timezone: CST
elapsed time: 52 seconds (0d 0h 0m 52s)

