#
# There is insufficient memory for the Java Runtime Environment to continue.
# Native memory allocation (mmap) failed to map 87556096 bytes for committing reserved memory.
# Possible reasons:
#   The system is out of physical RAM or swap space
#   The process is running with CompressedOops enabled, and the Java Heap may be blocking the growth of the native heap
# Possible solutions:
#   Reduce memory load on the system
#   Increase physical memory or swap space
#   Check if swap backing store is full
#   Decrease Java heap size (-Xmx/-Xms)
#   Decrease number of Java threads
#   Decrease Java thread stack sizes (-Xss)
#   Set larger code cache with -XX:ReservedCodeCacheSize=
#   JVM is running with Unscaled Compressed Oops mode in which the Java heap is
#     placed in the first 4GB address space. The Java Heap base address is the
#     maximum limit for the native heap growth. Please use -XX:HeapBaseMinAddress
#     to set the Java Heap base and to place the Java Heap above 4GB virtual address.
# This output file may be truncated or incomplete.
#
#  Out of Memory Error (os_linux.cpp:2753), pid=9403, tid=0x0000799c31dfd700
#
# JRE version: OpenJDK Runtime Environment (8.0_202) (build 1.8.0_202-release-1483-b49-5587405)
# Java VM: OpenJDK 64-Bit Server VM (25.202-b49-5587405 mixed mode linux-amd64 compressed oops)
# Failed to write core dump. Core dumps have been disabled. To enable core dumping, try "ulimit -c unlimited" before starting Java again
#

---------------  T H R E A D  ---------------

Current thread (0x0000799c44078000):  VMThread [stack: 0x0000799c31cfe000,0x0000799c31dfe000] [id=9412]

Stack: [0x0000799c31cfe000,0x0000799c31dfe000],  sp=0x0000799c31dfc550,  free space=1017k
Native frames: (J=compiled Java code, j=interpreted, Vv=VM code, C=native code)
V  [libjvm.so+0xa08b78]  VMError::report_and_die()+0x148
V  [libjvm.so+0x4d412a]  report_vm_out_of_memory(char const*, int, unsigned long, VMErrorType, char const*)+0x8a
V  [libjvm.so+0x870478]  os::pd_commit_memory(char*, unsigned long, unsigned long, bool)+0xd8
V  [libjvm.so+0x867f9f]  os::commit_memory(char*, unsigned long, unsigned long, bool)+0x1f
V  [libjvm.so+0x8e14eb]  PSVirtualSpace::expand_by(unsigned long)+0x5b
V  [libjvm.so+0x8e2140]  PSYoungGen::resize_generation(unsigned long, unsigned long)+0xb0
V  [libjvm.so+0x8e245b]  PSYoungGen::resize(unsigned long, unsigned long)+0x1b
V  [libjvm.so+0x8deb8e]  PSScavenge::invoke_no_policy()+0xdce
V  [libjvm.so+0x8d86b0]  PSParallelCompact::invoke(bool)+0x40
V  [libjvm.so+0x461173]  CollectedHeap::collect_as_vm_thread(GCCause::Cause)+0x143
V  [libjvm.so+0xa09f91]  VM_CollectForMetadataAllocation::doit()+0x141
V  [libjvm.so+0xa0ea17]  VM_Operation::evaluate()+0x47
V  [libjvm.so+0xa0d498]  VMThread::evaluate_operation(VM_Operation*)+0x218
V  [libjvm.so+0xa0d8d1]  VMThread::loop()+0x1f1
V  [libjvm.so+0xa0dd02]  VMThread::run()+0x72
V  [libjvm.so+0x86d652]  java_start(Thread*)+0xf2

VM_Operation (0x0000799c3165ad90): CollectForMetadataAllocation, mode: safepoint, requested by thread 0x0000799c440be000


---------------  P R O C E S S  ---------------

Java Threads: ( => current thread )
  0x0000799be00d4000 JavaThread "Build operations Thread 4" [_thread_blocked, id=9489, stack(0x0000799bc2263000,0x0000799bc2364000)]
  0x0000799be00d2800 JavaThread "Build operations Thread 3" [_thread_blocked, id=9488, stack(0x0000799bc2364000,0x0000799bc2465000)]
  0x0000799be00d0800 JavaThread "Build operations Thread 2" [_thread_blocked, id=9487, stack(0x0000799bc2465000,0x0000799bc2566000)]
  0x0000799be02cf000 JavaThread "Build operations" [_thread_blocked, id=9486, stack(0x0000799bc2566000,0x0000799bc2667000)]
  0x0000799be0804800 JavaThread "Cache worker for execution history cache (/home/pfredd/.gradle/caches/5.4.1/executionHistory)" [_thread_blocked, id=9469, stack(0x0000799bc2c67000,0x0000799bc2d68000)]
  0x0000799be07c6800 JavaThread "Cache worker for cache directory md-rule (/home/pfredd/.gradle/caches/5.4.1/md-rule)" [_thread_blocked, id=9468, stack(0x0000799bc2d68000,0x0000799bc2e69000)]
  0x0000799be065a800 JavaThread "Cache worker for cache directory md-supplier (/home/pfredd/.gradle/caches/5.4.1/md-supplier)" [_thread_blocked, id=9467, stack(0x0000799bc2e69000,0x0000799bc2f6a000)]
  0x0000799be0ae9000 JavaThread "Cache worker for file hash cache (/home/pfredd/AndroidStudioProjects/GPXMap/.gradle/5.4.1/fileHashes)" [_thread_blocked, id=9452, stack(0x0000799bc3eff000,0x0000799bc4000000)]
  0x0000799be015a000 JavaThread "Cache worker for journal cache (/home/pfredd/.gradle/caches/journal-1)" [_thread_blocked, id=9439, stack(0x0000799bf82f4000,0x0000799bf83f5000)]
  0x0000799be0157800 JavaThread "File lock request listener" [_thread_in_native, id=9438, stack(0x0000799bf83f5000,0x0000799bf84f6000)]
  0x0000799be0150000 JavaThread "Cache worker for file hash cache (/home/pfredd/.gradle/caches/5.4.1/fileHashes)" [_thread_blocked, id=9437, stack(0x0000799bf84f6000,0x0000799bf85f7000)]
  0x0000799be0016800 JavaThread "Thread-9" [_thread_blocked, id=9436, stack(0x0000799bf85f7000,0x0000799bf86f8000)]
  0x0000799be000e000 JavaThread "Stdin handler" [_thread_blocked, id=9435, stack(0x0000799bf88f8000,0x0000799bf89f9000)]
  0x0000799be000c800 JavaThread "Asynchronous log dispatcher for DefaultDaemonConnection: socket connection from /127.0.0.1:46651 to /127.0.0.1:47088" [_thread_blocked, id=9434, stack(0x0000799bf89f9000,0x0000799bf8afa000)]
  0x0000799be4008000 JavaThread "Daemon worker" [_thread_blocked, id=9431, stack(0x0000799bf8afa000,0x0000799bf8bfb000)]
  0x0000799be4006000 JavaThread "Cancel handler" [_thread_blocked, id=9430, stack(0x0000799bf8bfb000,0x0000799bf8cfc000)]
  0x0000799be4003800 JavaThread "Handler for socket connection from /127.0.0.1:46651 to /127.0.0.1:47088" [_thread_in_native, id=9429, stack(0x0000799bf8cfc000,0x0000799bf8dfd000)]
  0x0000799bec02b000 JavaThread "Daemon" [_thread_blocked, id=9428, stack(0x0000799bf8dfd000,0x0000799bf8efe000)]
  0x0000799c450c9800 JavaThread "Daemon periodic checks" [_thread_blocked, id=9427, stack(0x0000799bf8efe000,0x0000799bf8fff000)]
  0x0000799c450a5800 JavaThread "Incoming local TCP Connector on port 46651" [_thread_in_native, id=9426, stack(0x0000799c300d7000,0x0000799c301d8000)]
  0x0000799c45023800 JavaThread "Daemon health stats" [_thread_blocked, id=9425, stack(0x0000799c303dc000,0x0000799c304dd000)]
  0x0000799c440c9000 JavaThread "Service Thread" daemon [_thread_blocked, id=9419, stack(0x0000799c3145b000,0x0000799c3155c000)]
  0x0000799c440be000 JavaThread "C1 CompilerThread2" daemon [_thread_blocked, id=9418, stack(0x0000799c3155d000,0x0000799c3165d000)]
  0x0000799c440bc000 JavaThread "C2 CompilerThread1" daemon [_thread_blocked, id=9417, stack(0x0000799c3165e000,0x0000799c3175e000)]
  0x0000799c440b9000 JavaThread "C2 CompilerThread0" daemon [_thread_blocked, id=9416, stack(0x0000799c3175f000,0x0000799c3185f000)]
  0x0000799c440b7800 JavaThread "Signal Dispatcher" daemon [_thread_blocked, id=9415, stack(0x0000799c3185f000,0x0000799c31960000)]
  0x0000799c44084800 JavaThread "Finalizer" daemon [_thread_blocked, id=9414, stack(0x0000799c31afb000,0x0000799c31bfc000)]
  0x0000799c44082000 JavaThread "Reference Handler" daemon [_thread_blocked, id=9413, stack(0x0000799c31bfc000,0x0000799c31cfd000)]
  0x0000799c4400a800 JavaThread "main" [_thread_blocked, id=9407, stack(0x0000799c4cc49000,0x0000799c4cd49000)]

Other Threads:
=>0x0000799c44078000 VMThread [stack: 0x0000799c31cfe000,0x0000799c31dfe000] [id=9412]
  0x0000799c440cb800 WatcherThread [stack: 0x0000799c3135b000,0x0000799c3145b000] [id=9420]

VM state:at safepoint (normal execution)

VM Mutex/Monitor currently owned by a thread:  ([mutex/lock_event])
[0x0000799c44007070] Threads_lock - owner thread: 0x0000799c44078000
[0x0000799c44007570] Heap_lock - owner thread: 0x0000799c440be000
[0x0000799c44007af0] MethodData_lock - owner thread: 0x0000799c440be000

heap address: 0x00000000a0000000, size: 1536 MB, Compressed Oops mode: 32-bit
Narrow klass base: 0x0000000000000000, Narrow klass shift: 3
Compressed class space size: 1073741824 Address: 0x0000000100000000

Heap:
 PSYoungGen      total 183808K, used 10220K [0x00000000e0000000, 0x00000000ec500000, 0x0000000100000000)
  eden space 173568K, 0% used [0x00000000e0000000,0x00000000e0000000,0x00000000ea980000)
  from space 10240K, 99% used [0x00000000eb100000,0x00000000ebafb098,0x00000000ebb00000)
  to   space 8192K, 0% used [0x00000000ebd00000,0x00000000ebd00000,0x00000000ec500000)
 ParOldGen       total 27136K, used 11148K [0x00000000a0000000, 0x00000000a1a80000, 0x00000000e0000000)
  object space 27136K, 41% used [0x00000000a0000000,0x00000000a0ae33e0,0x00000000a1a80000)
 Metaspace       used 34469K, capacity 35416K, committed 35496K, reserved 1079296K
  class space    used 4758K, capacity 4994K, committed 5032K, reserved 1048576K

Card table byte_map: [0x0000799c4a249000,0x0000799c4a54a000] byte_map_base: 0x0000799c49d49000

Marking Bits: (ParMarkBitMap*) 0x0000799c4c35f920
 Begin Bits: [0x0000799c32000000, 0x0000799c33800000)
 End Bits:   [0x0000799c33800000, 0x0000799c35000000)

Polling page: 0x0000799c4cd70000

CodeCache: size=245760Kb used=10671Kb max_used=10671Kb free=235088Kb
 bounds [0x0000799c35000000, 0x0000799c35a80000, 0x0000799c44000000]
 total_blobs=3669 nmethods=2981 adapters=603
 compilation: enabled

Compilation events (10 events):
Event: 32.857 Thread 0x0000799c440be000 nmethod 3178 0x0000799c35a6fcd0 code [0x0000799c35a6fec0, 0x0000799c35a70828]
Event: 32.857 Thread 0x0000799c440be000 3179       3       com.google.common.cache.LocalCache$StrongEntry::setValueReference (6 bytes)
Event: 32.857 Thread 0x0000799c440be000 nmethod 3179 0x0000799c35a70b90 code [0x0000799c35a70ce0, 0x0000799c35a70e50]
Event: 32.857 Thread 0x0000799c440be000 3180       3       org.gradle.cache.internal.DefaultCacheAccess::access$400 (5 bytes)
Event: 32.857 Thread 0x0000799c440be000 nmethod 3180 0x0000799c35a70ed0 code [0x0000799c35a71040, 0x0000799c35a711a8]
Event: 32.857 Thread 0x0000799c440be000 3181   !   3       org.gradle.cache.internal.DefaultCacheAccess::getFileLock (97 bytes)
Event: 32.859 Thread 0x0000799c440be000 nmethod 3181 0x0000799c35a71290 code [0x0000799c35a71540, 0x0000799c35a72818]
Event: 32.862 Thread 0x0000799c440be000 3182       3       java.util.concurrent.TimeUnit$1::toMillis (6 bytes)
Event: 32.862 Thread 0x0000799c440be000 nmethod 3182 0x0000799c35a73490 code [0x0000799c35a73600, 0x0000799c35a73770]
Event: 32.862 Thread 0x0000799c440be000 3183   !   3       org.gradle.cache.internal.LockOnDemandCrossProcessCacheAccess::decrementLockCount (86 bytes)

GC Heap History (10 events):
Event: 14.695 GC heap after
Heap after GC invocations=5 (full 0):
 PSYoungGen      total 48640K, used 1520K [0x00000000e0000000, 0x00000000e6a00000, 0x0000000100000000)
  eden space 47104K, 0% used [0x00000000e0000000,0x00000000e0000000,0x00000000e2e00000)
  from space 1536K, 98% used [0x00000000e2e00000,0x00000000e2f7c020,0x00000000e2f80000)
  to   space 7168K, 0% used [0x00000000e6300000,0x00000000e6300000,0x00000000e6a00000)
 ParOldGen       total 30208K, used 11233K [0x00000000a0000000, 0x00000000a1d80000, 0x00000000e0000000)
  object space 30208K, 37% used [0x00000000a0000000,0x00000000a0af8460,0x00000000a1d80000)
 Metaspace       used 15055K, capacity 15502K, committed 15616K, reserved 1062912K
  class space    used 2133K, capacity 2295K, committed 2304K, reserved 1048576K
}
Event: 20.289 GC heap before
{Heap before GC invocations=6 (full 0):
 PSYoungGen      total 48640K, used 48624K [0x00000000e0000000, 0x00000000e6a00000, 0x0000000100000000)
  eden space 47104K, 100% used [0x00000000e0000000,0x00000000e2e00000,0x00000000e2e00000)
  from space 1536K, 98% used [0x00000000e2e00000,0x00000000e2f7c020,0x00000000e2f80000)
  to   space 7168K, 0% used [0x00000000e6300000,0x00000000e6300000,0x00000000e6a00000)
 ParOldGen       total 30208K, used 11233K [0x00000000a0000000, 0x00000000a1d80000, 0x00000000e0000000)
  object space 30208K, 37% used [0x00000000a0000000,0x00000000a0af8460,0x00000000a1d80000)
 Metaspace       used 19587K, capacity 20054K, committed 20224K, reserved 1067008K
  class space    used 2847K, capacity 3028K, committed 3072K, reserved 1048576K
Event: 20.398 GC heap after
Heap after GC invocations=6 (full 0):
 PSYoungGen      total 99840K, used 7138K [0x00000000e0000000, 0x00000000e6d00000, 0x0000000100000000)
  eden space 92672K, 0% used [0x00000000e0000000,0x00000000e0000000,0x00000000e5a80000)
  from space 7168K, 99% used [0x00000000e6300000,0x00000000e69f88b0,0x00000000e6a00000)
  to   space 8704K, 0% used [0x00000000e5a80000,0x00000000e5a80000,0x00000000e6300000)
 ParOldGen       total 30208K, used 11352K [0x00000000a0000000, 0x00000000a1d80000, 0x00000000e0000000)
  object space 30208K, 37% used [0x00000000a0000000,0x00000000a0b163d8,0x00000000a1d80000)
 Metaspace       used 19587K, capacity 20054K, committed 20224K, reserved 1067008K
  class space    used 2847K, capacity 3028K, committed 3072K, reserved 1048576K
}
Event: 20.925 GC heap before
{Heap before GC invocations=7 (full 0):
 PSYoungGen      total 99840K, used 17585K [0x00000000e0000000, 0x00000000e6d00000, 0x0000000100000000)
  eden space 92672K, 11% used [0x00000000e0000000,0x00000000e0a33c30,0x00000000e5a80000)
  from space 7168K, 99% used [0x00000000e6300000,0x00000000e69f88b0,0x00000000e6a00000)
  to   space 8704K, 0% used [0x00000000e5a80000,0x00000000e5a80000,0x00000000e6300000)
 ParOldGen       total 30208K, used 11352K [0x00000000a0000000, 0x00000000a1d80000, 0x00000000e0000000)
  object space 30208K, 37% used [0x00000000a0000000,0x00000000a0b163d8,0x00000000a1d80000)
 Metaspace       used 20728K, capacity 21174K, committed 21296K, reserved 1067008K
  class space    used 2961K, capacity 3124K, committed 3200K, reserved 1048576K
Event: 20.956 GC heap after
Heap after GC invocations=7 (full 0):
 PSYoungGen      total 101376K, used 4154K [0x00000000e0000000, 0x00000000ec500000, 0x0000000100000000)
  eden space 92672K, 0% used [0x00000000e0000000,0x00000000e0000000,0x00000000e5a80000)
  from space 8704K, 47% used [0x00000000e5a80000,0x00000000e5e8eaa0,0x00000000e6300000)
  to   space 8192K, 0% used [0x00000000ebd00000,0x00000000ebd00000,0x00000000ec500000)
 ParOldGen       total 30208K, used 11882K [0x00000000a0000000, 0x00000000a1d80000, 0x00000000e0000000)
  object space 30208K, 39% used [0x00000000a0000000,0x00000000a0b9a820,0x00000000a1d80000)
 Metaspace       used 20728K, capacity 21174K, committed 21296K, reserved 1067008K
  class space    used 2961K, capacity 3124K, committed 3200K, reserved 1048576K
}
Event: 20.956 GC heap before
{Heap before GC invocations=8 (full 1):
 PSYoungGen      total 101376K, used 4154K [0x00000000e0000000, 0x00000000ec500000, 0x0000000100000000)
  eden space 92672K, 0% used [0x00000000e0000000,0x00000000e0000000,0x00000000e5a80000)
  from space 8704K, 47% used [0x00000000e5a80000,0x00000000e5e8eaa0,0x00000000e6300000)
  to   space 8192K, 0% used [0x00000000ebd00000,0x00000000ebd00000,0x00000000ec500000)
 ParOldGen       total 30208K, used 11882K [0x00000000a0000000, 0x00000000a1d80000, 0x00000000e0000000)
  object space 30208K, 39% used [0x00000000a0000000,0x00000000a0b9a820,0x00000000a1d80000)
 Metaspace       used 20728K, capacity 21174K, committed 21296K, reserved 1067008K
  class space    used 2961K, capacity 3124K, committed 3200K, reserved 1048576K
Event: 21.053 GC heap after
Heap after GC invocations=8 (full 1):
 PSYoungGen      total 101376K, used 0K [0x00000000e0000000, 0x00000000ec500000, 0x0000000100000000)
  eden space 92672K, 0% used [0x00000000e0000000,0x00000000e0000000,0x00000000e5a80000)
  from space 8704K, 0% used [0x00000000e5a80000,0x00000000e5a80000,0x00000000e6300000)
  to   space 8192K, 0% used [0x00000000ebd00000,0x00000000ebd00000,0x00000000ec500000)
 ParOldGen       total 27136K, used 7841K [0x00000000a0000000, 0x00000000a1a80000, 0x00000000e0000000)
  object space 27136K, 28% used [0x00000000a0000000,0x00000000a07a8798,0x00000000a1a80000)
 Metaspace       used 20728K, capacity 21174K, committed 21296K, reserved 1067008K
  class space    used 2961K, capacity 3124K, committed 3200K, reserved 1048576K
}
Event: 27.104 GC heap before
{Heap before GC invocations=9 (full 1):
 PSYoungGen      total 101376K, used 92672K [0x00000000e0000000, 0x00000000ec500000, 0x0000000100000000)
  eden space 92672K, 100% used [0x00000000e0000000,0x00000000e5a80000,0x00000000e5a80000)
  from space 8704K, 0% used [0x00000000e5a80000,0x00000000e5a80000,0x00000000e6300000)
  to   space 8192K, 0% used [0x00000000ebd00000,0x00000000ebd00000,0x00000000ec500000)
 ParOldGen       total 27136K, used 7841K [0x00000000a0000000, 0x00000000a1a80000, 0x00000000e0000000)
  object space 27136K, 28% used [0x00000000a0000000,0x00000000a07a8798,0x00000000a1a80000)
 Metaspace       used 29905K, capacity 30458K, committed 30720K, reserved 1075200K
  class space    used 4160K, capacity 4334K, committed 4352K, reserved 1048576K
Event: 27.323 GC heap after
Heap after GC invocations=9 (full 1):
 PSYoungGen      total 181760K, used 8185K [0x00000000e0000000, 0x00000000ec500000, 0x0000000100000000)
  eden space 173568K, 0% used [0x00000000e0000000,0x00000000e0000000,0x00000000ea980000)
  from space 8192K, 99% used [0x00000000ebd00000,0x00000000ec4fe540,0x00000000ec500000)
  to   space 10240K, 0% used [0x00000000eb100000,0x00000000eb100000,0x00000000ebb00000)
 ParOldGen       total 27136K, used 9387K [0x00000000a0000000, 0x00000000a1a80000, 0x00000000e0000000)
  object space 27136K, 34% used [0x00000000a0000000,0x00000000a092ae10,0x00000000a1a80000)
 Metaspace       used 29905K, capacity 30458K, committed 30720K, reserved 1075200K
  class space    used 4160K, capacity 4334K, committed 4352K, reserved 1048576K
}
Event: 32.863 GC heap before
{Heap before GC invocations=10 (full 1):
 PSYoungGen      total 181760K, used 98287K [0x00000000e0000000, 0x00000000ec500000, 0x0000000100000000)
  eden space 173568K, 51% used [0x00000000e0000000,0x00000000e57fda00,0x00000000ea980000)
  from space 8192K, 99% used [0x00000000ebd00000,0x00000000ec4fe540,0x00000000ec500000)
  to   space 10240K, 0% used [0x00000000eb100000,0x00000000eb100000,0x00000000ebb00000)
 ParOldGen       total 27136K, used 9387K [0x00000000a0000000, 0x00000000a1a80000, 0x00000000e0000000)
  object space 27136K, 34% used [0x00000000a0000000,0x00000000a092ae10,0x00000000a1a80000)
 Metaspace       used 34469K, capacity 35416K, committed 35496K, reserved 1079296K
  class space    used 4758K, capacity 4994K, committed 5032K, reserved 1048576K

Deoptimization events (10 events):
Event: 29.430 Thread 0x0000799be4008000 Uncommon trap: reason=unstable_if action=reinterpret pc=0x0000799c35763c10 method=org.objectweb.asm.ByteVector.putShort(I)Lorg/objectweb/asm/ByteVector; @ 13
Event: 29.435 Thread 0x0000799be4008000 Uncommon trap: reason=unstable_if action=reinterpret pc=0x0000799c3578ec08 method=java.net.URLStreamHandler.sameFile(Ljava/net/URL;Ljava/net/URL;)Z @ 63
Event: 29.443 Thread 0x0000799be4008000 Uncommon trap: reason=unstable_if action=reinterpret pc=0x0000799c3579f014 method=java.net.URLStreamHandler.sameFile(Ljava/net/URL;Ljava/net/URL;)Z @ 63
Event: 30.293 Thread 0x0000799be4008000 Uncommon trap: reason=unstable_if action=reinterpret pc=0x0000799c35761f04 method=org.gradle.internal.reflect.PropertyAccessorType.isGetGetterName(Ljava/lang/String;)Z @ 14
Event: 31.164 Thread 0x0000799be4008000 Uncommon trap: reason=unstable_if action=reinterpret pc=0x0000799c35232dfc method=java.net.URI.match(CJJ)Z @ 45
Event: 31.164 Thread 0x0000799be4008000 Uncommon trap: reason=unstable_if action=reinterpret pc=0x0000799c3516e82c method=java.net.URI.match(CJJ)Z @ 19
Event: 31.165 Thread 0x0000799be4008000 Uncommon trap: reason=unstable_if action=reinterpret pc=0x0000799c3516ef2c method=java.net.URI.match(CJJ)Z @ 19
Event: 32.533 Thread 0x0000799be4008000 Uncommon trap: reason=unstable_if action=reinterpret pc=0x0000799c351921ec method=java.util.concurrent.ConcurrentHashMap.get(Ljava/lang/Object;)Ljava/lang/Object; @ 76
Event: 32.533 Thread 0x0000799be4008000 Uncommon trap: reason=class_check action=maybe_recompile pc=0x0000799c3543b950 method=java.util.concurrent.ConcurrentHashMap.putVal(Ljava/lang/Object;Ljava/lang/Object;Z)Ljava/lang/Object; @ 192
Event: 32.751 Thread 0x0000799be00d2800 Uncommon trap: reason=class_check action=maybe_recompile pc=0x0000799c3543b950 method=java.util.concurrent.ConcurrentHashMap.putVal(Ljava/lang/Object;Ljava/lang/Object;Z)Ljava/lang/Object; @ 192

Classes redefined (0 events):
No events

Internal exceptions (10 events):
Event: 30.781 Thread 0x0000799be4008000 Exception <a 'java/lang/ClassNotFoundException': org/gradle/api/internal/DefaultNamedDomainObjectCollectionBeanInfo> (0x00000000e366f268) thrown at [/usr/local/google/buildbot/src/googleplex-android/openjdk/out/hotspot/src/share/vm/classfile/systemDiction
Event: 30.787 Thread 0x0000799be4008000 Exception <a 'java/lang/ClassNotFoundException': org/gradle/api/internal/DefaultDomainObjectCollectionBeanInfo> (0x00000000e369e678) thrown at [/usr/local/google/buildbot/src/googleplex-android/openjdk/out/hotspot/src/share/vm/classfile/systemDictionary.c
Event: 30.815 Thread 0x0000799be4008000 Exception <a 'java/lang/ClassNotFoundException': java/util/AbstractCollectionBeanInfo> (0x00000000e36a2dd0) thrown at [/usr/local/google/buildbot/src/googleplex-android/openjdk/out/hotspot/src/share/vm/classfile/systemDictionary.cpp, line 210]
Event: 30.816 Thread 0x0000799be4008000 Exception <a 'java/lang/ClassNotFoundException': java/util/AbstractCollectionCustomizer> (0x00000000e36a7538) thrown at [/usr/local/google/buildbot/src/googleplex-android/openjdk/out/hotspot/src/share/vm/classfile/systemDictionary.cpp, line 210]
Event: 30.822 Thread 0x0000799be4008000 Exception <a 'java/lang/ClassNotFoundException': org/gradle/api/internal/DefaultDomainObjectCollectionCustomizer> (0x00000000e36e1c58) thrown at [/usr/local/google/buildbot/src/googleplex-android/openjdk/out/hotspot/src/share/vm/classfile/systemDictionary
Event: 30.843 Thread 0x0000799be4008000 Exception <a 'java/lang/ClassNotFoundException': org/gradle/api/internal/DefaultNamedDomainObjectCollectionCustomizer> (0x00000000e373a700) thrown at [/usr/local/google/buildbot/src/googleplex-android/openjdk/out/hotspot/src/share/vm/classfile/systemDicti
Event: 30.854 Thread 0x0000799be4008000 Exception <a 'java/lang/ClassNotFoundException': org/gradle/api/internal/DefaultNamedDomainObjectListCustomizer> (0x00000000e37a3068) thrown at [/usr/local/google/buildbot/src/googleplex-android/openjdk/out/hotspot/src/share/vm/classfile/systemDictionary.
Event: 30.859 Thread 0x0000799be4008000 Exception <a 'java/lang/ClassNotFoundException': org/gradle/api/internal/artifacts/DefaultArtifactRepositoryContainerCustomizer> (0x00000000e380fe40) thrown at [/usr/local/google/buildbot/src/googleplex-android/openjdk/out/hotspot/src/share/vm/classfile/s
Event: 30.863 Thread 0x0000799be4008000 Exception <a 'java/lang/ClassNotFoundException': org/gradle/api/internal/artifacts/dsl/DefaultRepositoryHandlerCustomizer> (0x00000000e386d4e8) thrown at [/usr/local/google/buildbot/src/googleplex-android/openjdk/out/hotspot/src/share/vm/classfile/systemD
Event: 30.868 Thread 0x0000799be4008000 Exception <a 'java/lang/ClassNotFoundException': org/gradle/api/internal/artifacts/dsl/DefaultRepositoryHandler_DecoratedCustomizer> (0x00000000e38e08a0) thrown at [/usr/local/google/buildbot/src/googleplex-android/openjdk/out/hotspot/src/share/vm/classfi

Events (10 events):
Event: 32.630 loading class org/gradle/api/internal/artifacts/DownloadArtifactBuildOperationType
Event: 32.630 loading class org/gradle/api/internal/artifacts/DownloadArtifactBuildOperationType done
Event: 32.631 loading class org/gradle/api/internal/artifacts/DownloadArtifactBuildOperationType$Result
Event: 32.631 loading class org/gradle/api/internal/artifacts/DownloadArtifactBuildOperationType$Result done
Event: 32.631 loading class org/gradle/api/internal/artifacts/DownloadArtifactBuildOperationType$1
Event: 32.631 loading class org/gradle/api/internal/artifacts/DownloadArtifactBuildOperationType$1 done
Event: 32.751 Thread 0x0000799be00d2800 Uncommon trap: trap_request=0xffffffde fr.pc=0x0000799c3543b950
Event: 32.751 Thread 0x0000799be00d2800 DEOPT PACKING pc=0x0000799c3543b950 sp=0x0000799bc2462b00
Event: 32.751 Thread 0x0000799be00d2800 DEOPT UNPACKING pc=0x0000799c3504547a sp=0x0000799bc2462a98 mode 2
Event: 32.862 Executing VM operation: CollectForMetadataAllocation


Dynamic libraries:
00400000-00401000 r-xp 00000000 00:28 56724                              /opt/android-studio/jre/bin/java
00401000-00402000 rw-p 00000000 00:28 56724                              /opt/android-studio/jre/bin/java
01eca000-01eeb000 rw-p 00000000 00:00 0                                  [heap]
a0000000-a1a80000 rw-p 00000000 00:00 0 
a1a80000-e0000000 ---p 00000000 00:00 0 
e0000000-ec500000 rw-p 00000000 00:00 0 
f1880000-100000000 ---p 00000000 00:00 0 
100000000-1004ea000 rw-p 00000000 00:00 0 
1004ea000-140000000 ---p 00000000 00:00 0 
799bac000000-799bac021000 rw-p 00000000 00:00 0 
799bac021000-799bb0000000 ---p 00000000 00:00 0 
799bb4000000-799bb4021000 rw-p 00000000 00:00 0 
799bb4021000-799bb8000000 ---p 00000000 00:00 0 
799bb8000000-799bb8021000 rw-p 00000000 00:00 0 
799bb8021000-799bbc000000 ---p 00000000 00:00 0 
799bbc000000-799bbc021000 rw-p 00000000 00:00 0 
799bbc021000-799bc0000000 ---p 00000000 00:00 0 
799bc2263000-799bc2266000 ---p 00000000 00:00 0 
799bc2266000-799bc2364000 rw-p 00000000 00:00 0 
799bc2364000-799bc2367000 ---p 00000000 00:00 0 
799bc2367000-799bc2465000 rw-p 00000000 00:00 0 
799bc2465000-799bc2468000 ---p 00000000 00:00 0 
799bc2468000-799bc2566000 rw-p 00000000 00:00 0 
799bc2566000-799bc2569000 ---p 00000000 00:00 0 
799bc2569000-799bc2827000 rw-p 00000000 00:00 0 
799bc2827000-799bc2867000 ---p 00000000 00:00 0 
799bc2867000-799bc2a67000 rw-p 00000000 00:00 0 
799bc2a67000-799bc2c67000 rw-p 00000000 00:00 0 
799bc2c67000-799bc2c6a000 ---p 00000000 00:00 0 
799bc2c6a000-799bc2d68000 rw-p 00000000 00:00 0 
799bc2d68000-799bc2d6b000 ---p 00000000 00:00 0 
799bc2d6b000-799bc2e69000 rw-p 00000000 00:00 0 
799bc2e69000-799bc2e6c000 ---p 00000000 00:00 0 
799bc2e6c000-799bc316a000 rw-p 00000000 00:00 0 
799bc316a000-799bc336a000 rw-p 00000000 00:00 0 
799bc336a000-799bc356a000 rw-p 00000000 00:00 0 
799bc356a000-799bc376a000 rw-p 00000000 00:00 0 
799bc376a000-799bc3932000 r--s 0330e000 00:28 2797                       /home/pfredd/.gradle/caches/jars-3/01497fe505d287d5625b30a7fe1ce224/android.jar
799bc3932000-799bc3ba4000 r--s 01914000 00:28 2801                       /home/pfredd/.gradle/caches/jars-3/0a28c8704832800a117c175dfe23a0f3/gradle-api-impldep-4.10.3.jar
799bc3ba4000-799bc3cff000 r--s 00bb0000 00:28 2823                       /home/pfredd/.gradle/caches/jars-3/8c0c682498be444601f9083c4f1918be/gradle-api-4.10.3.jar
799bc3cff000-799bc3eff000 rw-p 00000000 00:00 0 
799bc3eff000-799bc3f02000 ---p 00000000 00:00 0 
799bc3f02000-799bc4000000 rw-p 00000000 00:00 0 
799bc4000000-799bc4021000 rw-p 00000000 00:00 0 
799bc4021000-799bc8000000 ---p 00000000 00:00 0 
799bc8000000-799bc8021000 rw-p 00000000 00:00 0 
799bc8021000-799bcc000000 ---p 00000000 00:00 0 
799bcc000000-799bcc021000 rw-p 00000000 00:00 0 
799bcc021000-799bd0000000 ---p 00000000 00:00 0 
799bd0000000-799bd0021000 rw-p 00000000 00:00 0 
799bd0021000-799bd4000000 ---p 00000000 00:00 0 
799bd4000000-799bd42c1000 rw-p 00000000 00:00 0 
799bd42c1000-799bd8000000 ---p 00000000 00:00 0 
799bd8000000-799bd8021000 rw-p 00000000 00:00 0 
799bd8021000-799bdc000000 ---p 00000000 00:00 0 
799bdc000000-799bdc021000 rw-p 00000000 00:00 0 
799bdc021000-799be0000000 ---p 00000000 00:00 0 
799be0000000-799be11f7000 rw-p 00000000 00:00 0 
799be11f7000-799be4000000 ---p 00000000 00:00 0 
799be4000000-799be4021000 rw-p 00000000 00:00 0 
799be4021000-799be8000000 ---p 00000000 00:00 0 
799be8000000-799be8028000 rw-p 00000000 00:00 0 
799be8028000-799bec000000 ---p 00000000 00:00 0 
799bec000000-799bec067000 rw-p 00000000 00:00 0 
799bec067000-799bf0000000 ---p 00000000 00:00 0 
799bf0000000-799bf0021000 rw-p 00000000 00:00 0 
799bf0021000-799bf4000000 ---p 00000000 00:00 0 
799bf4000000-799bf4021000 rw-p 00000000 00:00 0 
799bf4021000-799bf8000000 ---p 00000000 00:00 0 
799bf80cc000-799bf80f4000 r--s 0210c000 00:28 2827                       /home/pfredd/.gradle/caches/jars-3/906e5463f7efb56f8d5b88428d9e2489/sdk-tools.jar
799bf80f4000-799bf82f4000 rw-p 00000000 00:00 0 
799bf82f4000-799bf82f7000 ---p 00000000 00:00 0 
799bf82f7000-799bf83f5000 rw-p 00000000 00:00 0 
799bf83f5000-799bf83f8000 ---p 00000000 00:00 0 
799bf83f8000-799bf84f6000 rw-p 00000000 00:00 0 
799bf84f6000-799bf84f9000 ---p 00000000 00:00 0 
799bf84f9000-799bf85f7000 rw-p 00000000 00:00 0 
799bf85f7000-799bf85fa000 ---p 00000000 00:00 0 
799bf85fa000-799bf88f8000 rw-p 00000000 00:00 0 
799bf88f8000-799bf88fb000 ---p 00000000 00:00 0 
799bf88fb000-799bf89f9000 rw-p 00000000 00:00 0 
799bf89f9000-799bf89fc000 ---p 00000000 00:00 0 
799bf89fc000-799bf8afa000 rw-p 00000000 00:00 0 
799bf8afa000-799bf8afd000 ---p 00000000 00:00 0 
799bf8afd000-799bf8bfb000 rw-p 00000000 00:00 0 
799bf8bfb000-799bf8bfe000 ---p 00000000 00:00 0 
799bf8bfe000-799bf8cfc000 rw-p 00000000 00:00 0 
799bf8cfc000-799bf8cff000 ---p 00000000 00:00 0 
799bf8cff000-799bf8dfd000 rw-p 00000000 00:00 0 
799bf8dfd000-799bf8e00000 ---p 00000000 00:00 0 
799bf8e00000-799bf8efe000 rw-p 00000000 00:00 0 
799bf8efe000-799bf8f01000 ---p 00000000 00:00 0 
799bf8f01000-799bfc000000 rw-p 00000000 00:00 0 
799bfc000000-799bfc021000 rw-p 00000000 00:00 0 
799bfc021000-799c00000000 ---p 00000000 00:00 0 
799c00000000-799c00021000 rw-p 00000000 00:00 0 
799c00021000-799c04000000 ---p 00000000 00:00 0 
799c04000000-799c05f7e000 rw-p 00000000 00:00 0 
799c05f7e000-799c08000000 ---p 00000000 00:00 0 
799c08000000-799c089b2000 rw-p 00000000 00:00 0 
799c089b2000-799c0c000000 ---p 00000000 00:00 0 
799c0c000000-799c0c021000 rw-p 00000000 00:00 0 
799c0c021000-799c10000000 ---p 00000000 00:00 0 
799c10000000-799c123c0000 rw-p 00000000 00:00 0 
799c123c0000-799c14000000 ---p 00000000 00:00 0 
799c14000000-799c14021000 rw-p 00000000 00:00 0 
799c14021000-799c18000000 ---p 00000000 00:00 0 
799c18000000-799c18021000 rw-p 00000000 00:00 0 
799c18021000-799c1c000000 ---p 00000000 00:00 0 
799c1c000000-799c1c021000 rw-p 00000000 00:00 0 
799c1c021000-799c20000000 ---p 00000000 00:00 0 
799c20000000-799c20384000 rw-p 00000000 00:00 0 
799c20384000-799c24000000 ---p 00000000 00:00 0 
799c24000000-799c24021000 rw-p 00000000 00:00 0 
799c24021000-799c28000000 ---p 00000000 00:00 0 
799c28000000-799c28021000 rw-p 00000000 00:00 0 
799c28021000-799c2c000000 ---p 00000000 00:00 0 
799c2c000000-799c2c036000 rw-p 00000000 00:00 0 
799c2c036000-799c30000000 ---p 00000000 00:00 0 
799c30000000-799c30004000 r--s 0007a000 00:28 2817                       /home/pfredd/.gradle/caches/jars-3/34379de2b3521aad1d594570846d75f1/gradle-tooling-extension-impl.jar
799c30004000-799c30007000 r--s 0001e000 00:28 2811                       /home/pfredd/.gradle/caches/jars-3/240cef9a0b47e3ec95edd1d258a4b8aa/kotlin-gradle-tooling.jar
799c30007000-799c30008000 r--s 00000000 00:28 2819                       /home/pfredd/.gradle/caches/jars-3/497c99dc43ce8fece95d0e589f2459bd/gradle-appengine-builder-model-0.1.0.jar
799c30008000-799c30009000 r--s 00005000 00:28 2833                       /home/pfredd/.gradle/caches/jars-3/db0750b74c08d2405a2c4dc57ed79ac2/kapt3-idea.jar
799c30009000-799c3000a000 r--s 00002000 00:28 2837                       /home/pfredd/.gradle/caches/jars-3/e88871ab6780c9cf9c9695616afca86e/kotlin-gradle-plugin-model-1.3.50.jar
799c3000a000-799c3000c000 r--s 00010000 00:28 2809                       /home/pfredd/.gradle/caches/jars-3/18b875defd7886ee3a99cf2cd6ee8986/gradle-tooling-extension-api.jar
799c3000c000-799c30020000 r--s 00130000 00:28 2825                       /home/pfredd/.gradle/caches/jars-3/8d8f8b6e3c56f28da647b3aa6237de29/kotlin-stdlib-1.3.50.jar
799c30020000-799c30052000 r--s 0026a000 00:28 2805                       /home/pfredd/.gradle/caches/jars-3/1292525a786f20744e75964100cf9267/guava-25.1-jre.jar
799c30052000-799c30056000 r--s 00089000 00:28 2821                       /home/pfredd/.gradle/caches/jars-3/83302694c2940c803d639c2667d3f52e/android-base-common.jar
799c30056000-799c300d0000 r--s 01102000 00:28 56924                      /opt/android-studio/jre/lib/tools.jar
799c300d0000-799c300d7000 r--s 00000000 00:28 62483                      /usr/lib/x86_64-linux-gnu/gconv/gconv-modules.cache
799c300d7000-799c300da000 ---p 00000000 00:00 0 
799c300da000-799c301d8000 rw-p 00000000 00:00 0 
799c301d8000-799c301dc000 r--s 000a1000 00:28 56883                      /opt/android-studio/jre/jre/lib/jsse.jar
799c301dc000-799c303dc000 rw-p 00000000 00:00 0 
799c303dc000-799c303df000 ---p 00000000 00:00 0 
799c303df000-799c304dd000 rw-p 00000000 00:00 0 
799c304dd000-799c304e5000 r-xp 00000000 00:28 56815                      /opt/android-studio/jre/jre/lib/amd64/libmanagement.so
799c304e5000-799c304e6000 rw-p 00007000 00:28 56815                      /opt/android-studio/jre/jre/lib/amd64/libmanagement.so
799c304e6000-799c304e8000 r--s 0000f000 00:28 9610                       /home/pfredd/.gradle/wrapper/dists/gradle-5.4.1-all/3221gyojl5jsh0helicew7rwx/gradle-5.4.1/lib/plugins/gradle-tooling-api-builders-5.4.1.jar
799c304e8000-799c304e9000 r--s 00005000 00:28 9569                       /home/pfredd/.gradle/wrapper/dists/gradle-5.4.1-all/3221gyojl5jsh0helicew7rwx/gradle-5.4.1/lib/plugins/gradle-build-profile-5.4.1.jar
799c304e9000-799c304eb000 r--s 00003000 00:28 9611                       /home/pfredd/.gradle/wrapper/dists/gradle-5.4.1-all/3221gyojl5jsh0helicew7rwx/gradle-5.4.1/lib/plugins/gradle-tooling-native-5.4.1.jar
799c304eb000-799c304ef000 r--s 00017000 00:28 9609                       /home/pfredd/.gradle/wrapper/dists/gradle-5.4.1-all/3221gyojl5jsh0helicew7rwx/gradle-5.4.1/lib/plugins/gradle-testing-native-5.4.1.jar
799c304ef000-799c304f1000 r--s 0000f000 00:28 9626                       /home/pfredd/.gradle/wrapper/dists/gradle-5.4.1-all/3221gyojl5jsh0helicew7rwx/gradle-5.4.1/lib/plugins/jcommander-1.72.jar
799c304f1000-799c304fa000 r--s 00089000 00:28 9660                       /home/pfredd/.gradle/wrapper/dists/gradle-5.4.1-all/3221gyojl5jsh0helicew7rwx/gradle-5.4.1/lib/plugins/testng-6.3.1.jar
799c304fa000-799c304ff000 r--s 0005a000 00:28 9556                       /home/pfredd/.gradle/wrapper/dists/gradle-5.4.1-all/3221gyojl5jsh0helicew7rwx/gradle-5.4.1/lib/plugins/bsh-2.0b6.jar
799c304ff000-799c30503000 r--s 0001c000 00:28 9608                       /home/pfredd/.gradle/wrapper/dists/gradle-5.4.1-all/3221gyojl5jsh0helicew7rwx/gradle-5.4.1/lib/plugins/gradle-testing-jvm-5.4.1.jar
799c30503000-799c30506000 r--s 00011000 00:28 9631                       /home/pfredd/.gradle/wrapper/dists/gradle-5.4.1-all/3221gyojl5jsh0helicew7rwx/gradle-5.4.1/lib/plugins/junit-platform-commons-1.3.1.jar
799c30506000-799c30507000 r--s 00001000 00:28 9646                       /home/pfredd/.gradle/wrapper/dists/gradle-5.4.1-all/3221gyojl5jsh0helicew7rwx/gradle-5.4.1/lib/plugins/opentest4j-1.1.1.jar
799c30507000-799c3050b000 r--s 0001d000 00:28 9632                       /home/pfredd/.gradle/wrapper/dists/gradle-5.4.1-all/3221gyojl5jsh0helicew7rwx/gradle-5.4.1/lib/plugins/junit-platform-engine-1.3.1.jar
799c3050b000-799c3050c000 r--s 00000000 00:28 9548                       /home/pfredd/.gradle/wrapper/dists/gradle-5.4.1-all/3221gyojl5jsh0helicew7rwx/gradle-5.4.1/lib/plugins/apiguardian-api-1.0.0.jar
799c3050c000-799c3050f000 r--s 00015000 00:28 9633                       /home/pfredd/.gradle/wrapper/dists/gradle-5.4.1-all/3221gyojl5jsh0helicew7rwx/gradle-5.4.1/lib/plugins/junit-platform-launcher-1.3.1.jar
799c3050f000-799c30511000 r--s 00009000 00:28 9615                       /home/pfredd/.gradle/wrapper/dists/gradle-5.4.1-all/3221gyojl5jsh0helicew7rwx/gradle-5.4.1/lib/plugins/hamcrest-core-1.3.jar
799c30511000-799c30519000 r--s 00045000 00:28 9630                       /home/pfredd/.gradle/wrapper/dists/gradle-5.4.1-all/3221gyojl5jsh0helicew7rwx/gradle-5.4.1/lib/plugins/junit-4.12.jar
799c30519000-799c3051a000 r--s 00003000 00:28 9607                       /home/pfredd/.gradle/wrapper/dists/gradle-5.4.1-all/3221gyojl5jsh0helicew7rwx/gradle-5.4.1/lib/plugins/gradle-testing-junit-platform-5.4.1.jar
799c3051a000-799c30522000 r--s 00034000 00:28 9606                       /home/pfredd/.gradle/wrapper/dists/gradle-5.4.1-all/3221gyojl5jsh0helicew7rwx/gradle-5.4.1/lib/plugins/gradle-testing-base-5.4.1.jar
799c30522000-799c3052a000 r--s 00048000 00:28 9553                       /home/pfredd/.gradle/wrapper/dists/gradle-5.4.1-all/3221gyojl5jsh0helicew7rwx/gradle-5.4.1/lib/plugins/bcpg-jdk15on-1.61.jar
799c3052a000-799c3052c000 r--s 0000f000 00:28 9604                       /home/pfredd/.gradle/wrapper/dists/gradle-5.4.1-all/3221gyojl5jsh0helicew7rwx/gradle-5.4.1/lib/plugins/gradle-signing-5.4.1.jar
799c3052c000-799c3052e000 r--s 00009000 00:28 9603                       /home/pfredd/.gradle/wrapper/dists/gradle-5.4.1-all/3221gyojl5jsh0helicew7rwx/gradle-5.4.1/lib/plugins/gradle-scala-5.4.1.jar
799c3052e000-799c3052f000 r--s 00004000 00:28 9602                       /home/pfredd/.gradle/wrapper/dists/gradle-5.4.1-all/3221gyojl5jsh0helicew7rwx/gradle-5.4.1/lib/plugins/gradle-resources-sftp-5.4.1.jar
799c3052f000-799c30538000 r--s 0005b000 00:28 9551                       /home/pfredd/.gradle/wrapper/dists/gradle-5.4.1-all/3221gyojl5jsh0helicew7rwx/gradle-5.4.1/lib/plugins/aws-java-sdk-kms-1.11.407.jar
799c30538000-799c3053a000 r--s 00005000 00:28 9627                       /home/pfredd/.gradle/wrapper/dists/gradle-5.4.1-all/3221gyojl5jsh0helicew7rwx/gradle-5.4.1/lib/plugins/jmespath-java-1.11.407.jar
799c3053a000-799c3054d000 r--s 000ca000 00:28 9552                       /home/pfredd/.gradle/wrapper/dists/gradle-5.4.1-all/3221gyojl5jsh0helicew7rwx/gradle-5.4.1/lib/plugins/aws-java-sdk-s3-1.11.407.jar
799c3054d000-799c30557000 r--s 00081000 00:28 9618                       /home/pfredd/.gradle/wrapper/dists/gradle-5.4.1-all/3221gyojl5jsh0helicew7rwx/gradle-5.4.1/lib/plugins/ion-java-1.0.2.jar
799c30557000-799c3056d000 r--s 000ca000 00:28 9550                       /home/pfredd/.gradle/wrapper/dists/gradle-5.4.1-all/3221gyojl5jsh0helicew7rwx/gradle-5.4.1/lib/plugins/aws-java-sdk-core-1.11.407.jar
799c3056d000-799c3056f000 r--s 00004000 00:28 9601                       /home/pfredd/.gradle/wrapper/dists/gradle-5.4.1-all/3221gyojl5jsh0helicew7rwx/gradle-5.4.1/lib/plugins/gradle-resources-s3-5.4.1.jar
799c3056f000-799c30580000 r--s 0008c000 00:28 9628                       /home/pfredd/.gradle/wrapper/dists/gradle-5.4.1-all/3221gyojl5jsh0helicew7rwx/gradle-5.4.1/lib/plugins/joda-time-2.10.jar
799c30580000-799c30592000 r--s 00137000 00:28 9622                       /home/pfredd/.gradle/wrapper/dists/gradle-5.4.1-all/3221gyojl5jsh0helicew7rwx/gradle-5.4.1/lib/plugins/jackson-databind-2.9.8.jar
799c30592000-799c30595000 r--s 0000e000 00:28 9620                       /home/pfredd/.gradle/wrapper/dists/gradle-5.4.1-all/3221gyojl5jsh0helicew7rwx/gradle-5.4.1/lib/plugins/jackson-annotations-2.9.8.jar
799c30595000-799c30599000 r--s 0004c000 00:28 9621                       /home/pfredd/.gradle/wrapper/dists/gradle-5.4.1-all/3221gyojl5jsh0helicew7rwx/gradle-5.4.1/lib/plugins/jackson-core-2.9.8.jar
799c30599000-799c3059a000 r--s 00001000 00:28 9562                       /home/pfredd/.gradle/wrapper/dists/gradle-5.4.1-all/3221gyojl5jsh0helicew7rwx/gradle-5.4.1/lib/plugins/google-http-client-jackson2-1.25.0.jar
799c3059a000-799c305a4000 r--s 00056000 00:28 9561                       /home/pfredd/.gradle/wrapper/dists/gradle-5.4.1-all/3221gyojl5jsh0helicew7rwx/gradle-5.4.1/lib/plugins/google-http-client-1.25.0.jar
799c305a4000-799c305a7000 r--s 0000d000 00:28 9563                       /home/pfredd/.gradle/wrapper/dists/gradle-5.4.1-all/3221gyojl5jsh0helicew7rwx/gradle-5.4.1/lib/plugins/google-oauth-client-1.25.0.jar
799c305a7000-799c305ac000 r--s 0002d000 00:28 9559                       /home/pfredd/.gradle/wrapper/dists/gradle-5.4.1-all/3221gyojl5jsh0helicew7rwx/gradle-5.4.1/lib/plugins/google-api-client-1.25.0.jar
799c305ac000-799c305b0000 r--s 0001d000 00:28 9560                       /home/pfredd/.gradle/wrapper/dists/gradle-5.4.1-all/3221gyojl5jsh0helicew7rwx/gradle-5.4.1/lib/plugins/google-api-services-storage-v1-rev136-1.25.0.jar
799c305b0000-799c305b2000 r--s 00003000 00:28 9599                       /home/pfredd/.gradle/wrapper/dists/gradle-5.4.1-all/3221gyojl5jsh0helicew7rwx/gradle-5.4.1/lib/plugins/gradle-resources-gcs-5.4.1.jar
799c305b2000-799c305b4000 r--s 00010000 00:28 9598                       /home/pfredd/.gradle/wrapper/dists/gradle-5.4.1-all/3221gyojl5jsh0helicew7rwx/gradle-5.4.1/lib/plugins/gradle-reporting-5.4.1.jar
799c305b4000-799c305b6000 r--s 00008000 00:28 9597                       /home/pfredd/.gradle/wrapper/dists/gradle-5.4.1-all/3221gyojl5jsh0helicew7rwx/gradle-5.4.1/lib/plugins/gradle-publish-5.4.1.jar
799c305b6000-799c305be000 r--s 00046000 00:28 9596                       /home/pfredd/.gradle/wrapper/dists/gradle-5.4.1-all/3221gyojl5jsh0helicew7rwx/gradle-5.4.1/lib/plugins/gradle-plugins-5.4.1.jar
799c305be000-799c305c0000 r--s 0000c000 00:28 9594                       /home/pfredd/.gradle/wrapper/dists/gradle-5.4.1-all/3221gyojl5jsh0helicew7rwx/gradle-5.4.1/lib/plugins/gradle-plugin-development-5.4.1.jar
799c305c0000-799c305c6000 r--s 00030000 00:28 9593                       /home/pfredd/.gradle/wrapper/dists/gradle-5.4.1-all/3221gyojl5jsh0helicew7rwx/gradle-5.4.1/lib/plugins/gradle-platform-play-5.4.1.jar
799c305c6000-799c305cc000 r--s 0003d000 00:28 9659                       /home/pfredd/.gradle/wrapper/dists/gradle-5.4.1-all/3221gyojl5jsh0helicew7rwx/gradle-5.4.1/lib/plugins/snakeyaml-1.17.jar
799c305cc000-799c305de000 r--s 00078000 00:28 9592                       /home/pfredd/.gradle/wrapper/dists/gradle-5.4.1-all/3221gyojl5jsh0helicew7rwx/gradle-5.4.1/lib/plugins/gradle-platform-native-5.4.1.jar
799c305de000-799c305e2000 r--s 0001b000 00:28 9591                       /home/pfredd/.gradle/wrapper/dists/gradle-5.4.1-all/3221gyojl5jsh0helicew7rwx/gradle-5.4.1/lib/plugins/gradle-platform-jvm-5.4.1.jar
799c305e2000-799c305e9000 r--s 0002a000 00:28 9590                       /home/pfredd/.gradle/wrapper/dists/gradle-5.4.1-all/3221gyojl5jsh0helicew7rwx/gradle-5.4.1/lib/plugins/gradle-platform-base-5.4.1.jar
799c305e9000-799c30616000 r--s 0025e000 00:28 9555                       /home/pfredd/.gradle/wrapper/dists/gradle-5.4.1-all/3221gyojl5jsh0helicew7rwx/gradle-5.4.1/lib/plugins/biz.aQute.bndlib-4.0.0.jar
799c30616000-799c30617000 r--s 00004000 00:28 9589                       /home/pfredd/.gradle/wrapper/dists/gradle-5.4.1-all/3221gyojl5jsh0helicew7rwx/gradle-5.4.1/lib/plugins/gradle-osgi-5.4.1.jar
799c30617000-799c3061a000 r--s 0000c000 00:28 9656                       /home/pfredd/.gradle/wrapper/dists/gradle-5.4.1-all/3221gyojl5jsh0helicew7rwx/gradle-5.4.1/lib/plugins/pmaven-groovy-0.8-20100325.jar
799c3061a000-799c3061b000 r--s 00004000 00:28 9655                       /home/pfredd/.gradle/wrapper/dists/gradle-5.4.1-all/3221gyojl5jsh0helicew7rwx/gradle-5.4.1/lib/plugins/pmaven-common-0.8-20100325.jar
799c3061b000-799c3061c000 r--s 00008000 00:28 9663                       /home/pfredd/.gradle/wrapper/dists/gradle-5.4.1-all/3221gyojl5jsh0helicew7rwx/gradle-5.4.1/lib/plugins/wagon-http-shared-3.0.0.jar
799c3061c000-799c3061d000 r--s 00002000 00:28 9662                       /home/pfredd/.gradle/wrapper/dists/gradle-5.4.1-all/3221gyojl5jsh0helicew7rwx/gradle-5.4.1/lib/plugins/wagon-http-3.0.0.jar
799c3061d000-799c3061e000 r--s 00002000 00:28 9661                       /home/pfredd/.gradle/wrapper/dists/gradle-5.4.1-all/3221gyojl5jsh0helicew7rwx/gradle-5.4.1/lib/plugins/wagon-file-3.0.0.jar
799c3061e000-799c30620000 r--s 00006000 00:28 9544                       /home/pfredd/.gradle/wrapper/dists/gradle-5.4.1-all/3221gyojl5jsh0helicew7rwx/gradle-5.4.1/lib/plugins/aether-connector-wagon-1.13.1.jar
799c30620000-799c30627000 r--s 00031000 00:28 9588                       /home/pfredd/.gradle/wrapper/dists/gradle-5.4.1-all/3221gyojl5jsh0helicew7rwx/gradle-5.4.1/lib/plugins/gradle-maven-5.4.1.jar
799c30627000-799c30629000 r--s 0000c000 00:28 9587                       /home/pfredd/.gradle/wrapper/dists/gradle-5.4.1-all/3221gyojl5jsh0helicew7rwx/gradle-5.4.1/lib/plugins/gradle-language-scala-5.4.1.jar
799c30629000-799c30634000 r--s 00054000 00:28 9586                       /home/pfredd/.gradle/wrapper/dists/gradle-5.4.1-all/3221gyojl5jsh0helicew7rwx/gradle-5.4.1/lib/plugins/gradle-language-native-5.4.1.jar
799c30634000-799c30636000 r--s 00005000 00:28 9585                       /home/pfredd/.gradle/wrapper/dists/gradle-5.4.1-all/3221gyojl5jsh0helicew7rwx/gradle-5.4.1/lib/plugins/gradle-language-jvm-5.4.1.jar
799c30636000-799c3063f000 r--s 00042000 00:28 9584                       /home/pfredd/.gradle/wrapper/dists/gradle-5.4.1-all/3221gyojl5jsh0helicew7rwx/gradle-5.4.1/lib/plugins/gradle-language-java-5.4.1.jar
799c3063f000-799c30641000 r--s 0000b000 00:28 9583                       /home/pfredd/.gradle/wrapper/dists/gradle-5.4.1-all/3221gyojl5jsh0helicew7rwx/gradle-5.4.1/lib/plugins/gradle-language-groovy-5.4.1.jar
799c30641000-799c30648000 r--s 00035000 00:28 9658                       /home/pfredd/.gradle/wrapper/dists/gradle-5.4.1-all/3221gyojl5jsh0helicew7rwx/gradle-5.4.1/lib/plugins/simple-4.1.21.jar
799c30648000-799c30655000 r--s 00125000 00:28 9657                       /home/pfredd/.gradle/wrapper/dists/gradle-5.4.1-all/3221gyojl5jsh0helicew7rwx/gradle-5.4.1/lib/plugins/rhino-1.7.10.jar
799c30655000-799c30659000 r--s 00012000 00:28 9580                       /home/pfredd/.gradle/wrapper/dists/gradle-5.4.1-all/3221gyojl5jsh0helicew7rwx/gradle-5.4.1/lib/plugins/gradle-javascript-5.4.1.jar
799c30659000-799c3065d000 r--s 00011000 00:28 9579                       /home/pfredd/.gradle/wrapper/dists/gradle-5.4.1-all/3221gyojl5jsh0helicew7rwx/gradle-5.4.1/lib/plugins/gradle-jacoco-5.4.1.jar
799c3065d000-799c30661000 r--s 00015000 00:28 9578                       /home/pfredd/.gradle/wrapper/dists/gradle-5.4.1-all/3221gyojl5jsh0helicew7rwx/gradle-5.4.1/lib/plugins/gradle-ivy-5.4.1.jar
799c30661000-799c30663000 r--s 00002000 00:28 9577                       /home/pfredd/.gradle/wrapper/dists/gradle-5.4.1-all/3221gyojl5jsh0helicew7rwx/gradle-5.4.1/lib/plugins/gradle-ide-play-5.4.1.jar
799c30663000-799c30665000 r--s 00011000 00:28 9558                       /home/pfredd/.gradle/wrapper/dists/gradle-5.4.1-all/3221gyojl5jsh0helicew7rwx/gradle-5.4.1/lib/plugins/dd-plist-1.21.jar
799c30665000-799c3066c000 r--s 00034000 00:28 9576                       /home/pfredd/.gradle/wrapper/dists/gradle-5.4.1-all/3221gyojl5jsh0helicew7rwx/gradle-5.4.1/lib/plugins/gradle-ide-native-5.4.1.jar
799c3066c000-799c30676000 r--s 0005f000 00:28 9575                       /home/pfredd/.gradle/wrapper/dists/gradle-5.4.1-all/3221gyojl5jsh0helicew7rwx/gradle-5.4.1/lib/plugins/gradle-ide-5.4.1.jar
799c30676000-799c30678000 r--s 00008000 00:28 9574                       /home/pfredd/.gradle/wrapper/dists/gradle-5.4.1-all/3221gyojl5jsh0helicew7rwx/gradle-5.4.1/lib/plugins/gradle-ear-5.4.1.jar
799c30678000-799c3067a000 r--s 00006000 00:28 9623                       /home/pfredd/.gradle/wrapper/dists/gradle-5.4.1-all/3221gyojl5jsh0helicew7rwx/gradle-5.4.1/lib/plugins/jatl-0.2.3.jar
799c3067a000-799c30680000 r--s 0003e000 00:28 9573                       /home/pfredd/.gradle/wrapper/dists/gradle-5.4.1-all/3221gyojl5jsh0helicew7rwx/gradle-5.4.1/lib/plugins/gradle-diagnostics-5.4.1.jar
799c30680000-799c30685000 r--s 00028000 00:28 9570                       /home/pfredd/.gradle/wrapper/dists/gradle-5.4.1-all/3221gyojl5jsh0helicew7rwx/gradle-5.4.1/lib/plugins/gradle-code-quality-5.4.1.jar
799c30685000-799c30687000 r--s 0000b000 00:28 9641                       /home/pfredd/.gradle/wrapper/dists/gradle-5.4.1-all/3221gyojl5jsh0helicew7rwx/gradle-5.4.1/lib/plugins/maven-plugin-api-3.0.4.jar
799c30687000-799c30689000 r--s 0000c000 00:28 9664                       /home/pfredd/.gradle/wrapper/dists/gradle-5.4.1-all/3221gyojl5jsh0helicew7rwx/gradle-5.4.1/lib/plugins/wagon-provider-api-3.0.0.jar
799c30689000-799c3068f000 r--s 0003f000 00:28 9637                       /home/pfredd/.gradle/wrapper/dists/gradle-5.4.1-all/3221gyojl5jsh0helicew7rwx/gradle-5.4.1/lib/plugins/maven-compat-3.0.4.jar
799c3068f000-799c30692000 r--s 0000a000 00:28 9649                       /home/pfredd/.gradle/wrapper/dists/gradle-5.4.1-all/3221gyojl5jsh0helicew7rwx/gradle-5.4.1/lib/plugins/plexus-classworlds-2.5.1.jar
799c30692000-799c30696000 r--s 00021000 00:28 9665                       /home/pfredd/.gradle/wrapper/dists/gradle-5.4.1-all/3221gyojl5jsh0helicew7rwx/gradle-5.4.1/lib/plugins/xbean-reflect-3.7.jar
799c30696000-799c3069d000 r--s 00032000 00:28 9651                       /home/pfredd/.gradle/wrapper/dists/gradle-5.4.1-all/3221gyojl5jsh0helicew7rwx/gradle-5.4.1/lib/plugins/plexus-container-default-1.7.1.jar
799c3069d000-799c306a3000 r--s 00031000 00:28 9568                       /home/pfredd/.gradle/wrapper/dists/gradle-5.4.1-all/3221gyojl5jsh0helicew7rwx/gradle-5.4.1/lib/plugins/gradle-build-init-5.4.1.jar
799c306a3000-799c306a9000 r--s 0002e000 00:28 9567                       /home/pfredd/.gradle/wrapper/dists/gradle-5.4.1-all/3221gyojl5jsh0helicew7rwx/gradle-5.4.1/lib/plugins/gradle-build-comparison-5.4.1.jar
799c306a9000-799c306ab000 r--s 00002000 00:28 9566                       /home/pfredd/.gradle/wrapper/dists/gradle-5.4.1-all/3221gyojl5jsh0helicew7rwx/gradle-5.4.1/lib/plugins/gradle-build-cache-http-5.4.1.jar
799c306ab000-799c306ad000 r--s 00009000 00:28 9565                       /home/pfredd/.gradle/wrapper/dists/gradle-5.4.1-all/3221gyojl5jsh0helicew7rwx/gradle-5.4.1/lib/plugins/gradle-antlr-5.4.1.jar
799c306ad000-799c306ae000 r--s 00005000 00:28 9564                       /home/pfredd/.gradle/wrapper/dists/gradle-5.4.1-all/3221gyojl5jsh0helicew7rwx/gradle-5.4.1/lib/plugins/gradle-announce-5.4.1.jar
799c306ae000-799c306b1000 r--s 00017000 00:28 9582                       /home/pfredd/.gradle/wrapper/dists/gradle-5.4.1-all/3221gyojl5jsh0helicew7rwx/gradle-5.4.1/lib/plugins/gradle-kotlin-dsl-tooling-builders-5.4.1.jar
799c306b1000-799c306b7000 r--s 00029000 00:28 9581                       /home/pfredd/.gradle/wrapper/dists/gradle-5.4.1-all/3221gyojl5jsh0helicew7rwx/gradle-5.4.1/lib/plugins/gradle-kotlin-dsl-provider-plugins-5.4.1.jar
799c306b7000-799c306b8000 r--s 00000000 00:28 9502                       /home/pfredd/.gradle/wrapper/dists/gradle-5.4.1-all/3221gyojl5jsh0helicew7rwx/gradle-5.4.1/lib/gradle-runtime-api-info-5.4.1.jar
799c306b8000-799c306bd000 r--s 00040000 00:28 9629                       /home/pfredd/.gradle/wrapper/dists/gradle-5.4.1-all/3221gyojl5jsh0helicew7rwx/gradle-5.4.1/lib/plugins/jsch-0.1.54.jar
799c306bd000-799c306bf000 r--s 00010000 00:28 9634                       /home/pfredd/.gradle/wrapper/dists/gradle-5.4.1-all/3221gyojl5jsh0helicew7rwx/gradle-5.4.1/lib/plugins/jzlib-1.1.3.jar
799c306bf000-799c306e4000 r--s 00265000 00:28 9647                       /home/pfredd/.gradle/wrapper/dists/gradle-5.4.1-all/3221gyojl5jsh0helicew7rwx/gradle-5.4.1/lib/plugins/org.eclipse.jgit-5.0.3.201809091024-r.jar
799c306e4000-799c306e7000 r--s 0000c000 00:28 9612                       /home/pfredd/.gradle/wrapper/dists/gradle-5.4.1-all/3221gyojl5jsh0helicew7rwx/gradle-5.4.1/lib/plugins/gradle-version-control-5.4.1.jar
799c306e7000-799c30700000 r--s 0013a000 00:28 9666                       /home/pfredd/.gradle/wrapper/dists/gradle-5.4.1-all/3221gyojl5jsh0helicew7rwx/gradle-5.4.1/lib/plugins/xercesImpl-2.12.0.jar
799c30700000-799c30702000 r--s 0001d000 00:28 9645                       /home/pfredd/.gradle/wrapper/dists/gradle-5.4.1-all/3221gyojl5jsh0helicew7rwx/gradle-5.4.1/lib/plugins/nekohtml-1.9.22.jar
799c30702000-799c30708000 r--s 0005b000 00:28 9625                       /home/pfredd/.gradle/wrapper/dists/gradle-5.4.1-all/3221gyojl5jsh0helicew7rwx/gradle-5.4.1/lib/plugins/jcifs-1.3.17.jar
799c30708000-799c3070f000 r--s 0004b000 00:28 9557                       /home/pfredd/.gradle/wrapper/dists/gradle-5.4.1-all/3221gyojl5jsh0helicew7rwx/gradle-5.4.1/lib/plugins/commons-codec-1.11.jar
799c3070f000-799c30716000 r--s 00049000 00:28 9617                       /home/pfredd/.gradle/wrapper/dists/gradle-5.4.1-all/3221gyojl5jsh0helicew7rwx/gradle-5.4.1/lib/plugins/httpcore-4.4.10.jar
799c30716000-799c30723000 r--s 000af000 00:28 9616                       /home/pfredd/.gradle/wrapper/dists/gradle-5.4.1-all/3221gyojl5jsh0helicew7rwx/gradle-5.4.1/lib/plugins/httpclient-4.5.6.jar
799c30723000-799c30726000 r--s 0000e000 00:28 9600                       /home/pfredd/.gradle/wrapper/dists/gradle-5.4.1-all/3221gyojl5jsh0helicew7rwx/gradle-5.4.1/lib/plugins/gradle-resources-http-5.4.1.jar
799c30726000-799c30729000 r--s 0000c000 00:28 9595                       /home/pfredd/.gradle/wrapper/dists/gradle-5.4.1-all/3221gyojl5jsh0helicew7rwx/gradle-5.4.1/lib/plugins/gradle-plugin-use-5.4.1.jar
799c30729000-799c3072c000 r--s 0000d000 00:28 9571                       /home/pfredd/.gradle/wrapper/dists/gradle-5.4.1-all/3221gyojl5jsh0helicew7rwx/gradle-5.4.1/lib/plugins/gradle-composite-builds-5.4.1.jar
799c3072c000-799c3072d000 r--s 00000000 00:28 9489                       /home/pfredd/.gradle/wrapper/dists/gradle-5.4.1-all/3221gyojl5jsh0helicew7rwx/gradle-5.4.1/lib/gradle-installation-beacon-5.4.1.jar
799c3072d000-799c3072f000 r--s 00006000 00:28 9642                       /home/pfredd/.gradle/wrapper/dists/gradle-5.4.1-all/3221gyojl5jsh0helicew7rwx/gradle-5.4.1/lib/plugins/maven-repository-metadata-3.0.4.jar
799c3072f000-799c30731000 r--s 0000c000 00:28 9635                       /home/pfredd/.gradle/wrapper/dists/gradle-5.4.1-all/3221gyojl5jsh0helicew7rwx/gradle-5.4.1/lib/plugins/maven-aether-provider-3.0.4.jar
799c30731000-799c30732000 r--s 00003000 00:28 9546                       /home/pfredd/.gradle/wrapper/dists/gradle-5.4.1-all/3221gyojl5jsh0helicew7rwx/gradle-5.4.1/lib/plugins/aether-spi-1.13.1.jar
799c30732000-799c30735000 r--s 0001d000 00:28 9545                       /home/pfredd/.gradle/wrapper/dists/gradle-5.4.1-all/3221gyojl5jsh0helicew7rwx/gradle-5.4.1/lib/plugins/aether-impl-1.13.1.jar
799c30735000-799c30739000 r--s 0001c000 00:28 9547                       /home/pfredd/.gradle/wrapper/dists/gradle-5.4.1-all/3221gyojl5jsh0helicew7rwx/gradle-5.4.1/lib/plugins/aether-util-1.13.1.jar
799c30739000-799c3073c000 r--s 00013000 00:28 9543                       /home/pfredd/.gradle/wrapper/dists/gradle-5.4.1-all/3221gyojl5jsh0helicew7rwx/gradle-5.4.1/lib/plugins/aether-api-1.13.1.jar
799c3073c000-799c3073e000 r--s 0000b000 00:28 9636                       /home/pfredd/.gradle/wrapper/dists/gradle-5.4.1-all/3221gyojl5jsh0helicew7rwx/gradle-5.4.1/lib/plugins/maven-artifact-3.0.4.jar
799c3073e000-799c30742000 r--s 00021000 00:28 9640                       /home/pfredd/.gradle/wrapper/dists/gradle-5.4.1-all/3221gyojl5jsh0helicew7rwx/gradle-5.4.1/lib/plugins/maven-model-builder-3.0.4.jar
799c30742000-799c30744000 r--s 00026000 00:28 9639                       /home/pfredd/.gradle/wrapper/dists/gradle-5.4.1-all/3221gyojl5jsh0helicew7rwx/gradle-5.4.1/lib/plugins/maven-model-3.0.4.jar
799c30744000-799c30746000 r--s 0000a000 00:28 9643                       /home/pfredd/.gradle/wrapper/dists/gradle-5.4.1-all/3221gyojl5jsh0helicew7rwx/gradle-5.4.1/lib/plugins/maven-settings-3.0.4.jar
799c30746000-799c30748000 r--s 00002000 00:28 9648                       /home/pfredd/.gradle/wrapper/dists/gradle-5.4.1-all/3221gyojl5jsh0helicew7rwx/gradle-5.4.1/lib/plugins/plexus-cipher-1.7.jar
799c30748000-799c3074a000 r--s 00000000 00:28 9650                       /home/pfredd/.gradle/wrapper/dists/gradle-5.4.1-all/3221gyojl5jsh0helicew7rwx/gradle-5.4.1/lib/plugins/plexus-component-annotations-1.5.5.jar
799c3074a000-799c3074c000 r--s 0000d000 00:28 9652                       /home/pfredd/.gradle/wrapper/dists/gradle-5.4.1-all/3221gyojl5jsh0helicew7rwx/gradle-5.4.1/lib/plugins/plexus-interpolation-1.14.jar
799c3074c000-799c30750000 r--s 0003c000 00:28 9654                       /home/pfredd/.gradle/wrapper/dists/gradle-5.4.1-all/3221gyojl5jsh0helicew7rwx/gradle-5.4.1/lib/plugins/plexus-utils-3.1.0.jar
799c30750000-799c3075c000 r--s 0007d000 00:28 9638                       /home/pfredd/.gradle/wrapper/dists/gradle-5.4.1-all/3221gyojl5jsh0helicew7rwx/gradle-5.4.1/lib/plugins/maven-core-3.0.4.jar
799c3075c000-799c30771000 r--s 00116000 00:28 9619                       /home/pfredd/.gradle/wrapper/dists/gradle-5.4.1-all/3221gyojl5jsh0helicew7rwx/gradle-5.4.1/lib/plugins/ivy-2.3.0.jar
799c30771000-799c307d0000 r--s 003f7000 00:28 9554                       /home/pfredd/.gradle/wrapper/dists/gradle-5.4.1-all/3221gyojl5jsh0helicew7rwx/gradle-5.4.1/lib/plugins/bcprov-jdk15on-1.61.jar
799c307d0000-799c30803000 r--s 001c3000 00:28 9572                       /home/pfredd/.gradle/wrapper/dists/gradle-5.4.1-all/3221gyojl5jsh0helicew7rwx/gradle-5.4.1/lib/plugins/gradle-dependency-management-5.4.1.jar
799c30803000-799c30819000 r-xp 00000000 00:28 55872                      /lib/x86_64-linux-gnu/libgcc_s.so.1
799c30819000-799c30a18000 ---p 00016000 00:28 55872                      /lib/x86_64-linux-gnu/libgcc_s.so.1
799c30a18000-799c30a19000 r--p 00015000 00:28 55872                      /lib/x86_64-linux-gnu/libgcc_s.so.1
799c30a19000-799c30a1a000 rw-p 00016000 00:28 55872                      /lib/x86_64-linux-gnu/libgcc_s.so.1
799c30a1a000-799c30b8c000 r-xp 00000000 00:28 63001                      /usr/lib/x86_64-linux-gnu/libstdc++.so.6.0.22
799c30b8c000-799c30d8c000 ---p 00172000 00:28 63001                      /usr/lib/x86_64-linux-gnu/libstdc++.so.6.0.22
799c30d8c000-799c30d96000 r--p 00172000 00:28 63001                      /usr/lib/x86_64-linux-gnu/libstdc++.so.6.0.22
799c30d96000-799c30d98000 rw-p 0017c000 00:28 63001                      /usr/lib/x86_64-linux-gnu/libstdc++.so.6.0.22
799c30d98000-799c30d9c000 rw-p 00000000 00:00 0 
799c30d9c000-799c30d9d000 r--s 00006000 00:28 9653                       /home/pfredd/.gradle/wrapper/dists/gradle-5.4.1-all/3221gyojl5jsh0helicew7rwx/gradle-5.4.1/lib/plugins/plexus-sec-dispatcher-1.3.jar
799c30d9d000-799c30da0000 r--s 00008000 00:28 9644                       /home/pfredd/.gradle/wrapper/dists/gradle-5.4.1-all/3221gyojl5jsh0helicew7rwx/gradle-5.4.1/lib/plugins/maven-settings-builder-3.0.4.jar
799c30da0000-799c30da5000 r--s 00036000 00:28 9614                       /home/pfredd/.gradle/wrapper/dists/gradle-5.4.1-all/3221gyojl5jsh0helicew7rwx/gradle-5.4.1/lib/plugins/gson-2.8.5.jar
799c30da5000-799c30da6000 r--s 00013000 00:28 9549                       /home/pfredd/.gradle/wrapper/dists/gradle-5.4.1-all/3221gyojl5jsh0helicew7rwx/gradle-5.4.1/lib/plugins/asm-util-7.0.jar
799c30da6000-799c30da9000 r--s 0000e000 00:28 9613                       /home/pfredd/.gradle/wrapper/dists/gradle-5.4.1-all/3221gyojl5jsh0helicew7rwx/gradle-5.4.1/lib/plugins/gradle-workers-5.4.1.jar
799c30da9000-799c30daf000 r-xp 00000000 00:28 6805                       /home/pfredd/.gradle/native/29/linux-amd64/libnative-platform.so
799c30daf000-799c30fae000 ---p 00006000 00:28 6805                       /home/pfredd/.gradle/native/29/linux-amd64/libnative-platform.so
799c30fae000-799c30faf000 rw-p 00005000 00:28 6805                       /home/pfredd/.gradle/native/29/linux-amd64/libnative-platform.so
799c30faf000-799c30fbf000 r-xp 00000000 00:28 56818                      /opt/android-studio/jre/jre/lib/amd64/libnio.so
799c30fbf000-799c30fc0000 rw-p 00010000 00:28 56818                      /opt/android-studio/jre/jre/lib/amd64/libnio.so
799c30fc0000-799c30fd6000 r-xp 00000000 00:28 56817                      /opt/android-studio/jre/jre/lib/amd64/libnet.so
799c30fd6000-799c30fd7000 rw-p 00016000 00:28 56817                      /opt/android-studio/jre/jre/lib/amd64/libnet.so
799c30fd7000-799c30fd9000 r--s 00006000 00:28 9505                       /home/pfredd/.gradle/wrapper/dists/gradle-5.4.1-all/3221gyojl5jsh0helicew7rwx/gradle-5.4.1/lib/gradle-wrapper-5.4.1.jar
799c30fd9000-799c30fe8000 r--s 0004c000 00:28 9504                       /home/pfredd/.gradle/wrapper/dists/gradle-5.4.1-all/3221gyojl5jsh0helicew7rwx/gradle-5.4.1/lib/gradle-tooling-api-5.4.1.jar
799c30fe8000-799c30ff3000 r--s 00081000 00:28 9668                       /home/pfredd/.gradle/wrapper/dists/gradle-5.4.1-all/3221gyojl5jsh0helicew7rwx/gradle-5.4.1/lib/trove4j-1.0.20181211.jar
799c30ff3000-799c30ff5000 r--s 00009000 00:28 9516                       /home/pfredd/.gradle/wrapper/dists/gradle-5.4.1-all/3221gyojl5jsh0helicew7rwx/gradle-5.4.1/lib/kotlin-script-runtime-1.3.21.jar
799c30ff5000-799c3102c000 r--s 00255000 00:28 9514                       /home/pfredd/.gradle/wrapper/dists/gradle-5.4.1-all/3221gyojl5jsh0helicew7rwx/gradle-5.4.1/lib/kotlin-reflect-1.3.21.jar
799c3102c000-799c3120b000 r--s 01b1b000 00:28 9513                       /home/pfredd/.gradle/wrapper/dists/gradle-5.4.1-all/3221gyojl5jsh0helicew7rwx/gradle-5.4.1/lib/kotlin-compiler-embeddable-1.3.21-patched-for-gradle-5.4.1.jar
799c3120b000-799c3120c000 r--s 00001000 00:28 9492                       /home/pfredd/.gradle/wrapper/dists/gradle-5.4.1-all/3221gyojl5jsh0helicew7rwx/gradle-5.4.1/lib/gradle-kotlin-dsl-tooling-models-5.4.1.jar
799c3120c000-799c3121a000 r--s 00236000 00:28 9521                       /home/pfredd/.gradle/wrapper/dists/gradle-5.4.1-all/3221gyojl5jsh0helicew7rwx/gradle-5.4.1/lib/kotlinx-metadata-jvm-0.0.5.jar
799c3121a000-799c3121b000 r--s 00002000 00:28 9515                       /home/pfredd/.gradle/wrapper/dists/gradle-5.4.1-all/3221gyojl5jsh0helicew7rwx/gradle-5.4.1/lib/kotlin-sam-with-receiver-compiler-plugin-1.3.21.jar
799c3121b000-799c3121c000 r--s 00000000 00:28 9519                       /home/pfredd/.gradle/wrapper/dists/gradle-5.4.1-all/3221gyojl5jsh0helicew7rwx/gradle-5.4.1/lib/kotlin-stdlib-jdk7-1.3.21.jar
799c3121c000-799c3121e000 r--s 00003000 00:28 9466                       /home/pfredd/.gradle/wrapper/dists/gradle-5.4.1-all/3221gyojl5jsh0helicew7rwx/gradle-5.4.1/lib/annotations-13.0.jar
799c3121e000-799c31225000 r--s 0001f000 00:28 9518                       /home/pfredd/.gradle/wrapper/dists/gradle-5.4.1-all/3221gyojl5jsh0helicew7rwx/gradle-5.4.1/lib/kotlin-stdlib-common-1.3.21.jar
799c31225000-799c31238000 r--s 0010f000 00:28 9517                       /home/pfredd/.gradle/wrapper/dists/gradle-5.4.1-all/3221gyojl5jsh0helicew7rwx/gradle-5.4.1/lib/kotlin-stdlib-1.3.21.jar
799c31238000-799c3123a000 r--s 00002000 00:28 9520                       /home/pfredd/.gradle/wrapper/dists/gradle-5.4.1-all/3221gyojl5jsh0helicew7rwx/gradle-5.4.1/lib/kotlin-stdlib-jdk8-1.3.21.jar
799c3123a000-799c31255000 r--s 0015d000 00:28 9491                       /home/pfredd/.gradle/wrapper/dists/gradle-5.4.1-all/3221gyojl5jsh0helicew7rwx/gradle-5.4.1/lib/gradle-kotlin-dsl-5.4.1.jar
799c31255000-799c31259000 r--s 00013000 00:28 9480                       /home/pfredd/.gradle/wrapper/dists/gradle-5.4.1-all/3221gyojl5jsh0helicew7rwx/gradle-5.4.1/lib/gradle-build-cache-5.4.1.jar
799c31259000-799c3125b000 r--s 00006000 00:28 9481                       /home/pfredd/.gradle/wrapper/dists/gradle-5.4.1-all/3221gyojl5jsh0helicew7rwx/gradle-5.4.1/lib/gradle-build-cache-packaging-5.4.1.jar
799c3125b000-799c31260000 r--s 0001f000 00:28 9487                       /home/pfredd/.gradle/wrapper/dists/gradle-5.4.1-all/3221gyojl5jsh0helicew7rwx/gradle-5.4.1/lib/gradle-execution-5.4.1.jar
799c31260000-799c31264000 r--s 0001a000 00:28 9488                       /home/pfredd/.gradle/wrapper/dists/gradle-5.4.1-all/3221gyojl5jsh0helicew7rwx/gradle-5.4.1/lib/gradle-files-5.4.1.jar
799c31264000-799c31269000 r--s 00026000 00:28 9503                       /home/pfredd/.gradle/wrapper/dists/gradle-5.4.1-all/3221gyojl5jsh0helicew7rwx/gradle-5.4.1/lib/gradle-snapshots-5.4.1.jar
799c31269000-799c3126e000 r--s 00015000 00:28 9501                       /home/pfredd/.gradle/wrapper/dists/gradle-5.4.1-all/3221gyojl5jsh0helicew7rwx/gradle-5.4.1/lib/gradle-resources-5.4.1.jar
799c3126e000-799c31275000 r--s 00036000 00:28 9499                       /home/pfredd/.gradle/wrapper/dists/gradle-5.4.1-all/3221gyojl5jsh0helicew7rwx/gradle-5.4.1/lib/gradle-persistent-cache-5.4.1.jar
799c31275000-799c31276000 r--s 00003000 00:28 9482                       /home/pfredd/.gradle/wrapper/dists/gradle-5.4.1-all/3221gyojl5jsh0helicew7rwx/gradle-5.4.1/lib/gradle-build-option-5.4.1.jar
799c31276000-799c31278000 r--s 00005000 00:28 9483                       /home/pfredd/.gradle/wrapper/dists/gradle-5.4.1-all/3221gyojl5jsh0helicew7rwx/gradle-5.4.1/lib/gradle-cli-5.4.1.jar
799c31278000-799c3127a000 r--s 00004000 00:28 9523                       /home/pfredd/.gradle/wrapper/dists/gradle-5.4.1-all/3221gyojl5jsh0helicew7rwx/gradle-5.4.1/lib/log4j-over-slf4j-1.7.25.jar
799c3127a000-799c3127c000 r--s 00000000 00:28 9512                       /home/pfredd/.gradle/wrapper/dists/gradle-5.4.1-all/3221gyojl5jsh0helicew7rwx/gradle-5.4.1/lib/jul-to-slf4j-1.7.25.jar
799c3127c000-799c3127e000 r--s 00003000 00:28 9510                       /home/pfredd/.gradle/wrapper/dists/gradle-5.4.1-all/3221gyojl5jsh0helicew7rwx/gradle-5.4.1/lib/jcl-over-slf4j-1.7.25.jar
799c3127e000-799c31286000 r--s 00038000 00:28 9494                       /home/pfredd/.gradle/wrapper/dists/gradle-5.4.1-all/3221gyojl5jsh0helicew7rwx/gradle-5.4.1/lib/gradle-logging-5.4.1.jar
799c31286000-799c3129b000 r--s 000c1000 00:28 9496                       /home/pfredd/.gradle/wrapper/dists/gradle-5.4.1-all/3221gyojl5jsh0helicew7rwx/gradle-5.4.1/lib/gradle-model-core-5.4.1.jar
799c3129b000-799c3129d000 r--s 00006000 00:28 9479                       /home/pfredd/.gradle/wrapper/dists/gradle-5.4.1-all/3221gyojl5jsh0helicew7rwx/gradle-5.4.1/lib/gradle-base-services-groovy-5.4.1.jar
799c3129d000-799c3129f000 r--s 00007000 00:28 9497                       /home/pfredd/.gradle/wrapper/dists/gradle-5.4.1-all/3221gyojl5jsh0helicew7rwx/gradle-5.4.1/lib/gradle-model-groovy-5.4.1.jar
799c3129f000-799c312a0000 r--s 00007000 00:28 9486                       /home/pfredd/.gradle/wrapper/dists/gradle-5.4.1-all/3221gyojl5jsh0helicew7rwx/gradle-5.4.1/lib/gradle-docs-5.4.1.jar
799c312a0000-799c312a9000 r--s 0002d000 00:28 9669                       /home/pfredd/.gradle/wrapper/dists/gradle-5.4.1-all/3221gyojl5jsh0helicew7rwx/gradle-5.4.1/lib/xml-apis-1.4.01.jar
799c312a9000-799c312aa000 r--s 00000000 00:28 9509                       /home/pfredd/.gradle/wrapper/dists/gradle-5.4.1-all/3221gyojl5jsh0helicew7rwx/gradle-5.4.1/lib/javax.inject-1.jar
799c312aa000-799c3132f000 r--s 007a7000 00:28 9506                       /home/pfredd/.gradle/wrapper/dists/gradle-5.4.1-all/3221gyojl5jsh0helicew7rwx/gradle-5.4.1/lib/groovy-all-1.0-2.5.4.jar
799c3132f000-799c3133a000 r--s 00086000 00:28 9473                       /home/pfredd/.gradle/wrapper/dists/gradle-5.4.1-all/3221gyojl5jsh0helicew7rwx/gradle-5.4.1/lib/commons-compress-1.18.jar
799c3133a000-799c3133c000 r--s 00007000 00:28 9470                       /home/pfredd/.gradle/wrapper/dists/gradle-5.4.1-all/3221gyojl5jsh0helicew7rwx/gradle-5.4.1/lib/asm-analysis-7.0.jar
799c3133c000-799c3133e000 r--s 0000b000 00:28 9472                       /home/pfredd/.gradle/wrapper/dists/gradle-5.4.1-all/3221gyojl5jsh0helicew7rwx/gradle-5.4.1/lib/asm-tree-7.0.jar
799c3133e000-799c31340000 r--s 00012000 00:28 9471                       /home/pfredd/.gradle/wrapper/dists/gradle-5.4.1-all/3221gyojl5jsh0helicew7rwx/gradle-5.4.1/lib/asm-commons-7.0.jar
799c31340000-799c31341000 r--s 00004000 00:28 9526                       /home/pfredd/.gradle/wrapper/dists/gradle-5.4.1-all/3221gyojl5jsh0helicew7rwx/gradle-5.4.1/lib/native-platform-freebsd-amd64-libcpp-0.17.jar
799c31341000-799c31342000 r--s 00004000 00:28 9527                       /home/pfredd/.gradle/wrapper/dists/gradle-5.4.1-all/3221gyojl5jsh0helicew7rwx/gradle-5.4.1/lib/native-platform-freebsd-amd64-libstdcpp-0.17.jar
799c31342000-799c31343000 r--s 00004000 00:28 9528                       /home/pfredd/.gradle/wrapper/dists/gradle-5.4.1-all/3221gyojl5jsh0helicew7rwx/gradle-5.4.1/lib/native-platform-freebsd-i386-libcpp-0.17.jar
799c31343000-799c31344000 r--s 00004000 00:28 9529                       /home/pfredd/.gradle/wrapper/dists/gradle-5.4.1-all/3221gyojl5jsh0helicew7rwx/gradle-5.4.1/lib/native-platform-freebsd-i386-libstdcpp-0.17.jar
799c31344000-799c31345000 r--s 00002000 00:28 9530                       /home/pfredd/.gradle/wrapper/dists/gradle-5.4.1-all/3221gyojl5jsh0helicew7rwx/gradle-5.4.1/lib/native-platform-linux-amd64-0.17.jar
799c31345000-799c31346000 r--s 00002000 00:28 9533                       /home/pfredd/.gradle/wrapper/dists/gradle-5.4.1-all/3221gyojl5jsh0helicew7rwx/gradle-5.4.1/lib/native-platform-linux-i386-0.17.jar
799c31346000-799c31347000 r--s 00003000 00:28 9536                       /home/pfredd/.gradle/wrapper/dists/gradle-5.4.1-all/3221gyojl5jsh0helicew7rwx/gradle-5.4.1/lib/native-platform-osx-amd64-0.17.jar
799c31347000-799c31348000 r--s 00010000 00:28 9537                       /home/pfredd/.gradle/wrapper/dists/gradle-5.4.1-all/3221gyojl5jsh0helicew7rwx/gradle-5.4.1/lib/native-platform-windows-amd64-0.17.jar
799c31348000-799c31349000 r--s 00010000 00:28 9538                       /home/pfredd/.gradle/wrapper/dists/gradle-5.4.1-all/3221gyojl5jsh0helicew7rwx/gradle-5.4.1/lib/native-platform-windows-amd64-min-0.17.jar
799c31349000-799c3134a000 r--s 0000e000 00:28 9539                       /home/pfredd/.gradle/wrapper/dists/gradle-5.4.1-all/3221gyojl5jsh0helicew7rwx/gradle-5.4.1/lib/native-platform-windows-i386-0.17.jar
799c3134a000-799c3134b000 r--s 0000e000 00:28 9540                       /home/pfredd/.gradle/wrapper/dists/gradle-5.4.1-all/3221gyojl5jsh0helicew7rwx/gradle-5.4.1/lib/native-platform-windows-i386-min-0.17.jar
799c3134b000-799c3134d000 r--s 00001000 00:28 9531                       /home/pfredd/.gradle/wrapper/dists/gradle-5.4.1-all/3221gyojl5jsh0helicew7rwx/gradle-5.4.1/lib/native-platform-linux-amd64-ncurses5-0.17.jar
799c3134d000-799c31352000 r--s 0001a000 00:28 9525                       /home/pfredd/.gradle/wrapper/dists/gradle-5.4.1-all/3221gyojl5jsh0helicew7rwx/gradle-5.4.1/lib/native-platform-0.17.jar
799c31352000-799c31356000 r--s 00042000 00:28 9508                       /home/pfredd/.gradle/wrapper/dists/gradle-5.4.1-all/3221gyojl5jsh0helicew7rwx/gradle-5.4.1/lib/jansi-1.17.1.jar
799c31356000-799c3135a000 r--s 0000c000 00:28 9498                       /home/pfredd/.gradle/wrapper/dists/gradle-5.4.1-all/3221gyojl5jsh0helicew7rwx/gradle-5.4.1/lib/gradle-native-5.4.1.jar
799c3135a000-799c3135b000 ---p 00000000 00:00 0 
799c3135b000-799c3145b000 rw-p 00000000 00:00 0 
799c3145b000-799c3145e000 ---p 00000000 00:00 0 
799c3145e000-799c3155c000 rw-p 00000000 00:00 0 
799c3155c000-799c31560000 ---p 00000000 00:00 0 
799c31560000-799c3165d000 rw-p 00000000 00:00 0 
799c3165d000-799c31661000 ---p 00000000 00:00 0 
799c31661000-799c3175e000 rw-p 00000000 00:00 0 
799c3175e000-799c31762000 ---p 00000000 00:00 0 
799c31762000-799c3185f000 rw-p 00000000 00:00 0 
799c3185f000-799c31862000 ---p 00000000 00:00 0 
799c31862000-799c31960000 rw-p 00000000 00:00 0 
799c31960000-799c31afb000 r--p 00000000 00:28 60439                      /usr/lib/locale/locale-archive
799c31afb000-799c31afe000 ---p 00000000 00:00 0 
799c31afe000-799c31bfc000 rw-p 00000000 00:00 0 
799c31bfc000-799c31bff000 ---p 00000000 00:00 0 
799c31bff000-799c31cfd000 rw-p 00000000 00:00 0 
799c31cfd000-799c31cfe000 ---p 00000000 00:00 0 
799c31cfe000-799c35000000 rw-p 00000000 00:00 0 
799c35000000-799c35a80000 rwxp 00000000 00:00 0 
799c35a80000-799c44000000 ---p 00000000 00:00 0 
799c44000000-799c450cb000 rw-p 00000000 00:00 0 
799c450cb000-799c48000000 ---p 00000000 00:00 0 
799c48000000-799c48001000 r--s 00001000 00:28 9532                       /home/pfredd/.gradle/wrapper/dists/gradle-5.4.1-all/3221gyojl5jsh0helicew7rwx/gradle-5.4.1/lib/native-platform-linux-amd64-ncurses6-0.17.jar
799c48001000-799c48002000 r--s 00001000 00:28 9534                       /home/pfredd/.gradle/wrapper/dists/gradle-5.4.1-all/3221gyojl5jsh0helicew7rwx/gradle-5.4.1/lib/native-platform-linux-i386-ncurses5-0.17.jar
799c48002000-799c48004000 r--s 0000c000 00:28 9541                       /home/pfredd/.gradle/wrapper/dists/gradle-5.4.1-all/3221gyojl5jsh0helicew7rwx/gradle-5.4.1/lib/objenesis-2.6.jar
799c48004000-799c48006000 r--s 00000000 00:28 9524                       /home/pfredd/.gradle/wrapper/dists/gradle-5.4.1-all/3221gyojl5jsh0helicew7rwx/gradle-5.4.1/lib/minlog-1.2.jar
799c48006000-799c4800c000 r--s 0004d000 00:28 9522                       /home/pfredd/.gradle/wrapper/dists/gradle-5.4.1-all/3221gyojl5jsh0helicew7rwx/gradle-5.4.1/lib/kryo-2.24.0.jar
799c4800c000-799c48013000 r--s 00030000 00:28 9495                       /home/pfredd/.gradle/wrapper/dists/gradle-5.4.1-all/3221gyojl5jsh0helicew7rwx/gradle-5.4.1/lib/gradle-messaging-5.4.1.jar
799c48013000-799c48015000 r--s 00006000 00:28 9500                       /home/pfredd/.gradle/wrapper/dists/gradle-5.4.1-all/3221gyojl5jsh0helicew7rwx/gradle-5.4.1/lib/gradle-process-services-5.4.1.jar
799c48015000-799c48017000 r--s 00000000 00:28 9490                       /home/pfredd/.gradle/wrapper/dists/gradle-5.4.1-all/3221gyojl5jsh0helicew7rwx/gradle-5.4.1/lib/gradle-jvm-services-5.4.1.jar
799c48017000-799c48019000 r--s 00003000 00:28 9511                       /home/pfredd/.gradle/wrapper/dists/gradle-5.4.1-all/3221gyojl5jsh0helicew7rwx/gradle-5.4.1/lib/jsr305-3.0.2.jar
799c48019000-799c48049000 r--s 0024b000 00:28 9507                       /home/pfredd/.gradle/wrapper/dists/gradle-5.4.1-all/3221gyojl5jsh0helicew7rwx/gradle-5.4.1/lib/guava-26.0-android.jar
799c48049000-799c4804c000 r--s 0001c000 00:28 9476                       /home/pfredd/.gradle/wrapper/dists/gradle-5.4.1-all/3221gyojl5jsh0helicew7rwx/gradle-5.4.1/lib/fastutil-8.2.1-min.jar
799c4804c000-799c4806b000 r--s 001da000 00:28 9467                       /home/pfredd/.gradle/wrapper/dists/gradle-5.4.1-all/3221gyojl5jsh0helicew7rwx/gradle-5.4.1/lib/ant-1.9.13.jar
799c4806b000-799c480a7000 r--s 00203000 00:28 9484                       /home/pfredd/.gradle/wrapper/dists/gradle-5.4.1-all/3221gyojl5jsh0helicew7rwx/gradle-5.4.1/lib/gradle-core-5.4.1.jar
799c480a7000-799c480b6000 r--s 00043000 00:28 9485                       /home/pfredd/.gradle/wrapper/dists/gradle-5.4.1-all/3221gyojl5jsh0helicew7rwx/gradle-5.4.1/lib/gradle-core-api-5.4.1.jar
799c480b6000-799c480c3000 r--s 00067000 00:28 9478                       /home/pfredd/.gradle/wrapper/dists/gradle-5.4.1-all/3221gyojl5jsh0helicew7rwx/gradle-5.4.1/lib/gradle-base-services-5.4.1.jar
799c480c3000-799c48ea2000 rw-p 00000000 00:00 0 
799c48ea2000-799c49074000 r--s 03cad000 00:28 56897                      /opt/android-studio/jre/jre/lib/rt.jar
799c49074000-799c49c45000 rw-p 00000000 00:00 0 
799c49c45000-799c49c46000 ---p 00000000 00:00 0 
799c49c46000-799c49d46000 rw-p 00000000 00:00 0 
799c49d46000-799c49d47000 ---p 00000000 00:00 0 
799c49d47000-799c49e47000 rw-p 00000000 00:00 0 
799c49e47000-799c49e48000 ---p 00000000 00:00 0 
799c49e48000-799c49f48000 rw-p 00000000 00:00 0 
799c49f48000-799c49f49000 ---p 00000000 00:00 0 
799c49f49000-799c4a057000 rw-p 00000000 00:00 0 
799c4a057000-799c4a249000 ---p 00000000 00:00 0 
799c4a249000-799c4a257000 rw-p 00000000 00:00 0 
799c4a257000-799c4a449000 ---p 00000000 00:00 0 
799c4a449000-799c4a4ac000 rw-p 00000000 00:00 0 
799c4a4ac000-799c4a549000 ---p 00000000 00:00 0 
799c4a549000-799c4a574000 rw-p 00000000 00:00 0 
799c4a574000-799c4a90a000 ---p 00000000 00:00 0 
799c4a90a000-799c4a914000 r-xp 00000000 00:28 55910                      /lib/x86_64-linux-gnu/libnss_files-2.24.so
799c4a914000-799c4ab14000 ---p 0000a000 00:28 55910                      /lib/x86_64-linux-gnu/libnss_files-2.24.so
799c4ab14000-799c4ab15000 r--p 0000a000 00:28 55910                      /lib/x86_64-linux-gnu/libnss_files-2.24.so
799c4ab15000-799c4ab16000 rw-p 0000b000 00:28 55910                      /lib/x86_64-linux-gnu/libnss_files-2.24.so
799c4ab16000-799c4ab1c000 rw-p 00000000 00:00 0 
799c4ab1c000-799c4ab27000 r-xp 00000000 00:28 55914                      /lib/x86_64-linux-gnu/libnss_nis-2.24.so
799c4ab27000-799c4ad26000 ---p 0000b000 00:28 55914                      /lib/x86_64-linux-gnu/libnss_nis-2.24.so
799c4ad26000-799c4ad27000 r--p 0000a000 00:28 55914                      /lib/x86_64-linux-gnu/libnss_nis-2.24.so
799c4ad27000-799c4ad28000 rw-p 0000b000 00:28 55914                      /lib/x86_64-linux-gnu/libnss_nis-2.24.so
799c4ad28000-799c4ad3c000 r-xp 00000000 00:28 55904                      /lib/x86_64-linux-gnu/libnsl-2.24.so
799c4ad3c000-799c4af3c000 ---p 00014000 00:28 55904                      /lib/x86_64-linux-gnu/libnsl-2.24.so
799c4af3c000-799c4af3d000 r--p 00014000 00:28 55904                      /lib/x86_64-linux-gnu/libnsl-2.24.so
799c4af3d000-799c4af3e000 rw-p 00015000 00:28 55904                      /lib/x86_64-linux-gnu/libnsl-2.24.so
799c4af3e000-799c4af40000 rw-p 00000000 00:00 0 
799c4af40000-799c4af47000 r-xp 00000000 00:28 55906                      /lib/x86_64-linux-gnu/libnss_compat-2.24.so
799c4af47000-799c4b146000 ---p 00007000 00:28 55906                      /lib/x86_64-linux-gnu/libnss_compat-2.24.so
799c4b146000-799c4b147000 r--p 00006000 00:28 55906                      /lib/x86_64-linux-gnu/libnss_compat-2.24.so
799c4b147000-799c4b148000 rw-p 00007000 00:28 55906                      /lib/x86_64-linux-gnu/libnss_compat-2.24.so
799c4b148000-799c4b14f000 r-xp 00000000 00:28 55937                      /lib/x86_64-linux-gnu/librt-2.24.so
799c4b14f000-799c4b34e000 ---p 00007000 00:28 55937                      /lib/x86_64-linux-gnu/librt-2.24.so
799c4b34e000-799c4b34f000 r--p 00006000 00:28 55937                      /lib/x86_64-linux-gnu/librt-2.24.so
799c4b34f000-799c4b350000 rw-p 00007000 00:28 55937                      /lib/x86_64-linux-gnu/librt-2.24.so
799c4b350000-799c4b453000 r-xp 00000000 00:28 55891                      /lib/x86_64-linux-gnu/libm-2.24.so
799c4b453000-799c4b652000 ---p 00103000 00:28 55891                      /lib/x86_64-linux-gnu/libm-2.24.so
799c4b652000-799c4b653000 r--p 00102000 00:28 55891                      /lib/x86_64-linux-gnu/libm-2.24.so
799c4b653000-799c4b654000 rw-p 00103000 00:28 55891                      /lib/x86_64-linux-gnu/libm-2.24.so
799c4b654000-799c4c27a000 r-xp 00000000 00:28 56830                      /opt/android-studio/jre/jre/lib/amd64/server/libjvm.so
799c4c27a000-799c4c34a000 rw-p 00c26000 00:28 56830                      /opt/android-studio/jre/jre/lib/amd64/server/libjvm.so
799c4c34a000-799c4c38e000 rw-p 00000000 00:00 0 
799c4c38e000-799c4c523000 r-xp 00000000 00:28 55841                      /lib/x86_64-linux-gnu/libc-2.24.so
799c4c523000-799c4c723000 ---p 00195000 00:28 55841                      /lib/x86_64-linux-gnu/libc-2.24.so
799c4c723000-799c4c727000 r--p 00195000 00:28 55841                      /lib/x86_64-linux-gnu/libc-2.24.so
799c4c727000-799c4c729000 rw-p 00199000 00:28 55841                      /lib/x86_64-linux-gnu/libc-2.24.so
799c4c729000-799c4c72d000 rw-p 00000000 00:00 0 
799c4c72d000-799c4c730000 r-xp 00000000 00:28 55858                      /lib/x86_64-linux-gnu/libdl-2.24.so
799c4c730000-799c4c92f000 ---p 00003000 00:28 55858                      /lib/x86_64-linux-gnu/libdl-2.24.so
799c4c92f000-799c4c930000 r--p 00002000 00:28 55858                      /lib/x86_64-linux-gnu/libdl-2.24.so
799c4c930000-799c4c931000 rw-p 00003000 00:28 55858                      /lib/x86_64-linux-gnu/libdl-2.24.so
799c4c931000-799c4c949000 r-xp 00000000 00:28 55931                      /lib/x86_64-linux-gnu/libpthread-2.24.so
799c4c949000-799c4cb48000 ---p 00018000 00:28 55931                      /lib/x86_64-linux-gnu/libpthread-2.24.so
799c4cb48000-799c4cb49000 r--p 00017000 00:28 55931                      /lib/x86_64-linux-gnu/libpthread-2.24.so
799c4cb49000-799c4cb4a000 rw-p 00018000 00:28 55931                      /lib/x86_64-linux-gnu/libpthread-2.24.so
799c4cb4a000-799c4cb4e000 rw-p 00000000 00:00 0 
799c4cb4e000-799c4cb71000 r-xp 00000000 00:28 55817                      /lib/x86_64-linux-gnu/ld-2.24.so
799c4cb71000-799c4cb72000 r--s 00001000 00:28 9535                       /home/pfredd/.gradle/wrapper/dists/gradle-5.4.1-all/3221gyojl5jsh0helicew7rwx/gradle-5.4.1/lib/native-platform-linux-i386-ncurses6-0.17.jar
799c4cb72000-799c4cb77000 r--s 00041000 00:28 9475                       /home/pfredd/.gradle/wrapper/dists/gradle-5.4.1-all/3221gyojl5jsh0helicew7rwx/gradle-5.4.1/lib/commons-lang-2.6.jar
799c4cb77000-799c4cb7b000 r--s 00031000 00:28 9474                       /home/pfredd/.gradle/wrapper/dists/gradle-5.4.1-all/3221gyojl5jsh0helicew7rwx/gradle-5.4.1/lib/commons-io-2.6.jar
799c4cb7b000-799c4cb7d000 r--s 0001a000 00:28 9469                       /home/pfredd/.gradle/wrapper/dists/gradle-5.4.1-all/3221gyojl5jsh0helicew7rwx/gradle-5.4.1/lib/asm-7.0.jar
799c4cb7d000-799c4cb8a000 r--s 0006d000 00:28 9493                       /home/pfredd/.gradle/wrapper/dists/gradle-5.4.1-all/3221gyojl5jsh0helicew7rwx/gradle-5.4.1/lib/gradle-launcher-5.4.1.jar
799c4cb8a000-799c4cbf1000 rw-p 00000000 00:00 0 
799c4cbf1000-799c4cc0c000 r-xp 00000000 00:28 56826                      /opt/android-studio/jre/jre/lib/amd64/libzip.so
799c4cc0c000-799c4cc0d000 rw-p 0001a000 00:28 56826                      /opt/android-studio/jre/jre/lib/amd64/libzip.so
799c4cc0d000-799c4cc37000 r-xp 00000000 00:28 56805                      /opt/android-studio/jre/jre/lib/amd64/libjava.so
799c4cc37000-799c4cc39000 rw-p 0002a000 00:28 56805                      /opt/android-studio/jre/jre/lib/amd64/libjava.so
799c4cc39000-799c4cc46000 r-xp 00000000 00:28 56825                      /opt/android-studio/jre/jre/lib/amd64/libverify.so
799c4cc46000-799c4cc48000 rw-p 0000c000 00:28 56825                      /opt/android-studio/jre/jre/lib/amd64/libverify.so
799c4cc48000-799c4cc4c000 ---p 00000000 00:00 0 
799c4cc4c000-799c4cd4b000 rw-p 00000000 00:00 0 
799c4cd4b000-799c4cd61000 r-xp 00000000 00:28 56915                      /opt/android-studio/jre/lib/amd64/jli/libjli.so
799c4cd61000-799c4cd62000 rw-p 00015000 00:28 56915                      /opt/android-studio/jre/lib/amd64/jli/libjli.so
799c4cd62000-799c4cd64000 rw-p 00000000 00:00 0 
799c4cd64000-799c4cd66000 r--s 00009000 00:28 9667                       /home/pfredd/.gradle/wrapper/dists/gradle-5.4.1-all/3221gyojl5jsh0helicew7rwx/gradle-5.4.1/lib/slf4j-api-1.7.25.jar
799c4cd66000-799c4cd67000 r--s 00004000 00:28 9468                       /home/pfredd/.gradle/wrapper/dists/gradle-5.4.1-all/3221gyojl5jsh0helicew7rwx/gradle-5.4.1/lib/ant-launcher-1.9.13.jar
799c4cd67000-799c4cd6f000 rw-s 00000000 00:28 339799                     /tmp/hsperfdata_pfredd/9403
799c4cd6f000-799c4cd70000 rw-p 00000000 00:00 0 
799c4cd70000-799c4cd71000 ---p 00000000 00:00 0 
799c4cd71000-799c4cd72000 r--p 00023000 00:28 55817                      /lib/x86_64-linux-gnu/ld-2.24.so
799c4cd72000-799c4cd73000 rw-p 00024000 00:28 55817                      /lib/x86_64-linux-gnu/ld-2.24.so
799c4cd73000-799c4cd74000 rw-p 00000000 00:00 0 
7fff929ba000-7fff929db000 rw-p 00000000 00:00 0                          [stack]
7fff929ed000-7fff929f0000 r--p 00000000 00:00 0                          [vvar]
7fff929f0000-7fff929f2000 r-xp 00000000 00:00 0                          [vdso]
ffffffffff600000-ffffffffff601000 r-xp 00000000 00:00 0                  [vsyscall]

VM Arguments:
jvm_args: -Xmx1536m -Dfile.encoding=UTF-8 -Duser.country=US -Duser.language=en -Duser.variant 
java_command: org.gradle.launcher.daemon.bootstrap.GradleDaemon 5.4.1
java_class_path (initial): /home/pfredd/.gradle/wrapper/dists/gradle-5.4.1-all/3221gyojl5jsh0helicew7rwx/gradle-5.4.1/lib/gradle-launcher-5.4.1.jar
Launcher Type: SUN_STANDARD

Environment Variables:
PATH=/usr/local/sbin:/usr/local/bin:/usr/local/games:/usr/sbin:/usr/bin:/usr/games:/sbin:/bin
SHELL=/bin/bash
DISPLAY=:0

Signal Handlers:
SIGSEGV: [libjvm.so+0xa09650], sa_mask[0]=11111111011111111101111111111110, sa_flags=SA_RESTART|SA_SIGINFO
SIGBUS: [libjvm.so+0xa09650], sa_mask[0]=11111111011111111101111111111110, sa_flags=SA_RESTART|SA_SIGINFO
SIGFPE: [libjvm.so+0x86bc60], sa_mask[0]=11111111011111111101111111111110, sa_flags=SA_RESTART|SA_SIGINFO
SIGPIPE: [libjvm.so+0x86bc60], sa_mask[0]=11111111011111111101111111111110, sa_flags=SA_RESTART|SA_SIGINFO
SIGXFSZ: [libjvm.so+0x86bc60], sa_mask[0]=11111111011111111101111111111110, sa_flags=SA_RESTART|SA_SIGINFO
SIGILL: [libjvm.so+0x86bc60], sa_mask[0]=11111111011111111101111111111110, sa_flags=SA_RESTART|SA_SIGINFO
SIGUSR1: SIG_DFL, sa_mask[0]=00000000000000000000000000000000, sa_flags=none
SIGUSR2: [libjvm.so+0x86bb30], sa_mask[0]=00100000000000000000000000000000, sa_flags=SA_RESTART|SA_SIGINFO
SIGHUP: [libjvm.so+0x86bd20], sa_mask[0]=11111111011111111101111111111110, sa_flags=SA_RESTART|SA_SIGINFO
SIGINT: [libjvm.so+0x86bd20], sa_mask[0]=11111111011111111101111111111110, sa_flags=SA_RESTART|SA_SIGINFO
SIGTERM: [libjvm.so+0x86bd20], sa_mask[0]=11111111011111111101111111111110, sa_flags=SA_RESTART|SA_SIGINFO
SIGQUIT: [libjvm.so+0x86bd20], sa_mask[0]=11111111011111111101111111111110, sa_flags=SA_RESTART|SA_SIGINFO


---------------  S Y S T E M  ---------------

OS:PRETTY_NAME="Debian GNU/Linux 9 (stretch)"
NAME="Debian GNU/Linux"
VERSION_ID="9"
VERSION="9 (stretch)"
VERSION_CODENAME=stretch
ID=debian
HOME_URL="https://www.debian.org/"
SUPPORT_URL="https://www.debian.org/support"
BUG_REPORT_URL="https://bugs.debian.org/"

uname:Linux 4.19.86-07780-g3c6544b539b7 #1 SMP PREEMPT Tue Dec 3 20:51:44 PST 2019 x86_64
libc:glibc 2.24 NPTL 2.24 
rlimit: STACK 8192k, CORE 0k, NPROC 11095, NOFILE 1048576, AS infinity
load average:4.84 4.55 4.15

/proc/meminfo:
MemTotal:        2845108 kB
MemFree:           61948 kB
MemAvailable:      33396 kB
Buffers:             180 kB
Cached:           105040 kB
SwapCached:            0 kB
Active:          2045616 kB
Inactive:          64816 kB
Active(anon):    2005752 kB
Inactive(anon):    22960 kB
Active(file):      39864 kB
Inactive(file):    41856 kB
Unevictable:           0 kB
Mlocked:               0 kB
SwapTotal:             0 kB
SwapFree:              0 kB
Dirty:               264 kB
Writeback:             0 kB
AnonPages:       2005644 kB
Mapped:            40396 kB
Shmem:             23152 kB
Slab:             102160 kB
SReclaimable:      18344 kB
SUnreclaim:        83816 kB
KernelStack:        4896 kB
PageTables:        10088 kB
NFS_Unstable:          0 kB
Bounce:                0 kB
WritebackTmp:          0 kB
CommitLimit:     1422552 kB
Committed_AS:    2918272 kB
VmallocTotal:   34359738367 kB
VmallocUsed:           0 kB
VmallocChunk:          0 kB
Percpu:              976 kB
AnonHugePages:         0 kB
ShmemHugePages:        0 kB
ShmemPmdMapped:        0 kB
HugePages_Total:       0
HugePages_Free:        0
HugePages_Rsvd:        0
HugePages_Surp:        0
Hugepagesize:       2048 kB
Hugetlb:               0 kB
DirectMap4k:      110592 kB
DirectMap2M:     3072000 kB
DirectMap1G:           0 kB

container (cgroup) information:
container_type: cgroupv1
cpu_cpuset_cpus: 0-3
cpu_memory_nodes: 0
active_processor_count: 4
cpu_quota: -1
cpu_period: 100000
cpu_shares: -1
memory_limit_in_bytes: -1
memory_and_swap_limit_in_bytes: -2
memory_soft_limit_in_bytes: -1
memory_usage_in_bytes: 2143883264
memory_max_usage_in_bytes: 2719842304


CPU:total 4 (initial active 4) (4 cores per cpu, 1 threads per core) family 6 model 122 stepping 1, cmov, cx8, fxsr, mmx, sse, sse2, sse3, ssse3, sse4.1, sse4.2, popcnt, aes, clmul, erms, 3dnowpref, tsc, tscinvbit

/proc/cpuinfo:
processor	: 0
vendor_id	: GenuineIntel
cpu family	: 6
model		: 122
model name	: 06/7a
stepping	: 1
microcode	: 0x1
cpu MHz		: 1094.400
cache size	: 4096 KB
physical id	: 0
siblings	: 4
core id		: 1
cpu cores	: 4
apicid		: 2
initial apicid	: 2
fpu		: yes
fpu_exception	: yes
cpuid level	: 13
wp		: yes
flags		: fpu vme de pse tsc msr pae mce cx8 apic sep mtrr pge mca cmov pat pse36 clflush mmx fxsr sse sse2 ss ht syscall nx pdpe1gb rdtscp lm constant_tsc arch_perfmon rep_good nopl xtopology nonstop_tsc cpuid tsc_known_freq pni pclmulqdq vmx ssse3 cx16 sse4_1 sse4_2 x2apic movbe popcnt aes xsave rdrand hypervisor lahf_lm 3dnowprefetch cpuid_fault pti ssbd ibrs ibpb stibp ibrs_enhanced tpr_shadow vnmi flexpriority ept vpid ept_ad fsgsbase tsc_adjust smep erms mpx rdseed smap clflushopt sha_ni xsaveopt xsavec xgetbv1 xsaves arat md_clear arch_capabilities
bugs		: cpu_meltdown spectre_v1 spectre_v2 spec_store_bypass
bogomips	: 2188.80
clflush size	: 64
cache_alignment	: 64
address sizes	: 39 bits physical, 48 bits virtual
power management:

processor	: 1
vendor_id	: GenuineIntel
cpu family	: 6
model		: 122
model name	: 06/7a
stepping	: 1
microcode	: 0x1
cpu MHz		: 1094.400
cache size	: 4096 KB
physical id	: 0
siblings	: 4
core id		: 1
cpu cores	: 4
apicid		: 2
initial apicid	: 2
fpu		: yes
fpu_exception	: yes
cpuid level	: 13
wp		: yes
flags		: fpu vme de pse tsc msr pae mce cx8 apic sep mtrr pge mca cmov pat pse36 clflush mmx fxsr sse sse2 ss ht syscall nx pdpe1gb rdtscp lm constant_tsc arch_perfmon rep_good nopl xtopology nonstop_tsc cpuid tsc_known_freq pni pclmulqdq vmx ssse3 cx16 sse4_1 sse4_2 x2apic movbe popcnt aes xsave rdrand hypervisor lahf_lm 3dnowprefetch cpuid_fault pti ssbd ibrs ibpb stibp ibrs_enhanced tpr_shadow vnmi flexpriority ept vpid ept_ad fsgsbase tsc_adjust smep erms mpx rdseed smap clflushopt sha_ni xsaveopt xsavec xgetbv1 xsaves arat md_clear arch_capabilities
bugs		: cpu_meltdown spectre_v1 spectre_v2 spec_store_bypass
bogomips	: 2188.80
clflush size	: 64
cache_alignment	: 64
address sizes	: 39 bits physical, 48 bits virtual
power management:

processor	: 2
vendor_id	: GenuineIntel
cpu family	: 6
model		: 122
model name	: 06/7a
stepping	: 1
microcode	: 0x1
cpu MHz		: 1094.400
cache size	: 4096 KB
physical id	: 0
siblings	: 4
core id		: 1
cpu cores	: 4
apicid		: 2
initial apicid	: 2
fpu		: yes
fpu_exception	: yes
cpuid level	: 13
wp		: yes
flags		: fpu vme de pse tsc msr pae mce cx8 apic sep mtrr pge mca cmov pat pse36 clflush mmx fxsr sse sse2 ss ht syscall nx pdpe1gb rdtscp lm constant_tsc arch_perfmon rep_good nopl xtopology nonstop_tsc cpuid tsc_known_freq pni pclmulqdq vmx ssse3 cx16 sse4_1 sse4_2 x2apic movbe popcnt aes xsave rdrand hypervisor lahf_lm 3dnowprefetch cpuid_fault pti ssbd ibrs ibpb stibp ibrs_enhanced tpr_shadow vnmi flexpriority ept vpid ept_ad fsgsbase tsc_adjust smep erms mpx rdseed smap clflushopt sha_ni xsaveopt xsavec xgetbv1 xsaves arat md_clear arch_capabilities
bugs		: cpu_meltdown spectre_v1 spectre_v2 spec_store_bypass
bogomips	: 2188.80
clflush size	: 64
cache_alignment	: 64
address sizes	: 39 bits physical, 48 bits virtual
power management:

processor	: 3
vendor_id	: GenuineIntel
cpu family	: 6
model		: 122
model name	: 06/7a
stepping	: 1
microcode	: 0x1
cpu MHz		: 1094.400
cache size	: 4096 KB
physical id	: 0
siblings	: 4
core id		: 1
cpu cores	: 4
apicid		: 2
initial apicid	: 2
fpu		: yes
fpu_exception	: yes
cpuid level	: 13
wp		: yes
flags		: fpu vme de pse tsc msr pae mce cx8 apic sep mtrr pge mca cmov pat pse36 clflush mmx fxsr sse sse2 ss ht syscall nx pdpe1gb rdtscp lm constant_tsc arch_perfmon rep_good nopl xtopology nonstop_tsc cpuid tsc_known_freq pni pclmulqdq vmx ssse3 cx16 sse4_1 sse4_2 x2apic movbe popcnt aes xsave rdrand hypervisor lahf_lm 3dnowprefetch cpuid_fault pti ssbd ibrs ibpb stibp ibrs_enhanced tpr_shadow vnmi flexpriority ept vpid ept_ad fsgsbase tsc_adjust smep erms mpx rdseed smap clflushopt sha_ni xsaveopt xsavec xgetbv1 xsaves arat md_clear arch_capabilities
bugs		: cpu_meltdown spectre_v1 spectre_v2 spec_store_bypass
bogomips	: 2188.80
clflush size	: 64
cache_alignment	: 64
address sizes	: 39 bits physical, 48 bits virtual
power management:



Memory: 4k page, physical 2845108k(59932k free), swap 0k(0k free)

vm_info: OpenJDK 64-Bit Server VM (25.202-b49-5587405) for linux-amd64 JRE (1.8.0_202-release-1483-b49-5587405), built by "android-build" with gcc 4.8

time: Sun Jan 12 10:00:16 2020
timezone: CST
elapsed time: 33 seconds (0d 0h 0m 33s)

